+ START_DATE=2008061100
+ export START_DATE
+ END_DATE=2008061200
+ export END_DATE
+ FIRST_FILTER_DATE=2008060200
+ export FIRST_FILTER_DATE
+ DOMAIN=01
+ export DOMAIN
+ NUM_MEMBERS=3
+ export NUM_MEMBERS
+ CYCLE_PERIOD=6
+ export CYCLE_PERIOD
+ FCST_PERIOD=6
+ export FCST_PERIOD
+ ASIM_PERIOD=3
+ export ASIM_PERIOD
+ HIST_PERIOD=6
+ export HIST_PERIOD
+ INPUTOUT_PERIOD=6
+ export INPUTOUT_PERIOD
+ LBC_FREQ=3
+ export LBC_FREQ
+ (( INTERVAL_SEC=3*60*60 ))
+ (( HISTORY_INTERVAL_MIN=6*60 ))
+ (( INPUTOUT_INTERVAL_MIN=6*60 ))
+ (( CYCLE_PERIOD_SEC=6*60*60 ))
+ RUN_CENTRALDIR_SETUP=true
+ export RUN_CENTRALDIR_SETUP
+ RUN_DATE_TIME_SETUP=true
+ export RUN_DATE_TIME_SETUP
+ RUN_CREATE_NAMELISTS=true
+ export RUN_CREATE_NAMELISTS
+ RUN_INITIAL=false
+ export RUN_INITIAL
+ RUN_CYCLING=true
+ export RUN_CYCLING
+ RUN_FILTER=true
+ export RUN_FILTER
+ RUN_WRFCHEM=true
+ export RUN_WRFCHEM
+ RUN_ARCHIVE=true
+ export RUN_ARCHIVE
+ RUN_WARM=true
+ export RUN_WARM
+ WARM_FILTER=false
+ export WARM_FILTER
+ WARM_WRFCHEM=true
+ export WARM_WRFCHEM
+ WARM_ARCHIVE=false
+ export WARM_ARCHIVE
+ [[ true == true ]]
+ [[ ! true == true ]]
+ [[ true == true ]]
+ [[ ! true == true ]]
+ [[ false == true ]]
+ [[ ! true == true ]]
+ USE_HSI=false
+ export USE_HSI
+ USE_WRFDA=false
+ export USE_WRFDA
+ DART_VER=DART_DEVEL
+ export DART_VER
+ WRFCHEM_VER=WRFCHEMv3.4_dmpar
+ export WRFCHEM_VER
+ WRF_VER=WRFv3.4_dmpar
+ export WRF_VER
+ WRFDA_VER=WRFDAv3.4_dmpar
+ export WRFDA_VER
+ PROJ_NUMBER=P19010000
+ export PROJ_NUMBER
+ TIME_LIMIT_FILTER=1:30
+ export TIME_LIMIT_FILTER
+ TIME_LIMIT_WRFCHEM=1:30
+ export TIME_LIMIT_WRFCHEM
+ NUM_TASKS=32
+ export NUM_TASKS
+ TASKS_PER_NODE=16
+ export TASKS_PER_NODE
+ JOB_CLASS=regular
+ export JOB_CLASS
+ TRUNK_DIR=/glade/p/work/mizzi/TRUNK
+ export TRUNK_DIR
+ DATA_DIR=/glade/scratch/mizzi/AVE_TEST_DATA
+ export DATA_DIR
+ HSI_DATA_DIR=/MIZZI/AVE_TEST_DATA
+ export HSI_DATA_DIR
+ RUN_DIR=/glade/scratch/mizzi/DART_CHEM
+ export RUN_DIR
+ HSI_SAVE_DIR=/MIZZI/DART_TEST_AVE
+ export HSI_SAVE_DIR
+ hsi 'mkdir -p /MIZZI/DART_TEST_AVE'
Username: mizzi  UID: 6221  Acct: 64000510(P64000510) Copies: 1 Firewall: off [hsi.4.0.1.2 Mon Oct 22 17:01:44 MDT 2012] 
+ CENTRALDIR=/glade/scratch/mizzi/DART_CHEM/DART_CENTRALDIR
+ export CENTRALDIR
+ WRF_RUN_DIR=/glade/scratch/mizzi/DART_CHEM/DART_CENTRALDIR/WRF_RUN
+ export WRF_RUN_DIR
+ WRFCHEM_RUN_DIR=/glade/scratch/mizzi/DART_CHEM/DART_CENTRALDIR/WRFCHEM_RUN
+ export WRFCHEM_RUN_DIR
+ WRFBDY_DIR=/glade/scratch/mizzi/DART_CHEM/DART_CENTRALDIR/WRF
+ export WRFBDY_DIR
+ DART_DIR=/glade/p/work/mizzi/TRUNK/DART_DEVEL
+ export DART_DIR
+ WRF_DIR=/glade/p/work/mizzi/TRUNK/WRFv3.4_dmpar
+ export WRF_DIR
+ WRFCHEM_DIR=/glade/p/work/mizzi/TRUNK/WRFCHEMv3.4_dmpar
+ export WRFCHEM_DIR
+ WRFDA_DIR=/glade/p/work/mizzi/TRUNK/WRFDAv3.4_dmpar/var
+ export WRFDA_DIR
+ echo BEGIN RUN_CENTRALDIR_SETUP CODE BLOCK
BEGIN RUN_CENTRALDIR_SETUP CODE BLOCK
+ true
+ [[ -d /glade/scratch/mizzi/DART_CHEM/DART_CENTRALDIR ]]
+ cd /glade/scratch/mizzi/DART_CHEM/DART_CENTRALDIR
+ [[ -d /glade/scratch/mizzi/DART_CHEM/DART_CENTRALDIR/WRF_RUN ]]
+ echo /glade/scratch/mizzi/DART_CHEM/DART_CENTRALDIR/WRF_RUN exists/
/glade/scratch/mizzi/DART_CHEM/DART_CENTRALDIR/WRF_RUN exists/
+ [[ -d /glade/scratch/mizzi/DART_CHEM/DART_CENTRALDIR/WRFCHEM_RUN ]]
+ echo /glade/scratch/mizzi/DART_CHEM/DART_CENTRALDIR/WRFCHEM_RUN exists/
/glade/scratch/mizzi/DART_CHEM/DART_CENTRALDIR/WRFCHEM_RUN exists/
+ [[ -d /glade/scratch/mizzi/DART_CHEM/DART_CENTRALDIR/WRF ]]
+ echo /glade/scratch/mizzi/DART_CHEM/DART_CENTRALDIR/WRF exists/
/glade/scratch/mizzi/DART_CHEM/DART_CENTRALDIR/WRF exists/
+ cp /glade/p/work/mizzi/TRUNK/DART_DEVEL/models/wrf_chem/shell_scripts/advance_model.ksh /glade/scratch/mizzi/DART_CHEM/DART_CENTRALDIR/.
+ cp /glade/p/work/mizzi/TRUNK/DART_DEVEL/models/wrf_chem/shell_scripts/da_run_hold.ksh /glade/scratch/mizzi/DART_CHEM/DART_CENTRALDIR/.
+ cp /glade/p/work/mizzi/TRUNK/DART_DEVEL/models/wrf/work/input.nml /glade/scratch/mizzi/DART_CHEM/DART_CENTRALDIR/input.nml
+ cp /glade/p/work/mizzi/TRUNK/DART_DEVEL/models/wrf/work/advance_time /glade/scratch/mizzi/DART_CHEM/DART_CENTRALDIR/.
+ cp /glade/p/work/mizzi/TRUNK/DART_DEVEL/models/wrf/work/pert_wrf_bc /glade/scratch/mizzi/DART_CHEM/DART_CENTRALDIR/.
+ cp /glade/p/work/mizzi/TRUNK/DART_DEVEL/models/wrf/work/update_wrf_bc /glade/scratch/mizzi/DART_CHEM/DART_CENTRALDIR/.
+ cp /glade/p/work/mizzi/TRUNK/DART_DEVEL/models/wrf/work/dart_to_wrf /glade/scratch/mizzi/DART_CHEM/DART_CENTRALDIR/.
+ cp /glade/p/work/mizzi/TRUNK/DART_DEVEL/models/wrf/work/wrf_to_dart /glade/scratch/mizzi/DART_CHEM/DART_CENTRALDIR/.
+ cp /glade/p/work/mizzi/TRUNK/DART_DEVEL/models/wrf/work/filter /glade/scratch/mizzi/DART_CHEM/DART_CENTRALDIR/.
+ cp /glade/p/work/mizzi/TRUNK/DART_DEVEL/models/wrf/work/restart_file_tool /glade/scratch/mizzi/DART_CHEM/DART_CENTRALDIR/.
+ cp /glade/p/work/mizzi/TRUNK/WRFCHEMv3.4_dmpar/test/em_real/wrf.exe /glade/scratch/mizzi/DART_CHEM/DART_CENTRALDIR/.
+ cp /glade/p/work/mizzi/TRUNK/WRFCHEMv3.4_dmpar/test/em_real/wrf.exe /glade/scratch/mizzi/DART_CHEM/DART_CENTRALDIR/WRF_RUN/.
+ cp /glade/p/work/mizzi/TRUNK/WRFCHEMv3.4_dmpar/test/em_real/CAM_ABS_DATA /glade/scratch/mizzi/DART_CHEM/DART_CENTRALDIR/WRF_RUN/.
+ cp /glade/p/work/mizzi/TRUNK/WRFCHEMv3.4_dmpar/test/em_real/CAM_AEROPT_DATA /glade/scratch/mizzi/DART_CHEM/DART_CENTRALDIR/WRF_RUN/.
+ cp /glade/p/work/mizzi/TRUNK/WRFCHEMv3.4_dmpar/test/em_real/ETAMPNEW_DATA /glade/scratch/mizzi/DART_CHEM/DART_CENTRALDIR/WRF_RUN/.
+ cp /glade/p/work/mizzi/TRUNK/WRFCHEMv3.4_dmpar/test/em_real/GENPARM.TBL /glade/scratch/mizzi/DART_CHEM/DART_CENTRALDIR/WRF_RUN/.
+ cp /glade/p/work/mizzi/TRUNK/WRFCHEMv3.4_dmpar/test/em_real/LANDUSE.TBL /glade/scratch/mizzi/DART_CHEM/DART_CENTRALDIR/WRF_RUN/.
+ cp /glade/p/work/mizzi/TRUNK/WRFCHEMv3.4_dmpar/test/em_real/RRTMG_LW_DATA /glade/scratch/mizzi/DART_CHEM/DART_CENTRALDIR/WRF_RUN/.
+ cp /glade/p/work/mizzi/TRUNK/WRFCHEMv3.4_dmpar/test/em_real/RRTMG_SW_DATA /glade/scratch/mizzi/DART_CHEM/DART_CENTRALDIR/WRF_RUN/.
+ cp /glade/p/work/mizzi/TRUNK/WRFCHEMv3.4_dmpar/test/em_real/RRTM_DATA /glade/scratch/mizzi/DART_CHEM/DART_CENTRALDIR/WRF_RUN/.
+ cp /glade/p/work/mizzi/TRUNK/WRFCHEMv3.4_dmpar/test/em_real/SOILPARM.TBL /glade/scratch/mizzi/DART_CHEM/DART_CENTRALDIR/WRF_RUN/.
+ cp /glade/p/work/mizzi/TRUNK/WRFCHEMv3.4_dmpar/test/em_real/URBPARM.TBL /glade/scratch/mizzi/DART_CHEM/DART_CENTRALDIR/WRF_RUN/.
+ cp /glade/p/work/mizzi/TRUNK/WRFCHEMv3.4_dmpar/test/em_real/VEGPARM.TBL /glade/scratch/mizzi/DART_CHEM/DART_CENTRALDIR/WRF_RUN/.
+ false
+ cd /glade/scratch/mizzi/DART_CHEM/DART_CENTRALDIR/WRFCHEM_RUN
+ false
+ cp /glade/scratch/mizzi/AVE_TEST_DATA/chem_static/clim_p_trop.nc /glade/scratch/mizzi/DART_CHEM/DART_CENTRALDIR/WRFCHEM_RUN/.
+ cp /glade/scratch/mizzi/AVE_TEST_DATA/chem_static/exo_coldens_d01 /glade/scratch/mizzi/DART_CHEM/DART_CENTRALDIR/WRFCHEM_RUN/.
+ cp /glade/scratch/mizzi/AVE_TEST_DATA/chem_static/hist_io_mods_moz_d01 /glade/scratch/mizzi/DART_CHEM/DART_CENTRALDIR/WRFCHEM_RUN/.
+ cp /glade/scratch/mizzi/AVE_TEST_DATA/chem_static/ubvals_b40.20th.track1_1996-2005.nc /glade/scratch/mizzi/DART_CHEM/DART_CENTRALDIR/WRFCHEM_RUN/.
+ cp /glade/scratch/mizzi/AVE_TEST_DATA/chem_static/wrf_season_wes_usgs_d01.nc /glade/scratch/mizzi/DART_CHEM/DART_CENTRALDIR/WRFCHEM_RUN/.
+ echo COMPLETED RUN_CENTRALDIR_SETUP CODE BLOCK
COMPLETED RUN_CENTRALDIR_SETUP CODE BLOCK
+ echo BEGIN RUN_DATE_TIME CODE BLOCK
BEGIN RUN_DATE_TIME CODE BLOCK
+ true
+ cd /glade/scratch/mizzi/DART_CHEM/DART_CENTRALDIR
+ L_DATE=2008061100
+ export L_DATE
+ echo 2008061100
+ cut -c1-4
+ L_YY=2008
+ export L_YY
+ echo 2008061100
+ cut -c5-6
+ L_MM=06
+ export L_MM
+ echo 2008061100
+ cut -c7-8
+ L_DD=11
+ export L_DD
+ echo 2008061100
+ cut -c9-10
+ L_HH=00
+ export L_HH
+ L_FILE_DATE=2008-06-11_00:00:00
+ export L_FILE_DATE
+ ./advance_time
+ PAST_DATE=2008061018
+ export PAST_DATE
+ echo 2008061018
+ cut -c1-4
+ PAST_YY=2008
+ export PAST_YY
+ echo 2008061018
+ cut -c5-6
+ PAST_MM=06
+ export PAST_MM
+ echo 2008061018
+ cut -c7-8
+ PAST_DD=10
+ export PAST_DD
+ echo 2008061018
+ cut -c9-10
+ PAST_HH=18
+ export PAST_HH
+ PAST_FILE_DATE=2008-06-10_18:00:00
+ export PAST_FILE_DATE
+ echo 2008061100 +6h
+ NEXT_DATE=2008061106
+ export NEXT_DATE
+ echo 2008061106
+ cut -c1-4
+ NEXT_YY=2008
+ export NEXT_YY
+ echo 2008061106
+ cut -c5-6
+ NEXT_MM=06
+ export NEXT_MM
+ echo 2008061106
+ cut -c7-8
+ NEXT_DD=11
+ export NEXT_DD
+ echo 2008061106
+ cut -c9-10
+ NEXT_HH=06
+ export NEXT_HH
+ NEXT_FILE_DATE=2008-06-11_06:00:00
+ export NEXT_FILE_DATE
+ echo 2008061100 -3h
+ ASIM_MIN_DATE=2008061021
+ export ASIM_MIN_DATE
+ echo 2008061021
+ cut -c1-4
+ ASIM_MIN_YY=2008
+ export ASIM_MIN_YY
+ echo 2008061021
+ cut -c5-6
+ ASIM_MIN_MM=06
+ export ASIM_MIN_MM
+ echo 2008061021
+ cut -c7-8
+ ASIM_MIN_DD=10
+ export ASIM_MIN_DD
+ echo 2008061021
+ cut -c9-10
+ ASIM_MIN_HH=21
+ export ASIM_MIN_HH
+ ./advance_time
+ ASIM_MAX_DATE=2008061103
+ export ASIM_MAX_DATE
+ echo 2008061103
+ cut -c1-4
+ ASIM_MAX_YY=2008
+ export ASIM_MAX_YY
+ echo 2008061103
+ cut -c5-6
+ ASIM_MAX_MM=06
+ export ASIM_MAX_MM
+ echo 2008061103
+ cut -c7-8
+ ASIM_MAX_DD=11
+ export ASIM_MAX_DD
+ echo 2008061103
+ cut -c9-10
+ ASIM_MAX_HH=03
+ export ASIM_MAX_HH
+ echo 2008061100 0 -g
+ ./advance_time
+ set -A GREG_DATA 148815 0
+ DAY_GREG=148815
+ export DAY_GREG
+ SEC_GREG=0
+ export SEC_GREG
+ ./advance_time
+ set -A GREG_DATA 148815 21600
+ NEXT_DAY_GREG=148815
+ export NEXT_DAY_GREG
+ NEXT_SEC_GREG=21600
+ export NEXT_SEC_GREG
+ echo COMPLETED RUN_DATE_TIME CODE BLOCK
COMPLETED RUN_DATE_TIME CODE BLOCK
+ echo BEGIN RUN_CREATE_NAMELISTS CODE BLOCK
BEGIN RUN_CREATE_NAMELISTS CODE BLOCK
+ true
+ NL_ENS_SIZE=3
+ export NL_ENS_SIZE
+ NL_OUTPUT_RESTART=.true.
+ export NL_OUTPUT_RESTART
+ NL_START_FROM_RESTART=.true.
+ export NL_START_FROM_RESTART
+ NL_OBS_SEQUENCE_IN_NAME=$'\'obs_seq.out\''
+ export NL_OBS_SEQUENCE_IN_NAME
+ NL_OBS_SEQUENCE_OUT_NAME=$'\'os_seq.final\''
+ export NL_OBS_SEQUENCE_OUT_NAME
+ NL_RESTART_IN_FILE_NAME=$'\'filter_ic_old\''
+ export NL_RESTART_IN_FILE_NAME
+ NL_RESTART_OUT_FILE_NAME=$'\'filter_ic_new\''
+ export NL_RESTART_OUT_FILE_NAME
+ ./advance_time
+ set -A temp 148814 75600
+ (( temp[1]=75600+1 ))
+ NL_FIRST_OBS_DAYS=148814
+ export NL_FIRST_OBS_DAYS
+ NL_FIRST_OBS_SECONDS=75601
+ export NL_FIRST_OBS_SECONDS
+ ./advance_time
+ echo 2008061103 0 -g
+ set -A temp 148815 10800
+ NL_LAST_OBS_DAYS=148815
+ export NL_LAST_OBS_DAYS
+ NL_LAST_OBS_SECONDS=10800
+ export NL_LAST_OBS_SECONDS
+ NL_INF_FLAVOR_PRIOR=2
+ export NL_INF_FLAVOR_PRIOR
+ NL_INF_FLAVOR_POST=0
+ export NL_INF_FLAVOR_POST
+ [[ 2008061100 -eq 2008060200 ]]
+ NL_INF_INITIAL_FROM_RESTART_PRIOR=.true.
+ export NL_INF_INITIAL_FROM_RESTART_PRIOR
+ NL_INF_SD_INITIAL_FROM_RESTART_PRIOR=.true.
+ export NL_INF_SD_INITIAL_FROM_RESTART_PRIOR
+ NL_INF_INITIAL_FROM_RESTART_POST=.true.
+ export NL_INF_INITIAL_FROM_RESTART_POST
+ NL_INF_SD_INITIAL_FROM_RESTART_POST=.true.
+ export NL_INF_SD_INITIAL_FROM_RESTART_POST
+ NL_INF_IN_FILE_NAME_PRIOR=$'\'prior_inflate_ic_old\''
+ export NL_INF_IN_FILE_NAME_PRIOR
+ NL_INF_IN_FILE_NAME_POST=$'\'post_inflate_ics\''
+ export NL_INF_IN_FILE_NAME_POST
+ NL_INF_OUT_FILE_NAME_PRIOR=$'\'prior_inflate_ic_new\''
+ export NL_INF_OUT_FILE_NAME_PRIOR
+ NL_INF_OUT_FILE_NAME_POST=$'\'prior_inflate_restart\''
+ export NL_INF_OUT_FILE_NAME_POST
+ NL_INF_DIAG_FILE_NAME_PRIOR=$'\'prior_inflate_diag\''
+ export NL_INF_DIAG_FILE_NAME_PRIOR
+ NL_INF_DIAG_FILE_NAME_POST=$'\'post_inflate_diag\''
+ export NL_INF_DIAG_FILE_NAME_POST
+ NL_INF_INITIAL_PRIOR=1.0
+ export NL_INF_INITIAL_PRIOR
+ NL_INF_INITIAL_POST=1.0
+ export NL_INF_INITIAL_POST
+ NL_INF_SD_INITIAL_PRIOR=0.6
+ export NL_INF_SD_INITIAL_PRIOR
+ NL_INF_SD_INITIAL_POST=0.0
+ export NL_INF_SD_INITIAL_POST
+ NL_INF_DAMPING_PRIOR=0.9
+ export NL_INF_DAMPING_PRIOR
+ NL_INF_DAMPING_POST=1.0
+ export NL_INF_DAMPING_POST
+ NL_INF_LOWER_BOUND_PRIOR=1.0
+ export NL_INF_LOWER_BOUND_PRIOR
+ NL_INF_LOWER_BOUND_POST=1.0
+ export NL_INF_LOWER_BOUND_POST
+ NL_INF_UPPER_BOUND_PRIOR=1000000.0
+ export NL_INF_UPPER_BOUND_PRIOR
+ NL_INF_UPPER_BOUND_POST=1000000.0
+ export NL_INF_UPPER_BOUND_POST
+ NL_INF_SD_LOWER_BOUND_PRIOR=0.6
+ export NL_INF_SD_LOWER_BOUND_PRIOR
+ NL_INF_SD_LOWER_BOUND_POST=0.0
+ export NL_INF_SD_LOWER_BOUND_POST
+ NL_CUTOFF=0.1
+ export NL_CUTOFF
+ NL_SPECIAL_LOCALIZATION_OBS_TYPES=$'\'IASI_O3_RETRIEVAL\''
+ export NL_SPECIAL_LOCALIZATION_OBS_TYPES
+ NL_SPECIAL_LOCALIZATION_CUTOFFS=0.05
+ export NL_SPECIAL_LOCALIZATION_CUTOFFS
+ NL_SINGLE_RESTART_FILE_IN=.false.
+ export NL_SINGLE_RESTART_FILE_IN
+ NL_SINGLE_RESTART_FILE_OUT=.false.
+ export NL_SINGLE_RESTART_FILE_OUT
+ NL_DEFAULT_STATE_VARIABLES=.false.
+ export NL_DEFAULT_STATE_VARIABLES
+ NL_WRF_STATE_VARIABLES=$'\'U\',     \'KIND_U_WIND_COMPONENT\',     \'TYPE_U\',  \'UPDATE\',\'999\',\n                              \'V\',     \'KIND_V_WIND_COMPONENT\',     \'TYPE_V\',  \'UPDATE\',\'999\',\n                              \'W\',     \'KIND_VERTICAL_VELOCITY\',    \'TYPE_W\',  \'UPDATE\',\'999\',\n                              \'PH\',    \'KIND_GEOPOTENTIAL_HEIGHT\',  \'TYPE_GZ\', \'UPDATE\',\'999\',\n                              \'T\',     \'KIND_POTENTIAL_TEMPERATURE\',\'TYPE_T\',  \'UPDATE\',\'999\',\n                              \'MU\',    \'KIND_PRESSURE\',             \'TYPE_MU\', \'UPDATE\',\'999\',\n                              \'QVAPOR\',\'KIND_VAPOR_MIXING_RATIO\',   \'TYPE_QV\', \'UPDATE\',\'999\',\n                              \'QRAIN\', \'KIND_RAINWATER_MIXING_RATIO\',\'TYPE_QRAIN\', \'UPDATE\',\'999\',\n                              \'QCLOUD\',\'KIND_CLOUD_LIQUID_WATER\',   \'TYPE_QCLOUD\', \'UPDATE\',\'999\',\n                              \'QSNOW\', \'KIND_SNOW_MIXING_RATIO\',    \'TYPE_QSNOW\', \'UPDATE\',\'999\',\n                              \'QICE\',  \'KIND_CLOUD_ICE\',            \'TYPE_QICE\', \'UPDATE\',\'999\',\n                              \'U10\',   \'KIND_U_WIND_COMPONENT\',     \'TYPE_U10\',\'UPDATE\',\'999\',\n                              \'V10\',   \'KIND_V_WIND_COMPONENT\',     \'TYPE_V10\',\'UPDATE\',\'999\',\n                              \'T2\',    \'KIND_TEMPERATURE\',          \'TYPE_T2\', \'UPDATE\',\'999\',\n                              \'TH2\',   \'KIND_POTENTIAL_TEMPERATURE\',\'TYPE_TH2\',\'UPDATE\',\'999\',\n                              \'Q2\',    \'KIND_SPECIFIC_HUMIDITY\',    \'TYPE_Q2\', \'UPDATE\',\'999\',\n                              \'PSFC\',  \'KIND_PRESSURE\',             \'TYPE_PS\', \'UPDATE\',\'999\',\n                              \'o3\',    \'KIND_O3\',                   \'TYPE_O3\', \'UPDATE\',\'999\',\n                              \'co\',    \'KIND_CO\',                   \'TYPE_CO\', \'UPDATE\',\'999\',\n                              \'no\',    \'KIND_NO\',                   \'TYPE_NO\', \'UPDATE\',\'999\',\n                              \'no2\',   \'KIND_NO2\',                  \'TYPE_NO2\', \'UPDATE\',\'999\',\n                              \'hno3\',  \'KIND_HNO3\',                 \'TYPE_HNO3\', \'UPDATE\',\'999\',\n                              \'hno4\',  \'KIND_HNO4\',                 \'TYPE_HNO4\', \'UPDATE\',\'999\',\n                              \'n2o5\',  \'KIND_N2O5\',                 \'TYPE_N2O5\', \'UPDATE\',\'999\',\n                              \'pan\',   \'KIND_PAN\',                  \'TYPE_PAN\', \'UPDATE\',\'999\',\n                              \'mek\',   \'KIND_MEK\',                  \'TYPE_MEK\', \'UPDATE\',\'999\',\n                              \'ald\',   \'KIND_ALD\',                  \'TYPE_ALD\', \'UPDATE\',\'999\',\n                              \'ch3o2\', \'KIND_CH3O2\',                \'TYPE_CH3O2\', \'UPDATE\',\'999\',\n                              \'c3h8\',  \'KIND_C3H8\',                 \'TYPE_C3H8\', \'UPDATE\',\'999\',\n                              \'c2h6\',  \'KIND_C2H6\',                 \'TYPE_C2H6\', \'UPDATE\',\'999\',\n                              \'acet\',  \'KIND_ACET\',                 \'TYPE_ACET\', \'UPDATE\',\'999\',\n                              \'hcho\',  \'KIND_HCHO\',                 \'TYPE_HCHO\', \'UPDATE\',\'999\',\n                              \'c2h4\',  \'KIND_C2H4\',                 \'TYPE_C2H4\', \'UPDATE\',\'999\',\n                              \'c3h6\',  \'KIND_C3H6\',                 \'TYPE_C3H6\', \'UPDATE\',\'999\',\n                              \'tol\',   \'KIND_TOL\',                  \'TYPE_TOL\', \'UPDATE\',\'999\',\n                              \'mvk\',   \'KIND_MVK\',                  \'TYPE_MVK\', \'UPDATE\',\'999\',\n                              \'bigalk\',\'KIND_BIGALK\',               \'TYPE_BIGALK\', \'UPDATE\',\'999\',\n                              \'isopr\', \'KIND_ISOPR\',                \'TYPE_ISOPR\', \'UPDATE\',\'999\',\n                              \'macr\',  \'KIND_MACR\',                 \'TYPE_MACR\', \'UPDATE\',\'999\',\n                              \'glyald\',\'KIND_GLYALD\',               \'TYPE_GLYALD\', \'UPDATE\',\'999\',\n                              \'c10h16\',\'KIND_C10H16\',               \'TYPE_C10H16\', \'UPDATE\',\'999\','
+ export NL_WRF_STATE_VARIABLES
+ NL_WRF_STATE_BOUNDS=$'\'QVAPOR\',\'0.0\',\'NULL\',\'CLAMP\',\n                           \'QRAIN\', \'0.0\',\'NULL\',\'CLAMP\',\n                           \'QCLOUD\',\'0.0\',\'NULL\',\'CLAMP\',\n                           \'QSNOW\', \'0.0\',\'NULL\',\'CLAMP\',\n                           \'QICE\',  \'0.0\',\'NULL\',\'CLAMP\',\n                           \'o3\',    \'0.0\',\'NULL\',\'CLAMP\',\n                           \'co\',    \'0.0\',\'NULL\',\'CLAMP\',\n                           \'no\',    \'0.0\',\'NULL\',\'CLAMP\',\n                           \'no2\',   \'0.0\',\'NULL\',\'CLAMP\',\n                           \'hno3\',  \'0.0\',\'NULL\',\'CLAMP\',\n                           \'hno4\',  \'0.0\',\'NULL\',\'CLAMP\',\n                           \'n2o5\',  \'0.0\',\'NULL\',\'CLAMP\',\n                           \'pan\',   \'0.0\',\'NULL\',\'CLAMP\',\n                           \'mek\',   \'0.0\',\'NULL\',\'CLAMP\',\n                           \'ald\',   \'0.0\',\'NULL\',\'CLAMP\',\n                           \'ch3o2\', \'0.0\',\'NULL\',\'CLAMP\',\n                           \'c3h8\',  \'0.0\',\'NULL\',\'CLAMP\',\n                           \'c2h6\',  \'0.0\',\'NULL\',\'CLAMP\',\n                           \'acet\'   \'0.0\',\'NULL\',\'CLAMP\',\n                           \'hcho\'   \'0.0\',\'NULL\',\'CLAMP\',\n                           \'c2h4\',  \'0.0\',\'NULL\',\'CLAMP\',\n                           \'c3h6\',  \'0.0\',\'NULL\',\'CLAMP\',\n                           \'tol\',   \'0.0\',\'NULL\',\'CLAMP\',\n                           \'mvk\',   \'0.0\',\'NULL\',\'CLAMP\',\n                           \'bigalk\',\'0.0\',\'NULL\',\'CLAMP\',\n                           \'isopr\', \'0.0\',\'NULL\',\'CLAMP\',\n                           \'macr\',  \'0.0\',\'NULL\',\'CLAMP\',\n                           \'glyald\',\'0.0\',\'NULL\',\'CLAMP\',\n                           \'c10h16\',\'0.0\',\'NULL\',\'CLAMP\','
+ export NL_WRF_STATE_BOUNDS
+ NL_OUTPUT_STATE_VECTOR=.false.
+ export NL_OUTPUT_STATE_VECTOR
+ NL_NUM_DOMAINS=01
+ export NL_NUM_DOMAINS
+ NL_CALENDAR_TYPE=3
+ export NL_CALENDAR_TYPE
+ NL_ASSIMILATION_PERIOD_SECONDS=21600
+ export NL_ASSIMILATION_PERIOD_SECONDS
+ NL_VERT_LOCALIZATION_COORD=3
+ export NL_VERT_LOCALIZATION_COORD
+ NL_CENTER_SEARCH_HALF_LENGTH=500000.
+ export NL_CENTER_SEARCH_HALF_LENGTH
+ NL_CENTER_SPLINE_GRID_SCALE=10
+ export NL_CENTER_SPLINE_GRID_SCALE
+ NL_SFC_ELEV_MAX_DIFF=100.0
+ export NL_SFC_ELEV_MAX_DIFF
+ NL_CIRCULATION_PRES_LEVEL=80000.0
+ export NL_CIRCULATION_PRES_LEVEL
+ NL_CIRCULATION_RADIUS=108000.0
+ export NL_CIRCULATION_RADIUS
+ DT_YYYY=''
+ export DT_YYYY
+ DT_MM=''
+ export DT_MM
+ DT_DD=''
+ export DT_DD
+ DT_HH=''
+ export DT_HH
+ (( DT_MM =  + 0 ))
+ (( DT_DD =  + 0 ))
+ (( DT_HH =  + 0 ))
+ NL_FIRST_BIN_CENTER_YY=''
+ export NL_FIRST_BIN_CENTER_YY
+ NL_FIRST_BIN_CENTER_MM=0
+ export NL_FIRST_BIN_CENTER_MM
+ NL_FIRST_BIN_CENTER_DD=0
+ export NL_FIRST_BIN_CENTER_DD
+ NL_FIRST_BIN_CENTER_HH=0
+ export NL_FIRST_BIN_CENTER_HH
+ NL_LAST_BIN_CENTER_YY=''
+ export NL_LAST_BIN_CENTER_YY
+ NL_LAST_BIN_CENTER_MM=0
+ export NL_LAST_BIN_CENTER_MM
+ NL_LAST_BIN_CENTER_DD=0
+ export NL_LAST_BIN_CENTER_DD
+ NL_LAST_BIN_CENTER_HH=0
+ export NL_LAST_BIN_CENTER_HH
+ NL_BIN_SEPERATION_YY=0
+ export NL_BIN_SEPERATION_YY
+ NL_BIN_SEPERATION_MM=0
+ export NL_BIN_SEPERATION_MM
+ NL_BIN_SEPERATION_DD=0
+ export NL_BIN_SEPERATION_DD
+ NL_BIN_SEPERATION_HH=0
+ export NL_BIN_SEPERATION_HH
+ NL_BIN_WIDTH_YY=0
+ export NL_BIN_WIDTH_YY
+ NL_BIN_WIDTH_MM=0
+ export NL_BIN_WIDTH_MM
+ NL_BIN_WIDTH_DD=0
+ export NL_BIN_WIDTH_DD
+ NL_BIN_WIDTH_HH=0
+ export NL_BIN_WIDTH_HH
+ NL_SINGLE_RESTART_FILE_IN=.false.
+ export NL_SINGLE_RESTART_FILE_IN
+ NL_SINGLE_RESTART_FILE_OUT=.false.
+ export NL_SINGLE_RESTART_FILE_OUT
+ NL_MODEL_ADVANCE_FILE=.false.
+ export NL_MODEL_ADVANCE_FILE
+ NL_ADV_MOD_COMMAND=$'\'mpirun -np 64 ./wrf.exe\''
+ export NL_ADV_MOD_COMMAND
+ NL_DART_RESTART_NAME=$'\'dart_wrf_vector\''
+ export NL_DART_RESTART_NAME
+ NL_INPUT_OBS_KIND_MOD_FILE=$'\'/glade/p/work/mizzi/TRUNK/DART_DEVEL/obs_kind/DEFAULT_obs_kind_mod.F90\''
+ export NL_INPUT_OBS_KIND_MOD_FILE
+ NL_OUTPUT_OBS_KIND_MOD_FILE=$'\'/glade/p/work/mizzi/TRUNK/DART_DEVEL/obs_kind/obs_kind_mod.f90\''
+ export NL_OUTPUT_OBS_KIND_MOD_FILE
+ NL_INPUT_OBS_DEF_MOD_FILE=$'\'/glade/p/work/mizzi/TRUNK/DART_DEVEL/obs_kind/DEFAULT_obs_def_mod.F90\''
+ export NL_INPUT_OBS_DEF_MOD_FILE
+ NL_OUTPUT_OBS_DEF_MOD_FILE=$'\'/glade/p/work/mizzi/TRUNK/DART_DEVEL/obs_kind/obs_def_mod.f90\''
+ export NL_OUTPUT_OBS_DEF_MOD_FILE
+ NL_INPUT_FILES=$'\'/glade/home/mizzi/TRUNK/DART_DEVEL/obs_def/obs_def_reanalysis_bufr_mod.f90\',\n                       \'/glade/home/mizzi/TRUNK/DART_DEVEL/obs_def/obs_def_radar_mod.f90\',\n                       \'/glade/home/mizzi/TRUNK/DART_DEVEL/obs_def/obs_def_metar_mod.f90\',\n                       \'/glade/home/mizzi/TRUNK/DART_DEVEL/obs_def/obs_def_dew_point_mod.f90\',\n                       \'/glade/home/mizzi/TRUNK/DART_DEVEL/obs_def/obs_def_altimeter_mod.f90\',\n                       \'/glade/home/mizzi/TRUNK/DART_DEVEL/obs_def/obs_def_gps_mod.f90\',\n                       \'/glade/home/mizzi/TRUNK/DART_DEVEL/obs_def/obs_def_gts_mod.f90\',\n                       \'/glade/home/mizzi/TRUNK/DART_DEVEL/obs_def/obs_def_vortex_mod.f90\',\n                       \'/glade/home/mizzi/TRUNK/DART_DEVEL/obs_def/obs_def_IASI_O3_mod.f90\''
+ export NL_INPUT_FILES
+ NL_ASSIMILATE_THESE_OBS_TYPES=$'\'RADIOSONDE_TEMPERATURE\',\n                                      \'RADIOSONDE_U_WIND_COMPONENT\',\n                                      \'RADIOSONDE_V_WIND_COMPONENT\',\n                                      \'ACARS_U_WIND_COMPONENT\',\n                                      \'ACARS_V_WIND_COMPONENT\',\n                                      \'ACARS_TEMPERATURE\',\n                                      \'AIRCRAFT_U_WIND_COMPONENT\',\n                                      \'AIRCRAFT_V_WIND_COMPONENT\',\n                                      \'AIRCRAFT_TEMPERATURE\',\n                                      \'SAT_U_WIND_COMPONENT\',\n                                      \'SAT_V_WIND_COMPONENT\',\n                                      \'IASI_O3_RETRIEVAL\''
+ export NL_ASSIMILATE_THESE_OBS_TYPES
+ NL_FIELDNAMES=$'\'SNOWC\',\n                      \'ALBBCK\',\n                      \'TMN\',\n                      \'TSK\',\n                      \'SH2O\',\n                      \'SMOIS\',\n                      \'SEAICE\',\n                      \'HGT_d01\',\n                      \'TSLB\',\n                      \'SST\',\n                      \'SNOWH\',\n                      \'SNOW\''
+ export NL_FIELDNAMES
+ NL_FIELDLIST_FILE=$'\' \''
+ export NL_FIELDLIST_FILE
+ NL_RUN_DAYS=0
+ export NL_RUN_DAYS
+ NL_RUN_HOURS=6
+ export NL_RUN_HOURS
+ NL_RUN_MINUTES=0
+ export NL_RUN_MINUTES
+ NL_RUN_SECONDS=0
+ export NL_RUN_SECONDS
+ NL_START_YEAR=''
+ export NL_START_YEAR
+ NL_START_MONTH=''
+ export NL_START_MONTH
+ NL_START_DAY=''
+ export NL_START_DAY
+ NL_START_HOUR=''
+ export NL_START_HOUR
+ NL_START_MINUTE=0
+ export NL_START_MINUTE
+ NL_START_SECOND=0
+ export NL_START_SECOND
+ NL_END_YEAR=2008
+ export NL_END_YEAR
+ NL_END_MONTH=06
+ export NL_END_MONTH
+ NL_END_DAY=11
+ export NL_END_DAY
+ NL_END_HOUR=06
+ export NL_END_HOUR
+ NL_END_MINUTE=0
+ export NL_END_MINUTE
+ NL_END_SECOND=0
+ export NL_END_SECOND
+ NL_INTERVAL_SECONDS=10800
+ export NL_INTERVAL_SECONDS
+ NL_INPUT_FROM_FILE=.true.
+ export NL_INPUT_FROM_FILE
+ NL_HISTORY_INTERVAL=360
+ export NL_HISTORY_INTERVAL
+ NL_FRAMES_PER_OUTFILE=1
+ export NL_FRAMES_PER_OUTFILE
+ NL_RESTART=.false.
+ export NL_RESTART
+ NL_RESTART_INTERVAL=1440
+ export NL_RESTART_INTERVAL
+ NL_CYCLING=.true.
+ export NL_CYCLING
+ NL_IO_FORM_HISTORY=2
+ export NL_IO_FORM_HISTORY
+ NL_IO_FORM_RESTART=2
+ export NL_IO_FORM_RESTART
+ NL_IO_FORM_INPUT=2
+ export NL_IO_FORM_INPUT
+ NL_IO_FORM_BOUNDARY=2
+ export NL_IO_FORM_BOUNDARY
+ NL_IO_AUXINPUT5_INNAME=$'\'wrfchemi_d<domain>_<date>\''
+ export NL_IO_AUXINPUT5_INNAME
+ NL_IO_AUXINPUT6_INNAME=$'\'wrfbiochemi_d<domain>_<date>\''
+ export NL_IO_AUXINPUT6_INNAME
+ NL_IO_AUXINPUT7_INNAME=$'\'wrffirechemi_d<domain>_<date>\''
+ export NL_IO_AUXINPUT7_INNAME
+ NL_AUXINPUT5_INTERVAL_M=60
+ export NL_AUXINPUT5_INTERVAL_M
+ NL_AUXINPUT6_INTERVAL_M=60480
+ export NL_AUXINPUT6_INTERVAL_M
+ NL_AUXINPUT7_INTERVAL_M=60
+ export NL_AUXINPUT7_INTERVAL_M
+ NL_FRAMES_PER_AUXINPUT5=1
+ export NL_FRAMES_PER_AUXINPUT5
+ NL_FRAMES_PER_AUXINPUT6=1
+ export NL_FRAMES_PER_AUXINPUT6
+ NL_FRAMES_PER_AUXINPUT7=1
+ export NL_FRAMES_PER_AUXINPUT7
+ NL_IO_FORM_AUXINPUT5=2
+ export NL_IO_FORM_AUXINPUT5
+ NL_IO_FORM_AUXINPUT6=2
+ export NL_IO_FORM_AUXINPUT6
+ NL_IO_FORM_AUXINPUT7=2
+ export NL_IO_FORM_AUXINPUT7
+ NL_IOFIELDS_FILENAME=' '
+ export NL_IOFIELDS_FILENAME
+ NL_WRITE_INPUT=.true.
+ export NL_WRITE_INPUT
+ NL_INPUTOUT_INTERVAL=360
+ export NL_INPUTOUT_INTERVAL
+ NL_INPUT_OUTNAME=$'\'wrfout_d<domain>_<date>\''
+ export NL_INPUT_OUTNAME
+ NL_DEBUG_LEVEL=0
+ export NL_DEBUG_LEVEL
+ NL_TIME_STEP=180
+ export NL_TIME_STEP
+ NL_TIME_STEP_FRACT_NUM=0
+ export NL_TIME_STEP_FRACT_NUM
+ NL_TIME_STEP_FRACT_DEN=1
+ export NL_TIME_STEP_FRACT_DEN
+ NL_MAX_DOM=1
+ export NL_MAX_DOM
+ NL_S_WE=1
+ export NL_S_WE
+ NL_E_WE=271
+ export NL_E_WE
+ NL_S_SN=1
+ export NL_S_SN
+ NL_E_SN=101
+ export NL_E_SN
+ NL_E_VERT=34
+ export NL_E_VERT
+ NL_P_TOP_REQUESTED=1000
+ export NL_P_TOP_REQUESTED
+ NL_INTERP_TYPE=1
+ export NL_INTERP_TYPE
+ NL_T_EXTRAP_TYPE=1
+ export NL_T_EXTRAP_TYPE
+ NL_NUM_METGRID_LEVELS=27
+ export NL_NUM_METGRID_LEVELS
+ NL_NUM_METGRID_SOIL_LEVELS=4
+ export NL_NUM_METGRID_SOIL_LEVELS
+ NL_DX=36000.0
+ export NL_DX
+ NL_DY=36000.0
+ export NL_DY
+ NL_GRID_ID=1
+ export NL_GRID_ID
+ NL_PARENT_ID=0
+ export NL_PARENT_ID
+ NL_I_PARENT_START=0
+ export NL_I_PARENT_START
+ NL_J_PARENT_START=0
+ export NL_J_PARENT_START
+ NL_PARENT_GRID_RATIO=1
+ export NL_PARENT_GRID_RATIO
+ NL_PARENT_TIME_STEP_RATIO=1
+ export NL_PARENT_TIME_STEP_RATIO
+ NL_FEEDBACK=0
+ export NL_FEEDBACK
+ NL_SMOOTH_OPTION=0
+ export NL_SMOOTH_OPTION
+ NL_ETA_LEVELS=1.000,0.983,0.970,0.954,0.934,0.909,0.880,0.834,0.788,0.742,0.697,0.617,0.546,0.480,0.422,0.368,0.321,0.278,0.239,0.205,0.174,0.147,0.123,0.102,0.0832,0.0668,0.0526,0.0402,0.0295,0.0203,0.0124,0.00575,0.000
+ export NL_ETA_LEVELS
+ NL_MP_PHYSICS=2
+ export NL_MP_PHYSICS
+ NL_RA_LW_PHYSICS=1
+ export NL_RA_LW_PHYSICS
+ NL_RA_SW_PHYSICS=2
+ export NL_RA_SW_PHYSICS
+ NL_RADT=40
+ export NL_RADT
+ NL_SF_SFCLAY_PHYSICS=2
+ export NL_SF_SFCLAY_PHYSICS
+ NL_SF_SURFACE_PHYSICS=2
+ export NL_SF_SURFACE_PHYSICS
+ NL_BL_PBL_PHYSICS=2
+ export NL_BL_PBL_PHYSICS
+ NL_BLDT=0
+ export NL_BLDT
+ NL_CU_PHYSICS=5
+ export NL_CU_PHYSICS
+ NL_CUDT=0
+ export NL_CUDT
+ NL_ISFFLX=1
+ export NL_ISFFLX
+ NL_IFSNOW=0
+ export NL_IFSNOW
+ NL_ICLOUD=0
+ export NL_ICLOUD
+ NL_SURFACE_INPUT_SOURCE=1
+ export NL_SURFACE_INPUT_SOURCE
+ NL_NUM_SOIL_LAYERS=4
+ export NL_NUM_SOIL_LAYERS
+ NL_SF_URBAN_PHYSICS=0
+ export NL_SF_URBAN_PHYSICS
+ NL_MAXIENS=1
+ export NL_MAXIENS
+ NL_MAXENS=3
+ export NL_MAXENS
+ NL_MAXENS2=3
+ export NL_MAXENS2
+ NL_MAXENS3=16
+ export NL_MAXENS3
+ NL_ENSDIM=144
+ export NL_ENSDIM
+ NL_MP_ZERO_OUT=2
+ export NL_MP_ZERO_OUT
+ NL_CU_RAD_FEEDBACK=.false.
+ export NL_CU_RAD_FEEDBACK
+ NL_CU_DIAG=1
+ export NL_CU_DIAG
+ NL_PROGN=0
+ export NL_PROGN
+ NL_CUGD_AVEDX=1
+ export NL_CUGD_AVEDX
+ NL_USE_BASEPARAM_FR_NML=.true.
+ export NL_USE_BASEPARAM_FR_NML
+ NL_RK_ORD=3
+ export NL_RK_ORD
+ NL_W_DAMPING=1
+ export NL_W_DAMPING
+ NL_DIFF_OPT=1
+ export NL_DIFF_OPT
+ NL_KM_OPT=4
+ export NL_KM_OPT
+ NL_DIFF_6TH_OPT=0
+ export NL_DIFF_6TH_OPT
+ NL_DIFF_6TH_FACTOR=0.12
+ export NL_DIFF_6TH_FACTOR
+ NL_BASE_TEMP=290.
+ export NL_BASE_TEMP
+ NL_DAMP_OPT=3
+ export NL_DAMP_OPT
+ NL_ZDAMP=5000
+ export NL_ZDAMP
+ NL_DAMPCOEF=0.01
+ export NL_DAMPCOEF
+ NL_KHDIF=0
+ export NL_KHDIF
+ NL_KVDIF=0
+ export NL_KVDIF
+ NL_NON_HYDROSTATIC=.true.
+ export NL_NON_HYDROSTATIC
+ NL_MOIST_ADV_OPT=2
+ export NL_MOIST_ADV_OPT
+ NL_SCALAR_ADV_OPT=2
+ export NL_SCALAR_ADV_OPT
+ NL_CHEM_ADV_OPT=2
+ export NL_CHEM_ADV_OPT
+ NL_TKE_ADV_OPT=2
+ export NL_TKE_ADV_OPT
+ NL_TIME_STEP_SOUND=6
+ export NL_TIME_STEP_SOUND
+ NL_SPEC_BDY_WIDTH=5
+ export NL_SPEC_BDY_WIDTH
+ NL_SPEC_ZONE=1
+ export NL_SPEC_ZONE
+ NL_RELAX_ZONE=4
+ export NL_RELAX_ZONE
+ NL_SPECIFIED=.true.
+ export NL_SPECIFIED
+ NL_NESTED=.false.
+ export NL_NESTED
+ NL_REAL_DATA_INIT_TYPE=3
+ export NL_REAL_DATA_INIT_TYPE
+ NL_NIO_TASKS_PER_GROUP=0
+ export NL_NIO_TASKS_PER_GROUP
+ NL_NIO_GROUPS=1
+ export NL_NIO_GROUPS
+ NL_KEMIT=10
+ export NL_KEMIT
+ NL_CHEM_OPT=112
+ export NL_CHEM_OPT
+ NL_BIOEMDT=3
+ export NL_BIOEMDT
+ NL_PHOTDT=18
+ export NL_PHOTDT
+ NL_CHEMDT=3.0
+ export NL_CHEMDT
+ NL_IO_STYLE_EMISSIONS=2
+ export NL_IO_STYLE_EMISSIONS
+ NL_EMISS_INPT_OPT=111
+ export NL_EMISS_INPT_OPT
+ NL_EMISS_OPT=8
+ export NL_EMISS_OPT
+ NL_CHEM_IN_OPT=0
+ export NL_CHEM_IN_OPT
+ NL_PHOT_OPT=3
+ export NL_PHOT_OPT
+ NL_GAS_DRYDEP_OPT=1
+ export NL_GAS_DRYDEP_OPT
+ NL_AER_DRYDEP_OPT=1
+ export NL_AER_DRYDEP_OPT
+ NL_BIO_EMISS_OPT=3
+ export NL_BIO_EMISS_OPT
+ NL_GAS_BC_OPT=112
+ export NL_GAS_BC_OPT
+ NL_GAS_IC_OPT=112
+ export NL_GAS_IC_OPT
+ NL_GAS_BC_OPT=112
+ export NL_GAS_BC_OPT
+ NL_AER_BC_OPT=112
+ export NL_AER_BC_OPT
+ NL_AER_IC_OPT=112
+ export NL_AER_IC_OPT
+ NL_GASCHEM_ONOFF=1
+ export NL_GASCHEM_ONOFF
+ NL_AERCHEM_ONOFF=1
+ export NL_AERCHEM_ONOFF
+ NL_WETSCAV_ONOFF=0
+ export NL_WETSCAV_ONOFF
+ NL_CLDCHEM_ONOFF=0
+ export NL_CLDCHEM_ONOFF
+ NL_VERTMIX_ONOFF=1
+ export NL_VERTMIX_ONOFF
+ NL_CHEM_CONV_TR=1
+ export NL_CHEM_CONV_TR
+ NL_SEAS_OPT=1
+ export NL_SEAS_OPT
+ NL_DUST_OPT=1
+ export NL_DUST_OPT
+ NL_DMSEMIS_OPT=1
+ export NL_DMSEMIS_OPT
+ NL_BIOMASS_BURN_OPT=2
+ export NL_BIOMASS_BURN_OPT
+ NL_PLUMERISEFIRE_FRQ=60
+ export NL_PLUMERISEFIRE_FRQ
+ NL_HAVE_BCS_CHEM=.true.
+ export NL_HAVE_BCS_CHEM
+ NL_AER_RA_FEEDBACK=0
+ export NL_AER_RA_FEEDBACK
+ NL_NE_AREA=118
+ export NL_NE_AREA
+ NL_OPT_PARS_OUT=1
+ export NL_OPT_PARS_OUT
+ NL_SCALE_FIRE_EMISS=.true.
+ export NL_SCALE_FIRE_EMISS
+ NL_HAVE_BCS_UPPER=.true.
+ export NL_HAVE_BCS_UPPER
+ NL_FIXED_UBC_INNAME=ubvals_b40.20th.track1_1996-2005.nc
+ export NL_FIXED_UBC_INNAME
+ NL_CHEMDIAG=1
+ export NL_CHEMDIAG
+ echo COMPLETED RUN_CREATE_NAMELISTS CODE BLOCK
COMPLETED RUN_CREATE_NAMELISTS CODE BLOCK
+ echo BEGIN RUN_INITIAL CODE BLOCK
BEGIN RUN_INITIAL CODE BLOCK
+ false
+ echo COMPLETED RUN_INITIAL CODE BLOCK
COMPLETED RUN_INITIAL CODE BLOCK
+ echo BEGIN CYCLING CODE BLOCK
BEGIN CYCLING CODE BLOCK
+ true
+ false
+ L_DATE=2008061100
+ export L_DATE
+ [[ 2008061100 -le 2008061200 ]]
+ cd /glade/scratch/mizzi/DART_CHEM/DART_CENTRALDIR
+ echo 2008061100
+ cut -c1-4
+ L_YY=2008
+ export L_YY
+ echo 2008061100
+ cut -c5-6
+ L_MM=06
+ export L_MM
+ echo 2008061100
+ cut -c7-8
+ L_DD=11
+ export L_DD
+ echo 2008061100
+ cut -c9-10
+ L_HH=00
+ export L_HH
+ L_FILE_DATE=2008-06-11_00:00:00
+ export L_FILE_DATE
+ echo 2008061100 -6h
+ ./advance_time
+ PAST_DATE=2008061018
+ export PAST_DATE
+ echo 2008061018
+ cut -c1-4
+ PAST_YY=2008
+ export PAST_YY
+ echo 2008061018
+ cut -c5-6
+ PAST_MM=06
+ export PAST_MM
+ echo 2008061018
+ cut -c7-8
+ PAST_DD=10
+ export PAST_DD
+ echo 2008061018
+ cut -c9-10
+ PAST_HH=18
+ export PAST_HH
+ PAST_FILE_DATE=2008-06-10_18:00:00
+ export PAST_FILE_DATE
+ echo 2008061100 +6h
+ ./advance_time
+ NEXT_DATE=2008061106
+ export NEXT_DATE
+ echo 2008061106
+ cut -c1-4
+ NEXT_YY=2008
+ export NEXT_YY
+ echo 2008061106
+ cut -c5-6
+ NEXT_MM=06
+ export NEXT_MM
+ echo 2008061106
+ cut -c7-8
+ NEXT_DD=11
+ export NEXT_DD
+ echo 2008061106
+ cut -c9-10
+ NEXT_HH=06
+ export NEXT_HH
+ NEXT_FILE_DATE=2008-06-11_06:00:00
+ export NEXT_FILE_DATE
+ echo 2008061100 -3h
+ ./advance_time
+ ASIM_MIN_DATE=2008061021
+ export ASIM_MIN_DATE
+ echo 2008061021
+ cut -c1-4
+ ASIM_MIN_YY=2008
+ export ASIM_MIN_YY
+ echo 2008061021
+ cut -c5-6
+ ASIM_MIN_MM=06
+ export ASIM_MIN_MM
+ echo 2008061021
+ cut -c7-8
+ ASIM_MIN_DD=10
+ export ASIM_MIN_DD
+ echo
+ cut -c9-10
+ ASIM_MIN_HH=''
+ export ASIM_MIN_HH
+ echo 2008061100 +3h
+ ./advance_time
+ ASIM_MAX_DATE=2008061103
+ export ASIM_MAX_DATE
+ echo 2008061103
+ cut -c1-4
+ ASIM_MAX_YY=2008
+ export ASIM_MAX_YY
+ echo 2008061103
+ cut -c5-6
+ ASIM_MAX_MM=06
+ export ASIM_MAX_MM
+ echo 2008061103
+ cut -c7-8
+ ASIM_MAX_DD=11
+ export ASIM_MAX_DD
+ echo
+ cut -c9-10
+ ASIM_MAX_HH=''
+ export ASIM_MAX_HH
+ echo 2008061100 0 -g
+ ./advance_time
+ set -A GREG_DATA 148815 0
+ DAY_GREG=148815
+ export DAY_GREG
+ SEC_GREG=0
+ export SEC_GREG
+ echo 2008061106 0 -g
+ ./advance_time
+ set -A GREG_DATA 148815 21600
+ NEXT_DAY_GREG=148815
+ export NEXT_DAY_GREG
+ NEXT_SEC_GREG=21600
+ export NEXT_SEC_GREG
+ echo BEGIN RUN_FILTER CODE BLOCK
BEGIN RUN_FILTER CODE BLOCK
+ [[ -n true ]]
+ [[ -n false ]]
+ [[ -n true ]]
+ WARM_FILTER=true
+ export WARM_FILTER
+ WARM_WRFCHEM=true
+ export WARM_WRFCHEM
+ WARM_ARCHIVE=true
+ export WARM_ARCHIVE
+ [[ ! -d /glade/scratch/mizzi/DART_CHEM/2008061100/dart_filter ]]
+ cd /glade/scratch/mizzi/DART_CHEM/2008061100/dart_filter
+ cp /glade/scratch/mizzi/DART_CHEM/DART_CENTRALDIR/advance_time ./.
+ cp /glade/scratch/mizzi/DART_CHEM/DART_CENTRALDIR/wrf_to_dart ./.
+ cp /glade/scratch/mizzi/DART_CHEM/DART_CENTRALDIR/filter ./.
+ cp /glade/scratch/mizzi/DART_CHEM/DART_CENTRALDIR/restart_file_tool ./.
+ NL_DART_RESTART_NAME=$'\'dart_wrf_vector\''
+ export NL_DART_RESTART_NAME
+ NL_PRINT_DATA_RANGES=.false.
+ export NL_PRINT_DATA_RANGES
+ rm input.nml
+ /glade/p/work/mizzi/TRUNK/DART_DEVEL/models/wrf_chem/namelist_scripts/DART/dart_create_input.nml.ksh
+ /glade/p/work/mizzi/TRUNK/DART_DEVEL/models/wrf_chem/namelist_scripts/DART/dart_create_assim_model_nml.ksh
+ rm -f input.nml_temp
+ touch input.nml_temp
+ cat
+ 1> input.nml_temp 0<< \EOF
 &assim_model_nml
   write_binary_restart_files      = .false.,
   netCDF_large_file_support       = .true.,
/
EOF
+ [[ -f input.nml ]]
+ mv input.nml_temp input.nml
+ /glade/p/work/mizzi/TRUNK/DART_DEVEL/models/wrf_chem/namelist_scripts/DART/dart_create_assim_tools_nml.ksh
+ rm -f input.nml_temp
+ touch input.nml_temp
+ cat
+ 1> input.nml_temp 0<< \EOF
 &assim_tools_nml
   filter_kind                     = 1,
   cutoff                          = 0.1,
   sort_obs_inc                    = .false.,
   spread_restoration              = .false.,
   sampling_error_correction       = .false.,
   adaptive_localization_threshold = -1,
   print_every_nth_obs             = 1000,
   special_localization_obs_types  = 'IASI_O3_RETRIEVAL',
   special_localization_cutoffs    = 0.05,
/
EOF
+ [[ -f input.nml ]]
+ cat input.nml_temp
+ 1>> input.nml
+ rm input.nml_temp
+ /glade/p/work/mizzi/TRUNK/DART_DEVEL/models/wrf_chem/namelist_scripts/DART/dart_create_cov_cutoff_nml.ksh
+ rm -f input.nml_temp
+ touch input.nml_temp
+ cat
+ 1> input.nml_temp 0<< \EOF
 &cov_cutoff_nml
   select_localization             = 1,
/
EOF
+ [[ -f input.nml ]]
+ cat input.nml_temp
+ 1>> input.nml
+ rm input.nml_temp
+ /glade/p/work/mizzi/TRUNK/DART_DEVEL/models/wrf_chem/namelist_scripts/DART/dart_create_dart_to_wrf_nml.ksh
+ rm -f input.nml_temp
+ touch input.nml_temp
+ cat
+ 1> input.nml_temp 0<< \EOF
 &dart_to_wrf_nml
   model_advance_file           = .false.,
   adv_mod_command              = 'mpirun -np 64 ./wrf.exe',
   dart_restart_name            = 'dart_wrf_vector',
   print_data_ranges            = .false.,
   debug                        = .false.,
/
EOF
+ [[ -f input.nml ]]
+ cat input.nml_temp
+ 1>> input.nml
+ rm input.nml_temp
+ /glade/p/work/mizzi/TRUNK/DART_DEVEL/models/wrf_chem/namelist_scripts/DART/dart_create_ensemble_manager_nml.ksh
+ rm -f input.nml_temp
+ touch input.nml_temp
+ cat
+ 1> input.nml_temp 0<< \EOF
 &ensemble_manager_nml
   single_restart_file_in  = .false.,
   single_restart_file_out = .false.,
   perturbation_amplitude  = 0.2,
/
EOF
+ [[ -f input.nml ]]
+ cat input.nml_temp
+ 1>> input.nml
+ rm input.nml_temp
+ /glade/p/work/mizzi/TRUNK/DART_DEVEL/models/wrf_chem/namelist_scripts/DART/dart_create_filter_nml.ksh
+ rm -f input.nml_temp
+ touch input.nml_temp
+ cat
+ 1> input.nml_temp 0<< \EOF
 &filter_nml
   async                        = 2,
   adv_ens_command              = './advance_model.csh',
   ens_size                     = 3,
   start_from_restart           = .true.,
   output_restart               = .true.,
   obs_sequence_in_name         = 'obs_seq.out',
   obs_sequence_out_name        = 'os_seq.final',
   restart_in_file_name         = 'filter_ic_old',
   restart_out_file_name        = 'filter_ic_new',
   init_time_days               = -1,
   init_time_seconds            = -1,
   first_obs_days               = 148814,
   first_obs_seconds            = 75601,
   last_obs_days                = 148815,
   last_obs_seconds             = 10800,
   num_output_state_members     = 0,
   num_output_obs_members       = 0,
   output_interval              = 1,
   num_groups                   = 1,
   input_qc_threshold           = 4.0,
   outlier_threshold            = 3.0,
   output_forward_op_errors     = .false.,
   output_timestamps            = .true.,
   output_inflation             = .true.,
   trace_execution              = .true.,
   inf_flavor                   = 2, 0,
   inf_initial_from_restart     = .true., .true.,
   inf_sd_initial_from_restart  = .true., .true.,
   inf_output_restart           = .true., .true.,
   inf_deterministic            = .true., .true.,
   inf_in_file_name             = 'prior_inflate_ic_old', 'post_inflate_ics',
   inf_out_file_name            = 'prior_inflate_ic_new', 'prior_inflate_restart',
   inf_diag_file_name           = 'prior_inflate_diag', 'post_inf_diag',
   inf_initial                  = 1.0, 1.0,
   inf_sd_initial               = 0.6, 0.0,
   inf_damping                  = 0.9, 1.0,
   inf_lower_bound              = 1.0, 1.0,
   inf_upper_bound              = 1000000.0, 1000000.0,
   inf_sd_lower_bound           = 0.6, 0.0,
/
EOF
+ [[ -f input.nml ]]
+ cat input.nml_temp
+ 1>> input.nml
+ rm input.nml_temp
+ /glade/p/work/mizzi/TRUNK/DART_DEVEL/models/wrf_chem/namelist_scripts/DART/dart_create_location_nml.ksh
+ rm -f input.nml_temp
+ touch input.nml_temp
+ cat
+ 1> input.nml_temp 0<< \EOF
 &location_nml
   horiz_dist_only                 = .false.,
   vert_normalization_pressure     = 187500.0,
   vert_normalization_height       = 5000000.0,
   vert_normalization_level        = 2666.7,
   approximate_distance            = .false.,
   nlon                            = 141,
   nlat                            = 72,
   output_box_info                 = .false.,
/
EOF
+ [[ -f input.nml ]]
+ cat input.nml_temp
+ 1>> input.nml
+ rm input.nml_temp
+ /glade/p/work/mizzi/TRUNK/DART_DEVEL/models/wrf_chem/namelist_scripts/DART/dart_create_model_nml.ksh
+ rm -f input.nml_temp
+ touch input.nml_temp
+ cat
+ 1> input.nml_temp 0<< \EOF
 &model_nml
   default_state_variables     = .false.,
   wrf_state_variables         = 'U',     'KIND_U_WIND_COMPONENT',     'TYPE_U',  'UPDATE','999',
                              'V',     'KIND_V_WIND_COMPONENT',     'TYPE_V',  'UPDATE','999',
                              'W',     'KIND_VERTICAL_VELOCITY',    'TYPE_W',  'UPDATE','999',
                              'PH',    'KIND_GEOPOTENTIAL_HEIGHT',  'TYPE_GZ', 'UPDATE','999',
                              'T',     'KIND_POTENTIAL_TEMPERATURE','TYPE_T',  'UPDATE','999',
                              'MU',    'KIND_PRESSURE',             'TYPE_MU', 'UPDATE','999',
                              'QVAPOR','KIND_VAPOR_MIXING_RATIO',   'TYPE_QV', 'UPDATE','999',
                              'QRAIN', 'KIND_RAINWATER_MIXING_RATIO','TYPE_QRAIN', 'UPDATE','999',
                              'QCLOUD','KIND_CLOUD_LIQUID_WATER',   'TYPE_QCLOUD', 'UPDATE','999',
                              'QSNOW', 'KIND_SNOW_MIXING_RATIO',    'TYPE_QSNOW', 'UPDATE','999',
                              'QICE',  'KIND_CLOUD_ICE',            'TYPE_QICE', 'UPDATE','999',
                              'U10',   'KIND_U_WIND_COMPONENT',     'TYPE_U10','UPDATE','999',
                              'V10',   'KIND_V_WIND_COMPONENT',     'TYPE_V10','UPDATE','999',
                              'T2',    'KIND_TEMPERATURE',          'TYPE_T2', 'UPDATE','999',
                              'TH2',   'KIND_POTENTIAL_TEMPERATURE','TYPE_TH2','UPDATE','999',
                              'Q2',    'KIND_SPECIFIC_HUMIDITY',    'TYPE_Q2', 'UPDATE','999',
                              'PSFC',  'KIND_PRESSURE',             'TYPE_PS', 'UPDATE','999',
                              'o3',    'KIND_O3',                   'TYPE_O3', 'UPDATE','999',
                              'co',    'KIND_CO',                   'TYPE_CO', 'UPDATE','999',
                              'no',    'KIND_NO',                   'TYPE_NO', 'UPDATE','999',
                              'no2',   'KIND_NO2',                  'TYPE_NO2', 'UPDATE','999',
                              'hno3',  'KIND_HNO3',                 'TYPE_HNO3', 'UPDATE','999',
                              'hno4',  'KIND_HNO4',                 'TYPE_HNO4', 'UPDATE','999',
                              'n2o5',  'KIND_N2O5',                 'TYPE_N2O5', 'UPDATE','999',
                              'pan',   'KIND_PAN',                  'TYPE_PAN', 'UPDATE','999',
                              'mek',   'KIND_MEK',                  'TYPE_MEK', 'UPDATE','999',
                              'ald',   'KIND_ALD',                  'TYPE_ALD', 'UPDATE','999',
                              'ch3o2', 'KIND_CH3O2',                'TYPE_CH3O2', 'UPDATE','999',
                              'c3h8',  'KIND_C3H8',                 'TYPE_C3H8', 'UPDATE','999',
                              'c2h6',  'KIND_C2H6',                 'TYPE_C2H6', 'UPDATE','999',
                              'acet',  'KIND_ACET',                 'TYPE_ACET', 'UPDATE','999',
                              'hcho',  'KIND_HCHO',                 'TYPE_HCHO', 'UPDATE','999',
                              'c2h4',  'KIND_C2H4',                 'TYPE_C2H4', 'UPDATE','999',
                              'c3h6',  'KIND_C3H6',                 'TYPE_C3H6', 'UPDATE','999',
                              'tol',   'KIND_TOL',                  'TYPE_TOL', 'UPDATE','999',
                              'mvk',   'KIND_MVK',                  'TYPE_MVK', 'UPDATE','999',
                              'bigalk','KIND_BIGALK',               'TYPE_BIGALK', 'UPDATE','999',
                              'isopr', 'KIND_ISOPR',                'TYPE_ISOPR', 'UPDATE','999',
                              'macr',  'KIND_MACR',                 'TYPE_MACR', 'UPDATE','999',
                              'glyald','KIND_GLYALD',               'TYPE_GLYALD', 'UPDATE','999',
                              'c10h16','KIND_C10H16',               'TYPE_C10H16', 'UPDATE','999',
   wrf_state_bounds            = 'QVAPOR','0.0','NULL','CLAMP',
                           'QRAIN', '0.0','NULL','CLAMP',
                           'QCLOUD','0.0','NULL','CLAMP',
                           'QSNOW', '0.0','NULL','CLAMP',
                           'QICE',  '0.0','NULL','CLAMP',
                           'o3',    '0.0','NULL','CLAMP',
                           'co',    '0.0','NULL','CLAMP',
                           'no',    '0.0','NULL','CLAMP',
                           'no2',   '0.0','NULL','CLAMP',
                           'hno3',  '0.0','NULL','CLAMP',
                           'hno4',  '0.0','NULL','CLAMP',
                           'n2o5',  '0.0','NULL','CLAMP',
                           'pan',   '0.0','NULL','CLAMP',
                           'mek',   '0.0','NULL','CLAMP',
                           'ald',   '0.0','NULL','CLAMP',
                           'ch3o2', '0.0','NULL','CLAMP',
                           'c3h8',  '0.0','NULL','CLAMP',
                           'c2h6',  '0.0','NULL','CLAMP',
                           'acet'   '0.0','NULL','CLAMP',
                           'hcho'   '0.0','NULL','CLAMP',
                           'c2h4',  '0.0','NULL','CLAMP',
                           'c3h6',  '0.0','NULL','CLAMP',
                           'tol',   '0.0','NULL','CLAMP',
                           'mvk',   '0.0','NULL','CLAMP',
                           'bigalk','0.0','NULL','CLAMP',
                           'isopr', '0.0','NULL','CLAMP',
                           'macr',  '0.0','NULL','CLAMP',
                           'glyald','0.0','NULL','CLAMP',
                           'c10h16','0.0','NULL','CLAMP',
   output_state_vector         = .false.,
   num_domains                 = 01,
   calendar_type               = 3,
   assimilation_period_seconds = 21600,
   vert_localization_coord     = 3,
   center_search_half_length   = 500000.,
   center_spline_grid_scale    = 10,   
   sfc_elev_max_diff           = 100.0,
   circulation_pres_level      = 80000.0,
   circulation_radius          = 108000.0,
/
EOF
+ [[ -f input.nml ]]
+ cat input.nml_temp
+ 1>> input.nml
+ rm input.nml_temp
+ /glade/p/work/mizzi/TRUNK/DART_DEVEL/models/wrf_chem/namelist_scripts/DART/dart_create_obs_def_radar_mod_nml.ksh
+ rm -f input.nml_temp
+ touch input.nml_temp
+ cat
+ 1> input.nml_temp 0<< \EOF
 &obs_def_radar_mod_nml
   apply_ref_limit_to_obs      = .false.,
   reflectivity_limit_obs      = -10.0,
   lowest_reflectivity_obs     = -10.0,
   apply_ref_limit_to_fwd_op   = .false.,
   reflectivity_limit_fwd_op   = -10.0,
   lowest_reflectivity_fwd_op  = -10.0,
   max_radial_vel_obs          = 1000000,
   allow_wet_graupel           = .false.,
   microphysics_type           = 2,
   allow_dbztowt_conv          = .false.,
   dielectric_factor           = 0.224,
   n0_rain                     = 8.0e6,
   n0_graupel                  = 4.0e6,
   n0_snow                     = 3.0e6,
   rho_rain                    = 1000.0,
   rho_graupel                 = 400.0,
   rho_snow                    = 100.0,
/
EOF
+ [[ -f input.nml ]]
+ cat input.nml_temp
+ 1>> input.nml
+ rm input.nml_temp
+ /glade/p/work/mizzi/TRUNK/DART_DEVEL/models/wrf_chem/namelist_scripts/DART/dart_create_obs_diag_nml.ksh
+ rm -f input.nml_temp
+ touch input.nml_temp
+ cat
+ 1> input.nml_temp 0<< \EOF
 &obs_diag_nml
   obs_sequence_name          = 'obs_seq.final',
   first_bin_center           = 2008, 0, 0, 0, 0, 0,
   last_bin_center            = 2008, 0, 0, 0, 0, 0,
   bin_separation             = 0, 0, 0, 6, 0, 0,
   bin_width                  = 0, 0, 0, 0, 0, 0,
   time_to_skip               = 0, 0, 0, 0, 0, 0,
   max_num_bins               = 1000,
   rat_cri                    = 5000.0,
   input_qc_threshold         = 4.0,
   Nregions                   = 1,
   lonlim1                    = 235.0,
   lonlim2                    = 295.0,
   latlim1                    = 25.0,
   latlim2                    = 55.0,
   reg_names                  = 'North America',
   print_mismatched_locs      = .false.,
   print_obs_locations        = .false.,
   verbose                    = .false.,
/
EOF
+ [[ -f input.nml ]]
+ cat input.nml_temp
+ 1>> input.nml
+ rm input.nml_temp
+ /glade/p/work/mizzi/TRUNK/DART_DEVEL/models/wrf_chem/namelist_scripts/DART/dart_create_obs_kind_nml.ksh
+ rm -f input.nml_temp
+ touch input.nml_temp
+ cat
+ 1> input.nml_temp 0<< \EOF
 &obs_kind_nml
   assimilate_these_obs_types = 'RADIOSONDE_TEMPERATURE',
                                      'RADIOSONDE_U_WIND_COMPONENT',
                                      'RADIOSONDE_V_WIND_COMPONENT',
                                      'ACARS_U_WIND_COMPONENT',
                                      'ACARS_V_WIND_COMPONENT',
                                      'ACARS_TEMPERATURE',
                                      'AIRCRAFT_U_WIND_COMPONENT',
                                      'AIRCRAFT_V_WIND_COMPONENT',
                                      'AIRCRAFT_TEMPERATURE',
                                      'SAT_U_WIND_COMPONENT',
                                      'SAT_V_WIND_COMPONENT',
                                      'IASI_O3_RETRIEVAL',
/
EOF
+ [[ -f input.nml ]]
+ cat input.nml_temp
+ 1>> input.nml
+ rm input.nml_temp
+ /glade/p/work/mizzi/TRUNK/DART_DEVEL/models/wrf_chem/namelist_scripts/DART/dart_create_obs_selection_nml.ksh
+ rm -f input.nml_temp
+ touch input.nml_temp
+ cat
+ 1> input.nml_temp 0<< \EOF
 &obs_selection_nml
   filename_seq          = 'obs_seq.out',
   filename_seq_list     = 'null',
   filename_out          = 'obs_seq.processed',
   selections_file       = 'obsdef_mask.txt',
   selections_is_obs_seq = .false.,
   print_only            = .false.,
   calendar              = 'gregorian', 
/ 
EOF
+ [[ -f input.nml ]]
+ cat input.nml_temp
+ 1>> input.nml
+ rm input.nml_temp
+ /glade/p/work/mizzi/TRUNK/DART_DEVEL/models/wrf_chem/namelist_scripts/DART/dart_create_obs_seq_coverage_nml.ksh
+ rm -f input.nml_temp
+ touch input.nml_temp
+ cat
+ 1> input.nml_temp 0<< \EOF
 &obs_seq_coverage_nml
   obs_sequence_list = 'obs_coverage_list.txt',
   obs_sequence_name = 'null',
   obs_of_interest   = 'null',
   textfile_out      = 'obsdef_mask.txt',
   netcdf_out        = 'obsdef_mask.nc',
   lonlim1           = 0.0,
   lonlim2           = 360.0,
   latlim1           = -90.0,
   latlim2           = 90.0,
   nTmin             = 8,
   nTmax             = 8,
   verbose           = .false.,
/
EOF
+ [[ -f input.nml ]]
+ cat input.nml_temp
+ 1>> input.nml
+ rm input.nml_temp
+ /glade/p/work/mizzi/TRUNK/DART_DEVEL/models/wrf_chem/namelist_scripts/DART/dart_create_obs_seq_to_netcdf_nml.ksh
+ rm -f input.nml_temp
+ touch input.nml_temp
+ cat
+ 1> input.nml_temp 0<< \EOF
 &obs_seq_to_netcdf_nml
   obs_sequence_name = 'null',
   obs_sequence_list = 'obs_coverage_list.txt',
   append_to_netcdf  = .false.,
   lonlim1           = 0.0,
   lonlim2           = 360.0,
   latlim1           = -90.0,
   latlim2           = 90.0,
   verbose           = .false.,
/
EOF
+ [[ -f input.nml ]]
+ cat input.nml_temp
+ 1>> input.nml
+ rm input.nml_temp
+ /glade/p/work/mizzi/TRUNK/DART_DEVEL/models/wrf_chem/namelist_scripts/DART/dart_create_obs_sequence_nml.ksh
+ rm -f input.nml_temp
+ touch input.nml_temp
+ cat
+ 1> input.nml_temp 0<< \EOF
 &obs_sequence_nml
   write_binary_obs_sequence   = .false.,
/
EOF
+ [[ -f input.nml ]]
+ cat input.nml_temp
+ 1>> input.nml
+ rm input.nml_temp
+ /glade/p/work/mizzi/TRUNK/DART_DEVEL/models/wrf_chem/namelist_scripts/DART/dart_create_obs_sequence_tool_nml.ksh
+ rm -f input.nml_temp
+ touch input.nml_temp
+ cat
+ 1> input.nml_temp 0<< \EOF
 &obs_sequence_tool_nml
   num_input_files          = 1, 
   filename_seq             = 'obs_seq.out',
   filename_out             = 'obs_seq.processed', 
   first_obs_days           = 148814,
   first_obs_seconds        = 75601,
   last_obs_days            = 148815,
   last_obs_seconds         = 10800,
   obs_types                = 'null', 
   keep_types               = .false., 
   print_only               = .false., 
   min_lat                  = -90.0, 
   max_lat                  = 90.0, 
   min_lon                  = 0.0, 
   max_lon                  = 360.0,
/
EOF
+ [[ -f input.nml ]]
+ cat input.nml_temp
+ 1>> input.nml
+ rm input.nml_temp
+ /glade/p/work/mizzi/TRUNK/DART_DEVEL/models/wrf_chem/namelist_scripts/DART/dart_create_perfect_model_obs_nml.ksh
+ rm -f input.nml_temp
+ touch input.nml_temp
+ cat
+ 1> input.nml_temp 0<< \EOF
&perfect_model_obs_nml
   start_from_restart           = .true.,
   output_restart               = .true.,
   async                        = 2,
   init_time_days               = -1,
   init_time_seconds            = -1,
   first_obs_days               = 148814,
   first_obs_seconds            = 75601,
   last_obs_days                = 148815,
   last_obs_seconds             = 10800,
   output_interval              = 1,
   restart_in_file_name         = 'filter_ic_old',
   restart_out_file_name        = 'filter_ic_new',
   obs_seq_in_file_name         = 'obs_seq.in',
   obs_seq_out_file_name        = 'obs_seq.out',
   adv_ens_command              = './advance_model.csh',
   output_timestamps            = .false.,
   trace_execution              = .false.,
   output_forward_op_errors     = .false.,
   print_every_nth_obs          = -1,
   silence                      = .false.,
/ 
EOF
+ [[ -f input.nml ]]
+ cat input.nml_temp
+ 1>> input.nml
+ rm input.nml_temp
+ /glade/p/work/mizzi/TRUNK/DART_DEVEL/models/wrf_chem/namelist_scripts/DART/dart_create_preprocess_nml.ksh
+ rm -f input.nml_temp
+ touch input.nml_temp
+ cat
+ 1> input.nml_temp 0<< \EOF
 &preprocess_nml
   input_obs_kind_mod_file  = '/glade/p/work/mizzi/TRUNK/DART_DEVEL/obs_kind/DEFAULT_obs_kind_mod.F90',
   output_obs_kind_mod_file = '/glade/p/work/mizzi/TRUNK/DART_DEVEL/obs_kind/obs_kind_mod.f90',
   input_obs_def_mod_file   = '/glade/p/work/mizzi/TRUNK/DART_DEVEL/obs_kind/DEFAULT_obs_def_mod.F90',
   output_obs_def_mod_file  = '/glade/p/work/mizzi/TRUNK/DART_DEVEL/obs_kind/obs_def_mod.f90',
   input_files              = '/glade/home/mizzi/TRUNK/DART_DEVEL/obs_def/obs_def_reanalysis_bufr_mod.f90',
                       '/glade/home/mizzi/TRUNK/DART_DEVEL/obs_def/obs_def_radar_mod.f90',
                       '/glade/home/mizzi/TRUNK/DART_DEVEL/obs_def/obs_def_metar_mod.f90',
                       '/glade/home/mizzi/TRUNK/DART_DEVEL/obs_def/obs_def_dew_point_mod.f90',
                       '/glade/home/mizzi/TRUNK/DART_DEVEL/obs_def/obs_def_altimeter_mod.f90',
                       '/glade/home/mizzi/TRUNK/DART_DEVEL/obs_def/obs_def_gps_mod.f90',
                       '/glade/home/mizzi/TRUNK/DART_DEVEL/obs_def/obs_def_gts_mod.f90',
                       '/glade/home/mizzi/TRUNK/DART_DEVEL/obs_def/obs_def_vortex_mod.f90',
                       '/glade/home/mizzi/TRUNK/DART_DEVEL/obs_def/obs_def_IASI_O3_mod.f90',
/  
EOF
+ [[ -f input.nml ]]
+ cat input.nml_temp
+ 1>> input.nml
+ rm input.nml_temp
+ /glade/p/work/mizzi/TRUNK/DART_DEVEL/models/wrf_chem/namelist_scripts/DART/dart_create_reg_factor_nml.ksh
+ rm -f input.nml_temp
+ touch input.nml_temp
+ cat
+ 1> input.nml_temp 0<< \EOF
 &reg_factor_nml
   select_regression           = 1,
   input_reg_file              = 'time_mean_reg',
   save_reg_diagnostics        = .false.,
   reg_diagnostics_file        = 'reg_diagnostics',
/
EOF
+ [[ -f input.nml ]]
+ cat input.nml_temp
+ 1>> input.nml
+ rm input.nml_temp
+ /glade/p/work/mizzi/TRUNK/DART_DEVEL/models/wrf_chem/namelist_scripts/DART/dart_create_replace_wrf_fields_nml.ksh
+ rm -f input.nml_temp
+ touch input.nml_temp
+ cat
+ 1> input.nml_temp 0<< \EOF
 &replace_wrf_fields_nml
   debug = .false.,
   fail_on_missing_field = .false.,
   fieldnames = 'SNOWC',
                      'ALBBCK',
                      'TMN',
                      'TSK',
                      'SH2O',
                      'SMOIS',
                      'SEAICE',
                      'HGT_d01',
                      'TSLB',
                      'SST',
                      'SNOWH',
                      'SNOW',
   fieldlist_file = ' ',
/
EOF
+ [[ -f input.nml ]]
+ cat input.nml_temp
+ 1>> input.nml
+ rm input.nml_temp
+ /glade/p/work/mizzi/TRUNK/DART_DEVEL/models/wrf_chem/namelist_scripts/DART/dart_create_restart_file_tool_nml.ksh
+ rm -f input.nml_temp
+ touch input.nml_temp
+ cat
+ 1> input.nml_temp 0<< \EOF
 &restart_file_tool_nml
   input_file_name              = 'filter_restart_in',
   output_file_name             = 'filter_restart_out',
   ens_size                     = 3,
   single_restart_file_in       = .false.,
   single_restart_file_out      = .false.,
   write_binary_restart_files   = .false.,
   overwrite_data_time          = .false.,
   new_data_days                = -1,
   new_data_secs                = -1,
   input_is_model_advance_file  = .false.,
   output_is_model_advance_file = .false.,
   overwrite_advance_time       = .false.,
   new_advance_days             = -1,
   new_advance_secs             = -1,
   gregorian_cal                = .true.,
   print_only                   = .false.,
/
EOF
+ [[ -f input.nml ]]
+ cat input.nml_temp
+ 1>> input.nml
+ rm input.nml_temp
+ /glade/p/work/mizzi/TRUNK/DART_DEVEL/models/wrf_chem/namelist_scripts/DART/dart_create_restart_file_utility_nml.ksh
+ rm -f input.nml_temp
+ touch input.nml_temp
+ cat
+ 1> input.nml_temp 0<< \EOF
 &restart_file_utility_nml
   input_file_name              = 'filter_restart_in',
   output_file_name             = 'filter_restart_out',
   ens_size                     = 3,
   single_restart_file_in       = .false.,
   single_restart_file_out      = .false.,
   write_binary_restart_files   = .false.,
   overwrite_data_time          = .false.,
   new_data_days                = -1,
   new_data_secs                = -1,
   input_is_model_advance_file  = .false.,
   output_is_model_advance_file = .false.,,
   overwrite_advance_time       = .false.,
   new_advance_days             = -1,
   new_advance_secs             = -1, 
/
EOF
+ [[ -f input.nml ]]
+ cat input.nml_temp
+ 1>> input.nml
+ rm input.nml_temp
+ /glade/p/work/mizzi/TRUNK/DART_DEVEL/models/wrf_chem/namelist_scripts/DART/dart_create_schedule_nml.ksh
+ rm -f input.nml_temp
+ touch input.nml_temp
+ cat
+ 1> input.nml_temp 0<< \EOF
 &schedule_nml
   calendar                  = 'Gregorian',  
   first_bin_start           = 2008, 6, 1, 0, 0, 0,
   first_bin_end             = 2008, 6, 1, 0, 0, 0,
   last_bin_start            = 2008, 6, 1, 0, 0, 0,
   last_bin_end              = 2008, 6, 1, 0, 0, 0,
   bin_interval_days         = 0,
   bin_interval_seconds      = 21600,   
   max_num_bins              = 1000,
   print_table               = .true.,
/   
EOF
+ [[ -f input.nml ]]
+ cat input.nml_temp
+ 1>> input.nml
+ rm input.nml_temp
+ /glade/p/work/mizzi/TRUNK/DART_DEVEL/models/wrf_chem/namelist_scripts/DART/dart_create_smoother_nml.ksh
+ rm -f input.nml_temp
+ touch input.nml_temp
+ cat
+ 1> input.nml_temp 0<< \EOF
 &smoother_nml
   num_lags                  = 0,
   start_from_restart        = .true.,
   output_restart            = .true.,
   restart_in_file_name      = 'filter_ic_old',
   restart_out_file_name     = 'filter_ic_new',
/
EOF
+ [[ -f input.nml ]]
+ cat input.nml_temp
+ 1>> input.nml
+ rm input.nml_temp
+ /glade/p/work/mizzi/TRUNK/DART_DEVEL/models/wrf_chem/namelist_scripts/DART/dart_create_utilities_nml.ksh
+ rm -f input.nml_temp
+ touch input.nml_temp
+ cat
+ 1> input.nml_temp 0<< \EOF
 &utilities_nml
   TERMLEVEL                   = 1,
   module_details              = .false.,
   logfilename                 = 'dart_log.out',
   nmlfilename                 = 'dart_log.nml',
   write_nml                   = 'file',
/
EOF
+ [[ -f input.nml ]]
+ cat input.nml_temp
+ 1>> input.nml
+ rm input.nml_temp
+ /glade/p/work/mizzi/TRUNK/DART_DEVEL/models/wrf_chem/namelist_scripts/DART/dart_create_wrf_obs_preproc_nml.ksh
+ rm -f input.nml_temp
+ touch input.nml_temp
+ cat
+ 1> input.nml_temp 0<< \EOF
 &wrf_obs_preproc_nml
   obs_boundary             = 0.0,
   increase_bdy_error       = .false.,
   maxobsfac                = 2.5,
   obsdistbdy               = 15.0,
   sfc_elevation_check      = .false.,
   sfc_elevation_tol        = 300.0,
   obs_pressure_top         = 0.0,
   obs_height_top           = 200000000000000.0,
   include_sig_data         = .true.,
   tc_sonde_radii           = -1.0,
   superob_aircraft         = .false.,
   aircraft_horiz_int       = 36.0,
   aircraft_pres_int        = 2500.0,
   superob_sat_winds        = .false.,
   sat_wind_horiz_int       = 100.0,
   sat_wind_pres_int        = 2500.0,
/ 
EOF
+ [[ -f input.nml ]]
+ cat input.nml_temp
+ 1>> input.nml
+ rm input.nml_temp
+ /glade/p/work/mizzi/TRUNK/DART_DEVEL/models/wrf_chem/namelist_scripts/DART/dart_create_wrf_to_dart_nml.ksh
+ rm -f input.nml_temp
+ touch input.nml_temp
+ cat
+ 1> input.nml_temp 0<< \EOF
 &wrf_to_dart_nml
   dart_restart_name   = 'dart_wrf_vector',
   print_data_ranges   = .false.,
   debug               = .false.,
/ 
EOF
+ [[ -f input.nml ]]
+ cat input.nml_temp
+ 1>> input.nml
+ rm input.nml_temp
+ let IMEM=1
+ [[ 1 -le 3 ]]
+ KMEM=1
+ export KMEM
+ CMEM=1
+ export CMEM
+ [[ 1 -lt 1000 ]]
+ KMEM=01
+ export KMEM
+ [[ 1 -lt 100 ]]
+ KMEM=001
+ export KMEM
+ CMEM=01
+ export CMEM
+ [[ 1 -lt 10 ]]
+ KMEM=0001
+ export KMEM
+ CMEM=001
+ export CMEM
+ cp /glade/scratch/mizzi/DART_CHEM/2008061018/wrfchem_forecast/wrfout_d01_2008-06-11_00:00:00_0001 wrfinput_d01
+ ./wrf_to_dart
 Starting program wrf_to_dart
 Initializing the utilities module.
 Trying to log to unit           10
 Trying to open file dart_log.out
 
 --------------------------------------
 Starting ... at YYYY MM DD HH MM SS = 
                 2013  2  6  8 28 51
 Program wrf_to_dart
 --------------------------------------
 
 set_nml_output Echo NML values to log file only
 Trying to open namelist log dart_log.nml
 wrf_to_dart: Converting a WRF netcdf file to a DART state vector file
 ------------------------------------------------------
 
 
 -------------- ASSIMILATE_THESE_OBS_TYPES --------------
 RADIOSONDE_TEMPERATURE
 RADIOSONDE_U_WIND_COMPONENT
 RADIOSONDE_V_WIND_COMPONENT
 ACARS_U_WIND_COMPONENT
 ACARS_V_WIND_COMPONENT
 ACARS_TEMPERATURE
 AIRCRAFT_U_WIND_COMPONENT
 AIRCRAFT_V_WIND_COMPONENT
 AIRCRAFT_TEMPERATURE
 SAT_U_WIND_COMPONENT
 SAT_V_WIND_COMPONENT
 IASI_O3_RETRIEVAL
 -------------- EVALUATE_THESE_OBS_TYPES --------------
 ------------------------------------------------------
 
 ******************
 **  DOMAIN # 1  **
 ******************
   dt from wrfinput_d0X file is:    180.000000000000
 static_init_model: state vector array    1 is U
 static_init_model: state vector array    2 is V
 static_init_model: state vector array    3 is W
 static_init_model: state vector array    4 is PH
 static_init_model: state vector array    5 is T
 static_init_model: state vector array    6 is MU
 static_init_model: state vector array    7 is QVAPOR
 static_init_model: state vector array    8 is QRAIN
 static_init_model: state vector array    9 is QCLOUD
 static_init_model: state vector array   10 is QSNOW
 static_init_model: state vector array   11 is QICE
 static_init_model: state vector array   12 is U10
 static_init_model: state vector array   13 is V10
 static_init_model: state vector array   14 is T2
 static_init_model: state vector array   15 is TH2
 static_init_model: state vector array   16 is Q2
 static_init_model: state vector array   17 is PSFC
 static_init_model: state vector array   18 is o3
 static_init_model: state vector array   19 is co
 static_init_model: state vector array   20 is no
 static_init_model: state vector array   21 is no2
 static_init_model: state vector array   22 is hno3
 static_init_model: state vector array   23 is hno4
 static_init_model: state vector array   24 is n2o5
 static_init_model: state vector array   25 is pan
 static_init_model: state vector array   26 is mek
 static_init_model: state vector array   27 is ald
 static_init_model: state vector array   28 is ch3o2
 static_init_model: state vector array   29 is c3h8
 static_init_model: state vector array   30 is c2h6
 static_init_model: state vector array   31 is acet
 static_init_model: state vector array   32 is hcho
 static_init_model: state vector array   33 is c2h4
 static_init_model: state vector array   34 is c3h6
 static_init_model: state vector array   35 is tol
 static_init_model: state vector array   36 is mvk
 static_init_model: state vector array   37 is bigalk
 static_init_model: state vector array   38 is isopr
 static_init_model: state vector array   39 is macr
 static_init_model: state vector array   40 is glyald
 static_init_model: state vector array   41 is c10h16
 static_init_model   wrf model size is     30549210
  
 reading state data from: wrfinput_d01
  
Gregorian date from wrfinput_d01: day=148815, sec=0
(Calendar date)                 : 2008 Jun 11 00:00:00
  
 writing data to file: dart_wrf_vector
forrtl: error (69): process interrupted (SIGINT)
Image              PC                Routine            Line        Source             
libpthread.so.0    0000003A2AE0E470  Unknown               Unknown  Unknown
wrf_to_dart        00000000004E73F2  Unknown               Unknown  Unknown
wrf_to_dart        00000000004E83B6  Unknown               Unknown  Unknown
wrf_to_dart        0000000000520D7F  Unknown               Unknown  Unknown
wrf_to_dart        000000000051C898  Unknown               Unknown  Unknown
wrf_to_dart        0000000000421805  Unknown               Unknown  Unknown
wrf_to_dart        00000000004667F5  Unknown               Unknown  Unknown
wrf_to_dart        0000000000409E3C  Unknown               Unknown  Unknown
libc.so.6          0000003540A1ECDD  Unknown               Unknown  Unknown
wrf_to_dart        0000000000409D39  Unknown               Unknown  Unknown
+ mv dart_wrf_vector filter_ic_old.0001
+ let IMEM=1+1
+ [[ 2 -le 3 ]]
+ KMEM=2
+ export KMEM
+ CMEM=2
+ export CMEM
+ [[ 2 -lt 1000 ]]
+ KMEM=02
+ export KMEM
+ [[ 2 -lt 100 ]]
+ KMEM=002
+ export KMEM
+ CMEM=02
+ export CMEM
+ [[ 2 -lt 10 ]]
+ KMEM=0002
+ export KMEM
+ CMEM=002
+ export CMEM
+ cp /glade/scratch/mizzi/DART_CHEM/2008061018/wrfchem_forecast/wrfout_d01_2008-06-11_00:00:00_0002 wrfinput_d01
+ ./wrf_to_dart
 Starting program wrf_to_dart
 Initializing the utilities module.
 Trying to log to unit           10
 Trying to open file dart_log.out
 
 --------------------------------------
 Starting ... at YYYY MM DD HH MM SS = 
                 2013  2  6  8 29 33
 Program wrf_to_dart
 --------------------------------------
 
 set_nml_output Echo NML values to log file only
 Trying to open namelist log dart_log.nml
 wrf_to_dart: Converting a WRF netcdf file to a DART state vector file
 ------------------------------------------------------
 
 
 -------------- ASSIMILATE_THESE_OBS_TYPES --------------
 RADIOSONDE_TEMPERATURE
 RADIOSONDE_U_WIND_COMPONENT
 RADIOSONDE_V_WIND_COMPONENT
 ACARS_U_WIND_COMPONENT
 ACARS_V_WIND_COMPONENT
 ACARS_TEMPERATURE
 AIRCRAFT_U_WIND_COMPONENT
 AIRCRAFT_V_WIND_COMPONENT
 AIRCRAFT_TEMPERATURE
 SAT_U_WIND_COMPONENT
 SAT_V_WIND_COMPONENT
 IASI_O3_RETRIEVAL
 -------------- EVALUATE_THESE_OBS_TYPES --------------
 ------------------------------------------------------
 
 ******************
 **  DOMAIN # 1  **
 ******************
   dt from wrfinput_d0X file is:    180.000000000000
 static_init_model: state vector array    1 is U
 static_init_model: state vector array    2 is V
 static_init_model: state vector array    3 is W
 static_init_model: state vector array    4 is PH
 static_init_model: state vector array    5 is T
 static_init_model: state vector array    6 is MU
 static_init_model: state vector array    7 is QVAPOR
 static_init_model: state vector array    8 is QRAIN
 static_init_model: state vector array    9 is QCLOUD
 static_init_model: state vector array   10 is QSNOW
 static_init_model: state vector array   11 is QICE
 static_init_model: state vector array   12 is U10
 static_init_model: state vector array   13 is V10
 static_init_model: state vector array   14 is T2
 static_init_model: state vector array   15 is TH2
 static_init_model: state vector array   16 is Q2
 static_init_model: state vector array   17 is PSFC
 static_init_model: state vector array   18 is o3
 static_init_model: state vector array   19 is co
 static_init_model: state vector array   20 is no
 static_init_model: state vector array   21 is no2
 static_init_model: state vector array   22 is hno3
 static_init_model: state vector array   23 is hno4
 static_init_model: state vector array   24 is n2o5
 static_init_model: state vector array   25 is pan
 static_init_model: state vector array   26 is mek
 static_init_model: state vector array   27 is ald
 static_init_model: state vector array   28 is ch3o2
 static_init_model: state vector array   29 is c3h8
 static_init_model: state vector array   30 is c2h6
 static_init_model: state vector array   31 is acet
 static_init_model: state vector array   32 is hcho
 static_init_model: state vector array   33 is c2h4
 static_init_model: state vector array   34 is c3h6
 static_init_model: state vector array   35 is tol
 static_init_model: state vector array   36 is mvk
 static_init_model: state vector array   37 is bigalk
 static_init_model: state vector array   38 is isopr
 static_init_model: state vector array   39 is macr
 static_init_model: state vector array   40 is glyald
 static_init_model: state vector array   41 is c10h16
 static_init_model   wrf model size is     30549210
  
 reading state data from: wrfinput_d01
  
Gregorian date from wrfinput_d01: day=148815, sec=0
(Calendar date)                 : 2008 Jun 11 00:00:00
  
 writing data to file: dart_wrf_vector
forrtl: error (69): process interrupted (SIGINT)
Image              PC                Routine            Line        Source             
wrf_to_dart        000000000055DC87  Unknown               Unknown  Unknown
wrf_to_dart        000000000054FE90  Unknown               Unknown  Unknown
wrf_to_dart        000000000054AD82  Unknown               Unknown  Unknown
wrf_to_dart        000000000051FB5F  Unknown               Unknown  Unknown
wrf_to_dart        000000000051C898  Unknown               Unknown  Unknown
wrf_to_dart        0000000000421805  Unknown               Unknown  Unknown
wrf_to_dart        00000000004667F5  Unknown               Unknown  Unknown
wrf_to_dart        0000000000409E3C  Unknown               Unknown  Unknown
libc.so.6          0000003540A1ECDD  Unknown               Unknown  Unknown
wrf_to_dart        0000000000409D39  Unknown               Unknown  Unknown
+ mv dart_wrf_vector filter_ic_old.0002
+ let IMEM=2+1
+ [[ 3 -le 3 ]]
+ KMEM=3
+ export KMEM
+ CMEM=3
+ export CMEM
+ [[ 3 -lt 1000 ]]
+ KMEM=03
+ export KMEM
+ [[ 3 -lt 100 ]]
+ KMEM=003
+ export KMEM
+ CMEM=03
+ export CMEM
+ [[ 3 -lt 10 ]]
+ KMEM=0003
+ export KMEM
+ CMEM=003
+ export CMEM
+ cp /glade/scratch/mizzi/DART_CHEM/2008061018/wrfchem_forecast/wrfout_d01_2008-06-11_00:00:00_0003 wrfinput_d01
