
 --------------------------------------
 Starting ... at YYYY MM DD HH MM SS = 
                 2008  5  7 13 48 37
 Program preprocess
 --------------------------------------


 Registering module :
 $URL: http://subversion.ucar.edu/DAReS/DART/branches/nancy_work/utilities/utilities_mod.f90 $
 $Revision: 3325 $
 $Date: 2008-04-30 14:17:26 -0600 (Wed, 30 Apr 2008) $
 Registration complete.


 Registering module :
 $URL: http://subversion.ucar.edu/DAReS/DART/branches/nancy_work/preprocess/preprocess.f90 $
 $Revision: 3324 $
 $Date: 2008-04-30 13:21:11 -0600 (Wed, 30 Apr 2008) $
 Registration complete.

 Path names of default obs_def and obs_kind modules
 ../../../../obs_def/DEFAULT_obs_def_mod.F90
 ../../../../obs_kind/DEFAULT_obs_kind_mod.F90
 Path names of output obs_def and obs_kind modules
 ../../../../obs_def/obs_def_mod.f90
 ../../../../obs_kind/obs_kind_mod.f90
 INPUT obs_def files follow:
 ../../../../obs_def/obs_def_reanalysis_bufr_mod.f90
 ../../../../obs_def/obs_def_altimeter_mod.f90
 ../../../../obs_def/obs_def_gps_mod.f90

 --------------------------------------
 Finished ... at YYYY MM DD HH MM SS = 
                 2008  5  7 13 48 37
 $URL: http://subversion.ucar.edu/DAReS/DART/branches/nancy_work/preprocess/preprocess.f90 $
 $Revision: 3324 $
 $Date: 2008-04-30 13:21:11 -0600 (Wed, 30 Apr 2008) $
 --------------------------------------


 --------------------------------------
 Starting ... at YYYY MM DD HH MM SS = 
                 2008  5  7 13 52  5
 Program preprocess
 --------------------------------------


 Registering module :
 $URL: http://subversion.ucar.edu/DAReS/DART/branches/nancy_work/utilities/utilities_mod.f90 $
 $Revision: 3325 $
 $Date: 2008-04-30 14:17:26 -0600 (Wed, 30 Apr 2008) $
 Registration complete.


 Registering module :
 $URL: http://subversion.ucar.edu/DAReS/DART/branches/nancy_work/preprocess/preprocess.f90 $
 $Revision: 3324 $
 $Date: 2008-04-30 13:21:11 -0600 (Wed, 30 Apr 2008) $
 Registration complete.

 Path names of default obs_def and obs_kind modules
 ../../../../obs_def/DEFAULT_obs_def_mod.F90
 ../../../../obs_kind/DEFAULT_obs_kind_mod.F90
 Path names of output obs_def and obs_kind modules
 ../../../../obs_def/obs_def_mod.f90
 ../../../../obs_kind/obs_kind_mod.f90
 INPUT obs_def files follow:
 ../../../../obs_def/obs_def_reanalysis_bufr_mod.f90
 ../../../../obs_def/obs_def_altimeter_mod.f90
 ../../../../obs_def/obs_def_gps_mod.f90
 ERROR FROM:
    routine       : preprocess
    source file   : $URL: http://subversion.ucar.edu/DAReS/DART/branches/nancy_work/preprocess/preprocess.f90 $
    file revision : $Revision: 3324 $
    revision date : $Date: 2008-04-30 13:21:11 -0600 (Wed, 30 Apr 2008) $
    message       :  file ../../../../obs_def/obs_def_mod.f90 exists and will not be overwritten: Please remove or rename

 --------------------------------------
 Starting ... at YYYY MM DD HH MM SS = 
                 2008  5  7 13 52 23
 Program preprocess
 --------------------------------------


 Registering module :
 $URL: http://subversion.ucar.edu/DAReS/DART/branches/nancy_work/utilities/utilities_mod.f90 $
 $Revision: 3325 $
 $Date: 2008-04-30 14:17:26 -0600 (Wed, 30 Apr 2008) $
 Registration complete.


 Registering module :
 $URL: http://subversion.ucar.edu/DAReS/DART/branches/nancy_work/preprocess/preprocess.f90 $
 $Revision: 3324 $
 $Date: 2008-04-30 13:21:11 -0600 (Wed, 30 Apr 2008) $
 Registration complete.

 Path names of default obs_def and obs_kind modules
 ../../../../obs_def/DEFAULT_obs_def_mod.F90
 ../../../../obs_kind/DEFAULT_obs_kind_mod.F90
 Path names of output obs_def and obs_kind modules
 ../../../../obs_def/obs_def_mod.f90
 ../../../../obs_kind/obs_kind_mod.f90
 INPUT obs_def files follow:
 ../../../../obs_def/obs_def_reanalysis_bufr_mod.f90
 ../../../../obs_def/obs_def_altimeter_mod.f90
 ../../../../obs_def/obs_def_gps_mod.f90

 --------------------------------------
 Finished ... at YYYY MM DD HH MM SS = 
                 2008  5  7 13 52 23
 $URL: http://subversion.ucar.edu/DAReS/DART/branches/nancy_work/preprocess/preprocess.f90 $
 $Revision: 3324 $
 $Date: 2008-04-30 13:21:11 -0600 (Wed, 30 Apr 2008) $
 --------------------------------------


 --------------------------------------
 Starting ... at YYYY MM DD HH MM SS = 
                 2008  5  7 13 55 17
 Program preprocess
 --------------------------------------


 Registering module :
 $URL: http://subversion.ucar.edu/DAReS/DART/branches/nancy_work/utilities/utilities_mod.f90 $
 $Revision: 3325 $
 $Date: 2008-04-30 14:17:26 -0600 (Wed, 30 Apr 2008) $
 Registration complete.


 Registering module :
 $URL: http://subversion.ucar.edu/DAReS/DART/branches/nancy_work/preprocess/preprocess.f90 $
 $Revision: 3324 $
 $Date: 2008-04-30 13:21:11 -0600 (Wed, 30 Apr 2008) $
 Registration complete.

 Path names of default obs_def and obs_kind modules
 ../../../../obs_def/DEFAULT_obs_def_mod.F90
 ../../../../obs_kind/DEFAULT_obs_kind_mod.F90
 Path names of output obs_def and obs_kind modules
 ../../../../obs_def/obs_def_mod.f90
 ../../../../obs_kind/obs_kind_mod.f90
 INPUT obs_def files follow:
 ../../../../obs_def/obs_def_reanalysis_bufr_mod.f90
 ../../../../obs_def/obs_def_altimeter_mod.f90
 ../../../../obs_def/obs_def_gps_mod.f90

 --------------------------------------
 Finished ... at YYYY MM DD HH MM SS = 
                 2008  5  7 13 55 17
 $URL: http://subversion.ucar.edu/DAReS/DART/branches/nancy_work/preprocess/preprocess.f90 $
 $Revision: 3324 $
 $Date: 2008-04-30 13:21:11 -0600 (Wed, 30 Apr 2008) $
 --------------------------------------


 --------------------------------------
 Starting ... at YYYY MM DD HH MM SS = 
                 2008  5  7 13 56 48
 Program merge_obs_seq
 --------------------------------------


 Registering module :
 $URL: http://subversion.ucar.edu/DAReS/DART/branches/nancy_work/utilities/utilities_mod.f90 $
 $Revision: 3325 $
 $Date: 2008-04-30 14:17:26 -0600 (Wed, 30 Apr 2008) $
 Registration complete.


 Registering module :
 $URL: http://subversion.ucar.edu/DAReS/DART/branches/nancy_work/obs_sequence/merge_obs_seq.f90 $
 $Revision: 3325 $
 $Date: 2008-04-30 14:17:26 -0600 (Wed, 30 Apr 2008) $
 Registration complete.


 Registering module :
 $URL: http://subversion.ucar.edu/DAReS/DART/branches/nancy_work/obs_sequence/obs_sequence_mod.f90 $
 $Revision: 3325 $
 $Date: 2008-04-30 14:17:26 -0600 (Wed, 30 Apr 2008) $
 Registration complete.

 ERROR FROM:
    routine       : read_obs_seq_header
    source file   : $URL: http://subversion.ucar.edu/DAReS/DART/branches/nancy_work/obs_sequence/obs_sequence_mod.f90 $
    file revision : $Revision: 3325 $
    revision date : $Date: 2008-04-30 14:17:26 -0600 (Wed, 30 Apr 2008) $
    message       :  Unable to open file gps_seq20060906

 --------------------------------------
 Starting ... at YYYY MM DD HH MM SS = 
                 2008  5 12 10 58  2
 Program preprocess
 --------------------------------------

 Path names of default obs_def and obs_kind modules
 ../../../../obs_def/DEFAULT_obs_def_mod.F90
 ../../../../obs_kind/DEFAULT_obs_kind_mod.F90
 Path names of output obs_def and obs_kind modules
 ../../../../obs_def/obs_def_mod.f90
 ../../../../obs_kind/obs_kind_mod.f90
 INPUT obs_def files follow:
 ../../../../obs_def/obs_def_reanalysis_bufr_mod.f90
 ../../../../obs_def/obs_def_altimeter_mod.f90
 ../../../../obs_def/obs_def_gps_mod.f90

 --------------------------------------
 Finished ... at YYYY MM DD HH MM SS = 
                 2008  5 12 10 58  2
 $URL: http://subversion.ucar.edu/DAReS/DART/branches/nancy_work/preprocess/preprocess.f90 $
 $Revision: 3330 $
 $Date: 2008-05-09 15:41:50 -0600 (Fri, 09 May 2008) $
 --------------------------------------


 --------------------------------------
 Starting ... at YYYY MM DD HH MM SS = 
                 2008  5 12 10 59  8
 Program preprocess
 --------------------------------------

 Path names of default obs_def and obs_kind modules
 ../../../../obs_def/DEFAULT_obs_def_mod.F90
 ../../../../obs_kind/DEFAULT_obs_kind_mod.F90
 Path names of output obs_def and obs_kind modules
 ../../../../obs_def/obs_def_mod.f90
 ../../../../obs_kind/obs_kind_mod.f90
 INPUT obs_def files follow:
 ../../../../obs_def/obs_def_reanalysis_bufr_mod.f90
 ../../../../obs_def/obs_def_altimeter_mod.f90
 ../../../../obs_def/obs_def_gps_mod.f90

 --------------------------------------
 Finished ... at YYYY MM DD HH MM SS = 
                 2008  5 12 10 59  8
 $URL: http://subversion.ucar.edu/DAReS/DART/branches/nancy_work/preprocess/preprocess.f90 $
 $Revision: 3330 $
 $Date: 2008-05-09 15:41:50 -0600 (Fri, 09 May 2008) $
 --------------------------------------

