
 --------------------------------------
 Starting ... at YYYY MM DD HH MM SS = 
                 2008  5  7 13 58  3
 Program preprocess
 --------------------------------------


 Registering module :
 $URL: http://subversion.ucar.edu/DAReS/DART/branches/nancy_work/utilities/utilities_mod.f90 $
 $Revision: 3325 $
 $Date: 2008-04-30 14:17:26 -0600 (Wed, 30 Apr 2008) $
 Registration complete.


 Registering module :
 $URL: http://subversion.ucar.edu/DAReS/DART/branches/nancy_work/preprocess/preprocess.f90 $
 $Revision: 3324 $
 $Date: 2008-04-30 13:21:11 -0600 (Wed, 30 Apr 2008) $
 Registration complete.

 Path names of default obs_def and obs_kind modules
 ../../../obs_def/DEFAULT_obs_def_mod.F90
 ../../../obs_kind/DEFAULT_obs_kind_mod.F90
 Path names of output obs_def and obs_kind modules
 ../../../obs_def/obs_def_mod.f90
 ../../../obs_kind/obs_kind_mod.f90
 INPUT obs_def files follow:
 ../../../obs_def/obs_def_reanalysis_bufr_mod.f90
 ../../../obs_def/obs_def_altimeter_mod.f90
 ../../../obs_def/obs_def_gps_mod.f90
 ERROR FROM:
    routine       : preprocess
    source file   : $URL: http://subversion.ucar.edu/DAReS/DART/branches/nancy_work/preprocess/preprocess.f90 $
    file revision : $Revision: 3324 $
    revision date : $Date: 2008-04-30 13:21:11 -0600 (Wed, 30 Apr 2008) $
    message       :  file ../../../obs_def/DEFAULT_obs_def_mod.F90 must exist (and does not)

 --------------------------------------
 Starting ... at YYYY MM DD HH MM SS = 
                 2008  5 12 12 55 17
 Program preprocess
 --------------------------------------

 Path names of default obs_def and obs_kind modules
 ../../../../obs_def/DEFAULT_obs_def_mod.F90
 ../../../../obs_kind/DEFAULT_obs_kind_mod.F90
 Path names of output obs_def and obs_kind modules
 ../../../../obs_def/obs_def_mod.f90
 ../../../../obs_kind/obs_kind_mod.f90
 INPUT obs_def files follow:
 ../../../../obs_def/obs_def_reanalysis_bufr_mod.f90
 ../../../../obs_def/obs_def_altimeter_mod.f90
 ../../../../obs_def/obs_def_gps_mod.f90
 ERROR FROM:
    routine       : preprocess
    source file   : $URL: http://subversion.ucar.edu/DAReS/DART/branches/nancy_work/preprocess/preprocess.f90 $
    file revision : $Revision: 3330 $
    revision date : $Date: 2008-05-09 15:41:50 -0600 (Fri, 09 May 2008) $
    message       :  file ../../../../obs_def/obs_def_mod.f90 exists and will not be overwritten: Please remove or rename

 --------------------------------------
 Starting ... at YYYY MM DD HH MM SS = 
                 2008  5 12 12 55 45
 Program preprocess
 --------------------------------------

 Path names of default obs_def and obs_kind modules
 ../../../../obs_def/DEFAULT_obs_def_mod.F90
 ../../../../obs_kind/DEFAULT_obs_kind_mod.F90
 Path names of output obs_def and obs_kind modules
 ../../../../obs_def/obs_def_mod.f90
 ../../../../obs_kind/obs_kind_mod.f90
 INPUT obs_def files follow:
 ../../../../obs_def/obs_def_reanalysis_bufr_mod.f90
 ../../../../obs_def/obs_def_altimeter_mod.f90
 ../../../../obs_def/obs_def_gps_mod.f90

 --------------------------------------
 Finished ... at YYYY MM DD HH MM SS = 
                 2008  5 12 12 55 45
 $URL: http://subversion.ucar.edu/DAReS/DART/branches/nancy_work/preprocess/preprocess.f90 $
 $Revision: 3330 $
 $Date: 2008-05-09 15:41:50 -0600 (Fri, 09 May 2008) $
 --------------------------------------


 --------------------------------------
 Starting ... at YYYY MM DD HH MM SS = 
                 2008  5 12 12 56 40
 Program preprocess
 --------------------------------------

 Path names of default obs_def and obs_kind modules
 ../../../../obs_def/DEFAULT_obs_def_mod.F90
 ../../../../obs_kind/DEFAULT_obs_kind_mod.F90
 Path names of output obs_def and obs_kind modules
 ../../../../obs_def/obs_def_mod.f90
 ../../../../obs_kind/obs_kind_mod.f90
 INPUT obs_def files follow:
 ../../../../obs_def/obs_def_reanalysis_bufr_mod.f90
 ../../../../obs_def/obs_def_altimeter_mod.f90
 ../../../../obs_def/obs_def_gps_mod.f90

 --------------------------------------
 Finished ... at YYYY MM DD HH MM SS = 
                 2008  5 12 12 56 40
 $URL: http://subversion.ucar.edu/DAReS/DART/branches/nancy_work/preprocess/preprocess.f90 $
 $Revision: 3330 $
 $Date: 2008-05-09 15:41:50 -0600 (Fri, 09 May 2008) $
 --------------------------------------


 --------------------------------------
 Starting ... at YYYY MM DD HH MM SS = 
                 2008  5 12 13  0  0
 Program preprocess
 --------------------------------------

 Path names of default obs_def and obs_kind modules
 ../../../../obs_def/DEFAULT_obs_def_mod.F90
 ../../../../obs_kind/DEFAULT_obs_kind_mod.F90
 Path names of output obs_def and obs_kind modules
 ../../../../obs_def/obs_def_mod.f90
 ../../../../obs_kind/obs_kind_mod.f90
 INPUT obs_def files follow:
 ../../../../obs_def/obs_def_reanalysis_bufr_mod.f90
 ../../../../obs_def/obs_def_altimeter_mod.f90
 ../../../../obs_def/obs_def_gps_mod.f90

 --------------------------------------
 Finished ... at YYYY MM DD HH MM SS = 
                 2008  5 12 13  0  0
 $URL: http://subversion.ucar.edu/DAReS/DART/branches/nancy_work/preprocess/preprocess.f90 $
 $Revision: 3330 $
 $Date: 2008-05-09 15:41:50 -0600 (Fri, 09 May 2008) $
 --------------------------------------


 --------------------------------------
 Starting ... at YYYY MM DD HH MM SS = 
                 2008  5 12 13  0 28
 Program preprocess
 --------------------------------------

 Path names of default obs_def and obs_kind modules
 ../../../../obs_def/DEFAULT_obs_def_mod.F90
 ../../../../obs_kind/DEFAULT_obs_kind_mod.F90
 Path names of output obs_def and obs_kind modules
 ../../../../obs_def/obs_def_mod.f90
 ../../../../obs_kind/obs_kind_mod.f90
 INPUT obs_def files follow:
 ../../../../obs_def/obs_def_reanalysis_bufr_mod.f90
 ../../../../obs_def/obs_def_altimeter_mod.f90
 ../../../../obs_def/obs_def_gps_mod.f90

 --------------------------------------
 Finished ... at YYYY MM DD HH MM SS = 
                 2008  5 12 13  0 28
 $URL: http://subversion.ucar.edu/DAReS/DART/branches/nancy_work/preprocess/preprocess.f90 $
 $Revision: 3330 $
 $Date: 2008-05-09 15:41:50 -0600 (Fri, 09 May 2008) $
 --------------------------------------


 --------------------------------------
 Starting ... at YYYY MM DD HH MM SS = 
                 2008  5 12 13  1  3
 Program preprocess
 --------------------------------------

 Path names of default obs_def and obs_kind modules
 ../../../../obs_def/DEFAULT_obs_def_mod.F90
 ../../../../obs_kind/DEFAULT_obs_kind_mod.F90
 Path names of output obs_def and obs_kind modules
 ../../../../obs_def/obs_def_mod.f90
 ../../../../obs_kind/obs_kind_mod.f90
 INPUT obs_def files follow:
 ../../../../obs_def/obs_def_1d_state.f90
 ERROR FROM:
    routine       : preprocess
    source file   : $URL: http://subversion.ucar.edu/DAReS/DART/branches/nancy_work/preprocess/preprocess.f90 $
    file revision : $Revision: 3330 $
    revision date : $Date: 2008-05-09 15:41:50 -0600 (Fri, 09 May 2008) $
    message       :  input_files ../../../../obs_def/obs_def_1d_state.f90 does NOT exist (and must).

 --------------------------------------
 Starting ... at YYYY MM DD HH MM SS = 
                 2008  5 12 13  1 36
 Program preprocess
 --------------------------------------

 Path names of default obs_def and obs_kind modules
 ../../../../obs_def/DEFAULT_obs_def_mod.F90
 ../../../../obs_kind/DEFAULT_obs_kind_mod.F90
 Path names of output obs_def and obs_kind modules
 ../../../../obs_def/obs_def_mod.f90
 ../../../../obs_kind/obs_kind_mod.f90
 INPUT obs_def files follow:
 ../../../../obs_def/obs_def_1d_state_mod.f90

 --------------------------------------
 Finished ... at YYYY MM DD HH MM SS = 
                 2008  5 12 13  1 36
 $URL: http://subversion.ucar.edu/DAReS/DART/branches/nancy_work/preprocess/preprocess.f90 $
 $Revision: 3330 $
 $Date: 2008-05-09 15:41:50 -0600 (Fri, 09 May 2008) $
 --------------------------------------


 --------------------------------------
 Starting ... at YYYY MM DD HH MM SS = 
                 2008  5 12 13  2 10
 Program preprocess
 --------------------------------------

 Path names of default obs_def and obs_kind modules
 ../../../../obs_def/DEFAULT_obs_def_mod.F90
 ../../../../obs_kind/DEFAULT_obs_kind_mod.F90
 Path names of output obs_def and obs_kind modules
 ../../../../obs_def/obs_def_mod.f90
 ../../../../obs_kind/obs_kind_mod.f90
 INPUT obs_def files follow:
 ../../../../obs_def/obs_def_1d_state_mod.f90

 --------------------------------------
 Finished ... at YYYY MM DD HH MM SS = 
                 2008  5 12 13  2 10
 $URL: http://subversion.ucar.edu/DAReS/DART/branches/nancy_work/preprocess/preprocess.f90 $
 $Revision: 3330 $
 $Date: 2008-05-09 15:41:50 -0600 (Fri, 09 May 2008) $
 --------------------------------------


 --------------------------------------
 Starting ... at YYYY MM DD HH MM SS = 
                 2008  5 12 13  3 35
 Program preprocess
 --------------------------------------

 Path names of default obs_def and obs_kind modules
 ../../../../obs_def/DEFAULT_obs_def_mod.F90
 ../../../../obs_kind/DEFAULT_obs_kind_mod.F90
 Path names of output obs_def and obs_kind modules
 ../../../../obs_def/obs_def_mod.f90
 ../../../../obs_kind/obs_kind_mod.f90
 INPUT obs_def files follow:
 ../../../../obs_def/obs_def_1d_state_mod.f90

 --------------------------------------
 Finished ... at YYYY MM DD HH MM SS = 
                 2008  5 12 13  3 35
 $URL: http://subversion.ucar.edu/DAReS/DART/branches/nancy_work/preprocess/preprocess.f90 $
 $Revision: 3330 $
 $Date: 2008-05-09 15:41:50 -0600 (Fri, 09 May 2008) $
 --------------------------------------


 --------------------------------------
 Starting ... at YYYY MM DD HH MM SS = 
                 2008  5 12 13  4  8
 Program preprocess
 --------------------------------------

 Path names of default obs_def and obs_kind modules
 ../../../../obs_def/DEFAULT_obs_def_mod.F90
 ../../../../obs_kind/DEFAULT_obs_kind_mod.F90
 Path names of output obs_def and obs_kind modules
 ../../../../obs_def/obs_def_mod.f90
 ../../../../obs_kind/obs_kind_mod.f90
 INPUT obs_def files follow:
 ../../../../obs_def/obs_def_1d_state_mod.f90

 --------------------------------------
 Finished ... at YYYY MM DD HH MM SS = 
                 2008  5 12 13  4  8
 $URL: http://subversion.ucar.edu/DAReS/DART/branches/nancy_work/preprocess/preprocess.f90 $
 $Revision: 3330 $
 $Date: 2008-05-09 15:41:50 -0600 (Fri, 09 May 2008) $
 --------------------------------------

