
 --------------------------------------
 Starting ... at YYYY MM DD HH MM SS = 
                 2008  5  7 14  2 18
 Program preprocess
 --------------------------------------


 Registering module :
 $URL: http://subversion.ucar.edu/DAReS/DART/branches/nancy_work/utilities/utilities_mod.f90 $
 $Revision: 3325 $
 $Date: 2008-04-30 14:17:26 -0600 (Wed, 30 Apr 2008) $
 Registration complete.


 Registering module :
 $URL: http://subversion.ucar.edu/DAReS/DART/branches/nancy_work/preprocess/preprocess.f90 $
 $Revision: 3324 $
 $Date: 2008-04-30 13:21:11 -0600 (Wed, 30 Apr 2008) $
 Registration complete.

 Path names of default obs_def and obs_kind modules
 ../../../../obs_def/DEFAULT_obs_def_mod.F90
 ../../../../obs_kind/DEFAULT_obs_kind_mod.F90
 Path names of output obs_def and obs_kind modules
 ../../../../obs_def/obs_def_mod.f90
 ../../../../obs_kind/obs_kind_mod.f90
 INPUT obs_def files follow:
 ../../../../obs_def/obs_def_reanalysis_bufr_mod.f90
 ../../../../obs_def/obs_def_altimeter_mod.f90
 ../../../../obs_def/obs_def_gps_mod.f90
 ERROR FROM:
    routine       : preprocess
    source file   : $URL: http://subversion.ucar.edu/DAReS/DART/branches/nancy_work/preprocess/preprocess.f90 $
    file revision : $Revision: 3324 $
    revision date : $Date: 2008-04-30 13:21:11 -0600 (Wed, 30 Apr 2008) $
    message       :  file ../../../../obs_def/obs_def_mod.f90 exists and will not be overwritten: Please remove or rename

 --------------------------------------
 Starting ... at YYYY MM DD HH MM SS = 
                 2008  5  7 14  2 33
 Program preprocess
 --------------------------------------


 Registering module :
 $URL: http://subversion.ucar.edu/DAReS/DART/branches/nancy_work/utilities/utilities_mod.f90 $
 $Revision: 3325 $
 $Date: 2008-04-30 14:17:26 -0600 (Wed, 30 Apr 2008) $
 Registration complete.


 Registering module :
 $URL: http://subversion.ucar.edu/DAReS/DART/branches/nancy_work/preprocess/preprocess.f90 $
 $Revision: 3324 $
 $Date: 2008-04-30 13:21:11 -0600 (Wed, 30 Apr 2008) $
 Registration complete.

 Path names of default obs_def and obs_kind modules
 ../../../../obs_def/DEFAULT_obs_def_mod.F90
 ../../../../obs_kind/DEFAULT_obs_kind_mod.F90
 Path names of output obs_def and obs_kind modules
 ../../../../obs_def/obs_def_mod.f90
 ../../../../obs_kind/obs_kind_mod.f90
 INPUT obs_def files follow:
 ../../../../obs_def/obs_def_reanalysis_bufr_mod.f90
 ../../../../obs_def/obs_def_altimeter_mod.f90
 ../../../../obs_def/obs_def_gps_mod.f90

 --------------------------------------
 Finished ... at YYYY MM DD HH MM SS = 
                 2008  5  7 14  2 33
 $URL: http://subversion.ucar.edu/DAReS/DART/branches/nancy_work/preprocess/preprocess.f90 $
 $Revision: 3324 $
 $Date: 2008-04-30 13:21:11 -0600 (Wed, 30 Apr 2008) $
 --------------------------------------


 --------------------------------------
 Starting ... at YYYY MM DD HH MM SS = 
                 2008  5  7 14  2 53
 Program preprocess
 --------------------------------------


 Registering module :
 $URL: http://subversion.ucar.edu/DAReS/DART/branches/nancy_work/utilities/utilities_mod.f90 $
 $Revision: 3325 $
 $Date: 2008-04-30 14:17:26 -0600 (Wed, 30 Apr 2008) $
 Registration complete.


 Registering module :
 $URL: http://subversion.ucar.edu/DAReS/DART/branches/nancy_work/preprocess/preprocess.f90 $
 $Revision: 3324 $
 $Date: 2008-04-30 13:21:11 -0600 (Wed, 30 Apr 2008) $
 Registration complete.

 Path names of default obs_def and obs_kind modules
 ../../../../obs_def/DEFAULT_obs_def_mod.F90
 ../../../../obs_kind/DEFAULT_obs_kind_mod.F90
 Path names of output obs_def and obs_kind modules
 ../../../../obs_def/obs_def_mod.f90
 ../../../../obs_kind/obs_kind_mod.f90
 INPUT obs_def files follow:
 ../../../../obs_def/obs_def_reanalysis_bufr_mod.f90
 ../../../../obs_def/obs_def_altimeter_mod.f90
 ../../../../obs_def/obs_def_gps_mod.f90

 --------------------------------------
 Finished ... at YYYY MM DD HH MM SS = 
                 2008  5  7 14  2 53
 $URL: http://subversion.ucar.edu/DAReS/DART/branches/nancy_work/preprocess/preprocess.f90 $
 $Revision: 3324 $
 $Date: 2008-04-30 13:21:11 -0600 (Wed, 30 Apr 2008) $
 --------------------------------------


 --------------------------------------
 Starting ... at YYYY MM DD HH MM SS = 
                 2008  5  7 14  3 37
 Program preprocess
 --------------------------------------


 Registering module :
 $URL: http://subversion.ucar.edu/DAReS/DART/branches/nancy_work/utilities/utilities_mod.f90 $
 $Revision: 3325 $
 $Date: 2008-04-30 14:17:26 -0600 (Wed, 30 Apr 2008) $
 Registration complete.


 Registering module :
 $URL: http://subversion.ucar.edu/DAReS/DART/branches/nancy_work/preprocess/preprocess.f90 $
 $Revision: 3324 $
 $Date: 2008-04-30 13:21:11 -0600 (Wed, 30 Apr 2008) $
 Registration complete.

 Path names of default obs_def and obs_kind modules
 ../../../../obs_def/DEFAULT_obs_def_mod.F90
 ../../../../obs_kind/DEFAULT_obs_kind_mod.F90
 Path names of output obs_def and obs_kind modules
 ../../../../obs_def/obs_def_mod.f90
 ../../../../obs_kind/obs_kind_mod.f90
 INPUT obs_def files follow:
 ../../../../obs_def/obs_def_reanalysis_bufr_mod.f90
 ../../../../obs_def/obs_def_altimeter_mod.f90
 ../../../../obs_def/obs_def_gps_mod.f90

 --------------------------------------
 Finished ... at YYYY MM DD HH MM SS = 
                 2008  5  7 14  3 37
 $URL: http://subversion.ucar.edu/DAReS/DART/branches/nancy_work/preprocess/preprocess.f90 $
 $Revision: 3324 $
 $Date: 2008-04-30 13:21:11 -0600 (Wed, 30 Apr 2008) $
 --------------------------------------


 --------------------------------------
 Starting ... at YYYY MM DD HH MM SS = 
                 2008  5  7 14  7 58
 Program preprocess
 --------------------------------------


 Registering module :
 $URL: http://subversion.ucar.edu/DAReS/DART/branches/nancy_work/utilities/utilities_mod.f90 $
 $Revision: 3325 $
 $Date: 2008-04-30 14:17:26 -0600 (Wed, 30 Apr 2008) $
 Registration complete.


 Registering module :
 $URL: http://subversion.ucar.edu/DAReS/DART/branches/nancy_work/preprocess/preprocess.f90 $
 $Revision: 3324 $
 $Date: 2008-04-30 13:21:11 -0600 (Wed, 30 Apr 2008) $
 Registration complete.

 Path names of default obs_def and obs_kind modules
 ../../../../obs_def/DEFAULT_obs_def_mod.F90
 ../../../../obs_kind/DEFAULT_obs_kind_mod.F90
 Path names of output obs_def and obs_kind modules
 ../../../../obs_def/obs_def_mod.f90
 ../../../../obs_kind/obs_kind_mod.f90
 INPUT obs_def files follow:
 ../../../../obs_def/obs_def_reanalysis_bufr_mod.f90
 ../../../../obs_def/obs_def_altimeter_mod.f90
 ../../../../obs_def/obs_def_gps_mod.f90

 --------------------------------------
 Finished ... at YYYY MM DD HH MM SS = 
                 2008  5  7 14  7 58
 $URL: http://subversion.ucar.edu/DAReS/DART/branches/nancy_work/preprocess/preprocess.f90 $
 $Revision: 3324 $
 $Date: 2008-04-30 13:21:11 -0600 (Wed, 30 Apr 2008) $
 --------------------------------------


 --------------------------------------
 Starting ... at YYYY MM DD HH MM SS = 
                 2008  5  8 17  4 26
 Program preprocess
 --------------------------------------


 Registering module :
 $URL: http://subversion.ucar.edu/DAReS/DART/branches/nancy_work/utilities/utilities_mod.f90 $
 $Revision: 3325 $
 $Date: 2008-04-30 14:17:26 -0600 (Wed, 30 Apr 2008) $
 Registration complete.


 Registering module :
 $URL: http://subversion.ucar.edu/DAReS/DART/branches/nancy_work/preprocess/preprocess.f90 $
 $Revision: 3324 $
 $Date: 2008-04-30 13:21:11 -0600 (Wed, 30 Apr 2008) $
 Registration complete.

 Path names of default obs_def and obs_kind modules
 ../../../../obs_def/DEFAULT_obs_def_mod.F90
 ../../../../obs_kind/DEFAULT_obs_kind_mod.F90
 Path names of output obs_def and obs_kind modules
 ../../../../obs_def/obs_def_mod.f90
 ../../../../obs_kind/obs_kind_mod.f90
 INPUT obs_def files follow:
 ../../../../obs_def/obs_def_reanalysis_bufr_mod.f90
 ../../../../obs_def/obs_def_altimeter_mod.f90
 ../../../../obs_def/obs_def_gps_mod.f90
 ERROR FROM:
    routine       : preprocess
    source file   : $URL: http://subversion.ucar.edu/DAReS/DART/branches/nancy_work/preprocess/preprocess.f90 $
    file revision : $Revision: 3324 $
    revision date : $Date: 2008-04-30 13:21:11 -0600 (Wed, 30 Apr 2008) $
    message       :  file ../../../../obs_def/DEFAULT_obs_def_mod.F90 must exist (and does not)

 --------------------------------------
 Starting ... at YYYY MM DD HH MM SS = 
                 2008  5  8 17  4 51
 Program preprocess
 --------------------------------------


 Registering module :
 $URL: http://subversion.ucar.edu/DAReS/DART/branches/nancy_work/utilities/utilities_mod.f90 $
 $Revision: 3325 $
 $Date: 2008-04-30 14:17:26 -0600 (Wed, 30 Apr 2008) $
 Registration complete.


 Registering module :
 $URL: http://subversion.ucar.edu/DAReS/DART/branches/nancy_work/preprocess/preprocess.f90 $
 $Revision: 3324 $
 $Date: 2008-04-30 13:21:11 -0600 (Wed, 30 Apr 2008) $
 Registration complete.

 Path names of default obs_def and obs_kind modules
 ../../../obs_def/DEFAULT_obs_def_mod.F90
 ../../../obs_kind/DEFAULT_obs_kind_mod.F90
 Path names of output obs_def and obs_kind modules
 ../../../obs_def/obs_def_mod.f90
 ../../../obs_kind/obs_kind_mod.f90
 INPUT obs_def files follow:
 ../../../obs_def/obs_def_reanalysis_bufr_mod.f90
 ../../../obs_def/obs_def_altimeter_mod.f90
 ../../../obs_def/obs_def_gps_mod.f90
 ERROR FROM:
    routine       : preprocess
    source file   : $URL: http://subversion.ucar.edu/DAReS/DART/branches/nancy_work/preprocess/preprocess.f90 $
    file revision : $Revision: 3324 $
    revision date : $Date: 2008-04-30 13:21:11 -0600 (Wed, 30 Apr 2008) $
    message       :  file ../../../obs_def/obs_def_mod.f90 exists and will not be overwritten: Please remove or rename

 --------------------------------------
 Starting ... at YYYY MM DD HH MM SS = 
                 2008  5  8 17  5  2
 Program preprocess
 --------------------------------------


 Registering module :
 $URL: http://subversion.ucar.edu/DAReS/DART/branches/nancy_work/utilities/utilities_mod.f90 $
 $Revision: 3325 $
 $Date: 2008-04-30 14:17:26 -0600 (Wed, 30 Apr 2008) $
 Registration complete.


 Registering module :
 $URL: http://subversion.ucar.edu/DAReS/DART/branches/nancy_work/preprocess/preprocess.f90 $
 $Revision: 3324 $
 $Date: 2008-04-30 13:21:11 -0600 (Wed, 30 Apr 2008) $
 Registration complete.

 Path names of default obs_def and obs_kind modules
 ../../../obs_def/DEFAULT_obs_def_mod.F90
 ../../../obs_kind/DEFAULT_obs_kind_mod.F90
 Path names of output obs_def and obs_kind modules
 ../../../obs_def/obs_def_mod.f90
 ../../../obs_kind/obs_kind_mod.f90
 INPUT obs_def files follow:
 ../../../obs_def/obs_def_reanalysis_bufr_mod.f90
 ../../../obs_def/obs_def_altimeter_mod.f90
 ../../../obs_def/obs_def_gps_mod.f90
 ERROR FROM:
    routine       : preprocess
    source file   : $URL: http://subversion.ucar.edu/DAReS/DART/branches/nancy_work/preprocess/preprocess.f90 $
    file revision : $Revision: 3324 $
    revision date : $Date: 2008-04-30 13:21:11 -0600 (Wed, 30 Apr 2008) $
    message       :  file ../../../obs_def/obs_def_mod.f90 exists and will not be overwritten: Please remove or rename

 --------------------------------------
 Starting ... at YYYY MM DD HH MM SS = 
                 2008  5  8 17  5 13
 Program preprocess
 --------------------------------------


 Registering module :
 $URL: http://subversion.ucar.edu/DAReS/DART/branches/nancy_work/utilities/utilities_mod.f90 $
 $Revision: 3325 $
 $Date: 2008-04-30 14:17:26 -0600 (Wed, 30 Apr 2008) $
 Registration complete.


 Registering module :
 $URL: http://subversion.ucar.edu/DAReS/DART/branches/nancy_work/preprocess/preprocess.f90 $
 $Revision: 3324 $
 $Date: 2008-04-30 13:21:11 -0600 (Wed, 30 Apr 2008) $
 Registration complete.

 Path names of default obs_def and obs_kind modules
 ../../../obs_def/DEFAULT_obs_def_mod.F90
 ../../../obs_kind/DEFAULT_obs_kind_mod.F90
 Path names of output obs_def and obs_kind modules
 ../../../obs_def/obs_def_mod.f90
 ../../../obs_kind/obs_kind_mod.f90
 INPUT obs_def files follow:
 ../../../obs_def/obs_def_reanalysis_bufr_mod.f90
 ../../../obs_def/obs_def_altimeter_mod.f90
 ../../../obs_def/obs_def_gps_mod.f90

 --------------------------------------
 Finished ... at YYYY MM DD HH MM SS = 
                 2008  5  8 17  5 13
 $URL: http://subversion.ucar.edu/DAReS/DART/branches/nancy_work/preprocess/preprocess.f90 $
 $Revision: 3324 $
 $Date: 2008-04-30 13:21:11 -0600 (Wed, 30 Apr 2008) $
 --------------------------------------

