 
 --------------------------------------
 Starting ... at YYYY MM DD HH MM SS = 
                 2011 11 23 18 10 43
 Program modis_ascii_to_obs
 --------------------------------------
 
 set_nml_output Echo NML values to log file only
 
 --------------------------------------
 Finished ... at YYYY MM DD HH MM SS = 
                 2011 11 23 18 10 43
 --------------------------------------
 
 
 --------------------------------------
 Starting ... at YYYY MM DD HH MM SS = 
                 2011 11 23 18 12 56
 Program modis_ascii_to_obs
 --------------------------------------
 
 set_nml_output Echo NML values to log file only
 
 --------------------------------------
 Finished ... at YYYY MM DD HH MM SS = 
                 2011 11 23 18 12 56
 --------------------------------------
 
 
 --------------------------------------
 Starting ... at YYYY MM DD HH MM SS = 
                 2011 11 23 18 16 57
 Program modis_ascii_to_obs
 --------------------------------------
 
 set_nml_output Echo NML values to log file only
 location_mod: Ignoring vertical when computing distances; horizontal only
 write_obs_seq  opening formatted file modis_obs_seq.out
 Assimilate_these_obs_types
 Evaluate_these_obs_types
 write_obs_seq  closed file modis_obs_seq.out
 
 --------------------------------------
 Finished ... at YYYY MM DD HH MM SS = 
                 2011 11 23 18 16 57
 --------------------------------------
 
 
 --------------------------------------
 Starting ... at YYYY MM DD HH MM SS = 
                 2011 11 29 15 23  6
 Program modis_ascii_to_obs
 --------------------------------------
 
 set_nml_output Echo NML values to log file only
 location_mod: Ignoring vertical when computing distances; horizontal only
 ERROR FROM:
  routine: insert_obs_in_seq
  message:  ran out of room, num_obs (      100000) > max_num_obs (      100000)
  
  source file: 
 $URL: https://proxy.subversion.ucar.edu/DAReS/DART/trunk/obs_sequence/obs_seque
 nce_mod.f90 $
  file revision: $Revision: 4809 $
  revision date: $Date: 2011-03-23 14:00:32 -0700 (Wed, 23 Mar 2011) $
 
 --------------------------------------
 Starting ... at YYYY MM DD HH MM SS = 
                 2011 11 29 15 24 53
 Program modis_ascii_to_obs
 --------------------------------------
 
 set_nml_output Echo NML values to log file only
 location_mod: Ignoring vertical when computing distances; horizontal only
 write_obs_seq  opening formatted file modis_obs_seq.out
 Assimilate_these_obs_types
 Evaluate_these_obs_types
 write_obs_seq  closed file modis_obs_seq.out
 
 --------------------------------------
 Finished ... at YYYY MM DD HH MM SS = 
                 2011 11 29 15 26 18
 --------------------------------------
 
 
 --------------------------------------
 Starting ... at YYYY MM DD HH MM SS = 
                 2011 11 30 17 53 36
 Program modis_ascii_to_obs
 --------------------------------------
 
 set_nml_output Echo NML values to log file only
 location_mod: Ignoring vertical when computing distances; horizontal only
 write_obs_seq  opening formatted file modis_obs_seq.out
 Assimilate_these_obs_types
 Evaluate_these_obs_types
 write_obs_seq  closed file modis_obs_seq.out
 
 --------------------------------------
 Finished ... at YYYY MM DD HH MM SS = 
                 2011 11 30 17 55  1
 --------------------------------------
 
 
 --------------------------------------
 Starting ... at YYYY MM DD HH MM SS = 
                 2011 11 30 20 34 33
 Program obs_sequence_tool
 --------------------------------------
 
 set_nml_output Echo NML values to log file only
 ERROR FROM:
  routine: find_namelist_in_file
  message:  Namelist entry &obs_sequence_tool_nml must exist in input.nml
  
  source file: 
 $URL: https://proxy.subversion.ucar.edu/DAReS/DART/trunk/utilities/utilities_mo
 d.f90 $
  file revision: $Revision: 4716 $
  revision date: $Date: 2011-02-15 14:08:10 -0700 (Tue, 15 Feb 2011) $
 
 --------------------------------------
 Starting ... at YYYY MM DD HH MM SS = 
                 2011 11 30 20 35  1
 Program modis_ascii_to_obs
 --------------------------------------
 
 set_nml_output Echo NML values to log file only
 location_mod: Ignoring vertical when computing distances; horizontal only
 write_obs_seq  opening formatted file modis_obs_seq.out
 Assimilate_these_obs_types
 Evaluate_these_obs_types
 write_obs_seq  closed file modis_obs_seq.out
 
 --------------------------------------
 Finished ... at YYYY MM DD HH MM SS = 
                 2011 11 30 20 36 34
 --------------------------------------
 
 
 --------------------------------------
 Starting ... at YYYY MM DD HH MM SS = 
                 2011 12 21 19  1 15
 Program modis_ascii_to_obs
 --------------------------------------
 
 set_nml_output Echo NML values to log file only
 location_mod: Ignoring vertical when computing distances; horizontal only
 write_obs_seq  opening formatted file modis_obs_seq.out
 Assimilate_these_obs_types
 Evaluate_these_obs_types
 write_obs_seq  closed file modis_obs_seq.out
 
 --------------------------------------
 Finished ... at YYYY MM DD HH MM SS = 
                 2011 12 21 19  2 47
 --------------------------------------
 
 
 --------------------------------------
 Starting ... at YYYY MM DD HH MM SS = 
                 2011 12 21 22 31 39
 Program modis_ascii_to_obs
 --------------------------------------
 
 set_nml_output Echo NML values to log file only
 location_mod: Ignoring vertical when computing distances; horizontal only
 write_obs_seq  opening formatted file modis_obs_seq.out
 Assimilate_these_obs_types
 Evaluate_these_obs_types
 write_obs_seq  closed file modis_obs_seq.out
 
 --------------------------------------
 Finished ... at YYYY MM DD HH MM SS = 
                 2011 12 21 22 31 48
 --------------------------------------
 
 
 --------------------------------------
 Starting ... at YYYY MM DD HH MM SS = 
                 2011 12 21 22 38 11
 Program modis_ascii_to_obs
 --------------------------------------
 
 set_nml_output Echo NML values to log file only
 location_mod: Ignoring vertical when computing distances; horizontal only
 
 --------------------------------------
 Starting ... at YYYY MM DD HH MM SS = 
                 2011 12 21 22 43 58
 Program modis_ascii_to_obs
 --------------------------------------
 
 set_nml_output Echo NML values to log file only
 location_mod: Ignoring vertical when computing distances; horizontal only
 write_obs_seq  opening formatted file modis_obs_seq.out
 Assimilate_these_obs_types
 Evaluate_these_obs_types
 write_obs_seq  closed file modis_obs_seq.out
 
 --------------------------------------
 Finished ... at YYYY MM DD HH MM SS = 
                 2011 12 21 22 44  5
 --------------------------------------
 
