+ START_DATE=2008060118
+ export START_DATE
+ END_DATE=2008060118
+ export END_DATE
+ DOMAIN=01
+ export DOMAIN
+ NUM_MEMBERS=3
+ export NUM_MEMBERS
+ CYCLE_PERIOD=6
+ export CYCLE_PERIOD
+ FCST_PERIOD=6
+ export FCST_PERIOD
+ ASIM_PERIOD=3
+ export ASIM_PERIOD
+ LBC_FREQ=3
+ export LBC_FREQ
+ (( INTERVAL_SEC=3*60*60 ))
+ (( CYCLE_PERIOD_SEC=6*60*60 ))
+ USE_HSI=false
+ export USE_HSI
+ DART_VER=DART_DEVEL_COM
+ export DART_VER
+ WRFCHEM_VER=WRFCHEMv3.4_dmpar
+ export WRFCHEM_VER
+ WRF_VER=WRFv3.4_dmpar
+ export WRF_VER
+ WRFDA_VER=WRFDAv3.4_dmpar
+ export WRFDA_VER
+ PROJ_NUMBER=P19010000
+ export PROJ_NUMBER
+ TIME_LIMIT_FILTER=1:40
+ export TIME_LIMIT_FILTER
+ TIME_LIMIT_WRFCHEM=1:40
+ export TIME_LIMIT_WRFCHEM
+ NUM_TASKS=32
+ export NUM_TASKS
+ TASKS_PER_NODE=16
+ export TASKS_PER_NODE
+ JOB_CLASS=regular
+ export JOB_CLASS
+ RUN_DIR=/glade/scratch/mizzi/DART_OBS_SEQ_TO_NETCDF/MOPITT
+ export RUN_DIR
+ TRUNK_DIR=/glade/p/work/mizzi/TRUNK
+ export TRUNK_DIR
+ DATA_DIR=/glade/scratch/mizzi/AVE_TEST_DATA
+ export DATA_DIR
+ HSI_DATA_DIR=/MIZZI/AVE_TEST_DATA
+ export HSI_DATA_DIR
+ EXP_DIR=/glade/scratch/mizzi/DART_TEST_AVE/TEST_DIR
+ export EXP_DIR
+ HSI_EXP_DIR=/MIZZI/DART_TEST_AVE/TEST_DIR
+ export HSI_EXP_DIR
+ DART_DIR=/glade/p/work/mizzi/TRUNK/DART_DEVEL_COM
+ export DART_DIR
+ WRF_DIR=/glade/p/work/mizzi/TRUNK/WRFv3.4_dmpar
+ export WRF_DIR
+ WRFCHEM_DIR=/glade/p/work/mizzi/TRUNK/WRFCHEMv3.4_dmpar
+ export WRFCHEM_DIR
+ WRFDA_DIR=/glade/p/work/mizzi/TRUNK/WRFDAv3.4_dmpar/var
+ export WRFDA_DIR
+ [[ ! -d /glade/scratch/mizzi/DART_OBS_SEQ_TO_NETCDF/MOPITT ]]
+ cd /glade/scratch/mizzi/DART_OBS_SEQ_TO_NETCDF/MOPITT
+ cp /glade/p/work/mizzi/TRUNK/DART_DEVEL_COM/models/wrf_chem/work/input.nml ./.
+ cp /glade/p/work/mizzi/TRUNK/DART_DEVEL_COM/models/wrf_chem/work/advance_time ./.
+ cp /glade/p/work/mizzi/TRUNK/DART_DEVEL_COM/models/wrf_chem/work/obs_seq_to_netcdf ./.
+ cp /glade/p/work/mizzi/TRUNK/DART_DEVEL_COM/diagnostics/matlab/link_obs.m ./.
+ cp /glade/p/work/mizzi/TRUNK/DART_DEVEL_COM/diagnostics/matlab/plot_obs_netcdf.m ./.
+ cp /glade/p/work/mizzi/TRUNK/DART_DEVEL_COM/diagnostics/matlab/plot_obs_netcdf_diffs.m ./.
+ cp /glade/p/work/mizzi/TRUNK/DART_DEVEL_COM/models/wrf_chem/run_diagnostics/run_matlab_scripts/run_plot_obs_netcdf.m ./.
+ cp /glade/p/work/mizzi/TRUNK/DART_DEVEL_COM/models/wrf_chem/run_diagnostics/run_matlab_scripts/run_plot_obs_netcdf_diffs.m ./.
+ cd /glade/scratch/mizzi/DART_OBS_SEQ_TO_NETCDF/MOPITT
+ rm -rf file_list.txt
+ L_DATE=2008060118
+ export L_DATE
+ [[ 2008060118 -le 2008060118 ]]
+ echo 2008060118
+ cut -c1-4
+ L_YY=2008
+ export L_YY
+ echo 2008060118
+ cut -c5-6
+ L_MM=06
+ export L_MM
+ echo 2008060118
+ L_DD=01
+ export L_DD
+ cut -c9-10
+ L_HH=18
+ export L_HH
+ L_FILE_DATE=2008-06-01_18:00:00
+ export L_FILE_DATE
+ ./advance_time
+ echo 2008060118 +6h
+ NEXT_DATE=2008060200
+ export NEXT_DATE
+ echo 2008060200
+ cut -c1-4
+ NEXT_YY=2008
+ export NEXT_YY
+ cut -c5-6
+ NEXT_MM=06
+ export NEXT_MM
+ echo 2008060200
+ cut -c7-8
+ NEXT_DD=02
+ export NEXT_DD
+ cut -c9-10
+ echo 2008060200
+ NEXT_HH=00
+ export NEXT_HH
+ NEXT_FILE_DATE=2008-06-02_00:00:00
+ export NEXT_FILE_DATE
+ FILE=obs_seq.final
+ export FILE
+ [[ ! -d /glade/scratch/mizzi/DART_TEST_AVE/TEST_DIR/2008060118/dart_filter ]]
+ cd /glade/scratch/mizzi/DART_TEST_AVE/TEST_DIR/2008060118/dart_filter
+ [[ ! -f obs_seq.final ]]
+ cd /glade/scratch/mizzi/DART_OBS_SEQ_TO_NETCDF/MOPITT
+ echo /glade/scratch/mizzi/DART_TEST_AVE/TEST_DIR/2008060118/dart_filter/obs_seq.final
+ 1>> file_list.txt
+ L_DATE=2008060200
+ export L_DATE
+ [[ 2008060200 -le 2008060118 ]]
+ echo 2008060118
+ cut -c1-4
+ STR_YY=2008
+ export STR_YY
+ echo 2008060118
+ cut -c5-6
+ STR_MM=06
+ export STR_MM
+ echo 2008060118
+ cut -c7-8
+ STR_DD=01
+ export STR_DD
+ echo 2008060118
+ cut -c9-10
+ STR_HH=18
+ export STR_HH
+ cut -c1-4
+ END_YY=2008
+ export END_YY
+ echo 2008060118
+ cut -c5-6
+ END_MM=06
+ export END_MM
+ echo 2008060118
+ cut -c7-8
+ END_DD=01
+ export END_DD
+ echo 2008060118
+ cut -c9-10
+ END_HH=18
+ export END_HH
+ echo 2008060118 -3h
+ ./advance_time
+ ASIM_MIN_DATE_STR=2008060115
+ export ASIM_MIN_DATE_STR
+ echo 2008060115
+ cut -c1-4
+ ASIM_MIN_YY_STR=2008
+ export ASIM_MIN_YY_STR
+ echo 2008060115
+ cut -c5-6
+ ASIM_MIN_MM_STR=06
+ export ASIM_MIN_MM_STR
+ echo 2008060115
+ cut -c7-8
+ ASIM_MIN_DD_STR=01
+ export ASIM_MIN_DD_STR
+ echo 2008060115
+ cut -c9-10
+ ASIM_MIN_HH_STR=15
+ export ASIM_MIN_HH_STR
+ echo 2008060118 +3h
+ ASIM_MAX_DATE_STR=2008060121
+ export ASIM_MAX_DATE_STR
+ echo 2008060121
+ cut -c1-4
+ ASIM_MAX_YY_STR=2008
+ export ASIM_MAX_YY_STR
+ echo 2008060121
+ cut -c5-6
+ ASIM_MAX_MM_STR=06
+ export ASIM_MAX_MM_STR
+ echo 2008060121
+ cut -c7-8
+ ASIM_MAX_DD_STR=01
+ export ASIM_MAX_DD_STR
+ echo 2008060121
+ cut -c9-10
+ ASIM_MAX_HH_STR=21
+ export ASIM_MAX_HH_STR
+ ./advance_time
+ ASIM_MIN_DATE_END=2008060115
+ export ASIM_MIN_DATE_END
+ echo 2008060115
+ cut -c1-4
+ ASIM_MIN_YY_END=2008
+ export ASIM_MIN_YY_END
+ echo 2008060115
+ cut -c5-6
+ ASIM_MIN_MM_END=06
+ export ASIM_MIN_MM_END
+ echo 2008060115
+ cut -c7-8
+ ASIM_MIN_DD_END=01
+ export ASIM_MIN_DD_END
+ echo 2008060115
+ cut -c9-10
+ ASIM_MIN_HH_END=15
+ export ASIM_MIN_HH_END
+ echo 2008060118 +3h
+ ./advance_time
+ ASIM_MAX_DATE_END=2008060121
+ export ASIM_MAX_DATE_END
+ echo 2008060121
+ cut -c1-4
+ ASIM_MAX_YY_END=2008
+ export ASIM_MAX_YY_END
+ echo 2008060121
+ cut -c5-6
+ ASIM_MAX_MM_END=06
+ export ASIM_MAX_MM_END
+ echo 2008060121
+ cut -c7-8
+ ASIM_MAX_DD_END=01
+ export ASIM_MAX_DD_END
+ echo 2008060121
+ cut -c9-10
+ ASIM_MAX_HH_END=21
+ export ASIM_MAX_HH_END
+ (( STR_MM = 06 + 0 ))
+ (( STR_DD = 01 + 0 ))
+ (( STR_HH = 18 + 0 ))
+ (( END_MM = 06 + 0 ))
+ (( END_DD = 01 + 0 ))
+ (( END_HH = 18 + 0 ))
+ (( ASIM_MIN_MM_STR = 06 + 0 ))
+ (( ASIM_MIN_DD_STR = 01 + 0 ))
+ (( ASIM_MIN_HH_STR = 15 + 0 ))
+ (( ASIM_MAX_MM_STR = 06 + 0 ))
+ (( ASIM_MAX_DD_STR = 01 + 0 ))
+ (( ASIM_MAX_HH_STR = 21 + 0 ))
+ (( ASIM_MIN_MM_END = 06 + 0 ))
+ (( ASIM_MIN_DD_END = 01 + 0 ))
+ (( ASIM_MIN_HH_END = 15 + 0 ))
+ (( ASIM_MAX_MM_END = 06 + 0 ))
+ (( ASIM_MAX_DD_END = 01 + 0 ))
+ (( ASIM_MAX_HH_END = 21 + 0 ))
+ NL_OBS_SEQUENCE_NAME=$'\'\''
+ export NL_OBS_SEQUENCE_NAME
+ NL_OBS_SEQUENCE_LIST=$'\'file_list.txt\''
+ export NL_OBS_SEQUENCE_LIST
+ NL_FIRST_BIN_CENTER_YY=2008
+ export NL_FIRST_BIN_CENTER_YY
+ NL_FIRST_BIN_CENTER_MM=6
+ export NL_FIRST_BIN_CENTER_MM
+ NL_FIRST_BIN_CENTER_DD=1
+ export NL_FIRST_BIN_CENTER_DD
+ NL_FIRST_BIN_CENTER_HH=18
+ export NL_FIRST_BIN_CENTER_HH
+ NL_FIRST_BIN_CENTER_MN=0
+ export NL_FIRST_BIN_CENTER_MN
+ NL_FIRST_BIN_CENTER_SS=0
+ export NL_FIRST_BIN_CENTER_SS
+ NL_LAST_BIN_CENTER_YY=2008
+ export NL_LAST_BIN_CENTER_YY
+ NL_LAST_BIN_CENTER_MM=6
+ export NL_LAST_BIN_CENTER_MM
+ NL_LAST_BIN_CENTER_DD=1
+ export NL_LAST_BIN_CENTER_DD
+ NL_LAST_BIN_CENTER_HH=18
+ export NL_LAST_BIN_CENTER_HH
+ NL_LAST_BIN_CENTER_MN=0
+ export NL_LAST_BIN_CENTER_MN
+ NL_LAST_BIN_CENTER_SS=0
+ export NL_LAST_BIN_CENTER_SS
+ NL_BIN_SEPARATION_YY=0
+ export NL_BIN_SEPARATION_YY
+ NL_BIN_SEPARATION_MM=0
+ export NL_BIN_SEPARATION_MM
+ NL_BIN_SEPARATION_DD=0
+ export NL_BIN_SEPARATION_DD
+ NL_BIN_SEPARATION_HH=6
+ export NL_BIN_SEPARATION_HH
+ NL_BIN_SEPARATION_MN=0
+ export NL_BIN_SEPARATION_MN
+ NL_BIN_SEPARATION_SS=0
+ export NL_BIN_SEPARATION_SS
+ NL_BIN_WIDTH_YY=0
+ export NL_BIN_WIDTH_YY
+ NL_BIN_WIDTH_MM=0
+ export NL_BIN_WIDTH_MM
+ NL_BIN_WIDTH_DD=0
+ export NL_BIN_WIDTH_DD
+ NL_BIN_WIDTH_HH=6
+ export NL_BIN_WIDTH_HH
+ NL_BIN_WIDTH_MN=0
+ export NL_BIN_WIDTH_MN
+ NL_BIN_WIDTH_SS=0
+ export NL_BIN_WIDTH_SS
+ NL_TIME_TO_SKIP_YY=0
+ export NL_TIME_TO_SKIP_YY
+ NL_TIME_TO_SKIP_MM=0
+ export NL_TIME_TO_SKIP_MM
+ NL_TIME_TO_SKIP_DD=0
+ export NL_TIME_TO_SKIP_DD
+ NL_TIME_TO_SKIP_HH=0
+ export NL_TIME_TO_SKIP_HH
+ NL_TIME_TO_SKIP_MN=0
+ export NL_TIME_TO_SKIP_MN
+ NL_TIME_TO_SKIP_SS=0
+ export NL_TIME_TO_SKIP_SS
+ NL_MAX_NUM_BINS=1000
+ export NL_MAX_NUM_BINS
+ NL_RAT_CRI=5000.0
+ export NL_RAT_CRI
+ NL_INPUT_QC_THRESHOLD=2.0
+ export NL_INPUT_QC_THRESHOLD
+ NL_NREGIONS=1
+ export NL_NREGIONS
+ NL_LATLIM1=-90.
+ export NL_LATLIM1
+ NL_LATLIM2=90.
+ export NL_LATLIM2
+ NL_LONLIM1=0.
+ export NL_LONLIM1
+ NL_LONLIM2=360.
+ export NL_LONLIM2
+ NL_REG_NAMES=$'\'Globe\''
+ export NL_REG_NAMES
+ NL_PRINT_MISMATCHED_LOCS=.false.
+ export NL_PRINT_MISMATCHED_LOCS
+ NL_PRINT_OBS_LOCATIONS=.false.
+ export NL_PRINT_OBS_LOCATIONS
+ NL_VERBOSE=.false.
+ export NL_VERBOSE
+ NL_CALENDAR=$'\'Gregorian\''
+ export NL_CALENDAR
+ NL_FIRST_BIN_START_YY=2008
+ export NL_FIRST_BIN_START_YY
+ NL_FIRST_BIN_START_MM=6
+ export NL_FIRST_BIN_START_MM
+ NL_FIRST_BIN_START_DD=1
+ export NL_FIRST_BIN_START_DD
+ NL_FIRST_BIN_START_HH=15
+ export NL_FIRST_BIN_START_HH
+ NL_FIRST_BIN_START_MN=0
+ export NL_FIRST_BIN_START_MN
+ NL_FIRST_BIN_START_SS=0
+ export NL_FIRST_BIN_START_SS
+ NL_FIRST_BIN_END_YY=2008
+ export NL_FIRST_BIN_END_YY
+ NL_FIRST_BIN_END_MM=6
+ export NL_FIRST_BIN_END_MM
+ NL_FIRST_BIN_END_DD=1
+ export NL_FIRST_BIN_END_DD
+ NL_FIRST_BIN_END_HH=21
+ export NL_FIRST_BIN_END_HH
+ NL_FIRST_BIN_END_MN=0
+ export NL_FIRST_BIN_END_MN
+ NL_FIRST_BIN_END_SS=0
+ export NL_FIRST_BIN_END_SS
+ NL_LAST_BIN_START_YY=2008
+ export NL_LAST_BIN_START_YY
+ NL_LAST_BIN_START_MM=6
+ export NL_LAST_BIN_START_MM
+ NL_LAST_BIN_START_DD=1
+ export NL_LAST_BIN_START_DD
+ NL_LAST_BIN_START_HH=15
+ export NL_LAST_BIN_START_HH
+ NL_LAST_BIN_START_MN=0
+ export NL_LAST_BIN_START_MN
+ NL_LAST_BIN_START_SS=0
+ export NL_LAST_BIN_START_SS
+ NL_LAST_BIN_END_YY=2008
+ export NL_LAST_BIN_END_YY
+ NL_LAST_BIN_END_MM=6
+ export NL_LAST_BIN_END_MM
+ NL_LAST_BIN_END_DD=1
+ export NL_LAST_BIN_END_DD
+ NL_LAST_BIN_END_HH=21
+ export NL_LAST_BIN_END_HH
+ NL_LAST_BIN_END_MN=0
+ export NL_LAST_BIN_END_MN
+ NL_LAST_BIN_END_SS=0
+ export NL_LAST_BIN_END_SS
+ NL_BIN_INTERVAL_DAYS=0
+ export NL_BIN_INTERVAL_DAYS
+ NL_BIN_INTERVAL_SECONDS=21600
+ export NL_BIN_INTERVAL_SECONDS
+ NL_MAX_NUMBER_BINS=1000
+ export NL_MAX_NUMBER_BINS
+ NL_PRINT_TABLE=.false.
+ export NL_PRINT_TABLE
+ NL_OBS_SEQUENCE_NAME=$'\'\''
+ export NL_OBS_SEQUENCE_NAME
+ NL_OBS_SEQUENCE_LIST=$'\'file_list.txt\''
+ export NL_OBS_SEQUENCE_LIST
+ NL_APPEND_TO_NETCDF=.false.
+ export NL_APPEND_TO_NETCDF
+ NL_LATLIM1=-90.0
+ export NL_LATLIM1
+ NL_LATLIM2=90.0
+ export NL_LATLIM2
+ NL_LONLIM1=0.
+ export NL_LONLIM1
+ NL_LONLIM2=360.0
+ export NL_LONLIM2
+ NL_VERBOSE=.false.
+ export NL_VERBOSE
+ NL_CUTOFF=0.1
+ export NL_CUTOFF
+ NL_SPECIAL_LOCALIZATION_OBS_TYPES=$'\'IASI_O3_RETRIEVAL\',\'MOPITT_CO_RETRIEVAL\''
+ export NL_SPECIAL_LOCALIZATION_OBS_TYPES
+ NL_SPECIAL_LOCALIZATION_CUTOFFS=0.05,0.05
+ export NL_SPECIAL_LOCALIZATION_CUTOFFS
+ NL_SINGLE_RESTART_FILE_IN=.false.
+ export NL_SINGLE_RESTART_FILE_IN
+ NL_SINGLE_RESTART_FILE_OUT=.false.
+ export NL_SINGLE_RESTART_FILE_OUT
+ NL_DEFAULT_STATE_VARIABLES=.false.
+ export NL_DEFAULT_STATE_VARIABLES
+ NL_DEFAULT_STATE_VARIABLES=.false.
+ export NL_DEFAULT_STATE_VARIABLES
+ NL_WRF_STATE_VARIABLES=$'\'U\',     \'KIND_U_WIND_COMPONENT\',     \'TYPE_U\',  \'UPDATE\',\'999\',\n                              \'V\',     \'KIND_V_WIND_COMPONENT\',     \'TYPE_V\',  \'UPDATE\',\'999\',\n                              \'W\',     \'KIND_VERTICAL_VELOCITY\',    \'TYPE_W\',  \'UPDATE\',\'999\',\n                              \'PH\',    \'KIND_GEOPOTENTIAL_HEIGHT\',  \'TYPE_GZ\', \'UPDATE\',\'999\',\n                              \'T\',     \'KIND_POTENTIAL_TEMPERATURE\',\'TYPE_T\',  \'UPDATE\',\'999\',\n                              \'MU\',    \'KIND_PRESSURE\',             \'TYPE_MU\', \'UPDATE\',\'999\',\n                              \'QVAPOR\',\'KIND_VAPOR_MIXING_RATIO\',   \'TYPE_QV\', \'UPDATE\',\'999\',\n                              \'QRAIN\', \'KIND_RAINWATER_MIXING_RATIO\',\'TYPE_QRAIN\', \'UPDATE\',\'999\',\n                              \'QCLOUD\',\'KIND_CLOUD_LIQUID_WATER\',   \'TYPE_QCLOUD\', \'UPDATE\',\'999\',\n                              \'QSNOW\', \'KIND_SNOW_MIXING_RATIO\',    \'TYPE_QSNOW\', \'UPDATE\',\'999\',\n                              \'QICE\',  \'KIND_CLOUD_ICE\',            \'TYPE_QICE\', \'UPDATE\',\'999\',\n                              \'U10\',   \'KIND_U_WIND_COMPONENT\',     \'TYPE_U10\',\'UPDATE\',\'999\',\n                              \'V10\',   \'KIND_V_WIND_COMPONENT\',     \'TYPE_V10\',\'UPDATE\',\'999\',\n                              \'T2\',    \'KIND_TEMPERATURE\',          \'TYPE_T2\', \'UPDATE\',\'999\',\n                              \'TH2\',   \'KIND_POTENTIAL_TEMPERATURE\',\'TYPE_TH2\',\'UPDATE\',\'999\',\n                              \'Q2\',    \'KIND_SPECIFIC_HUMIDITY\',    \'TYPE_Q2\', \'UPDATE\',\'999\',\n                              \'PSFC\',  \'KIND_PRESSURE\',             \'TYPE_PS\', \'UPDATE\',\'999\',\n                              \'o3\',    \'KIND_O3\',                   \'TYPE_O3\', \'UPDATE\',\'999\',\n                              \'co\',    \'KIND_CO\',                   \'TYPE_CO\', \'UPDATE\',\'999\',\n                              \'no\',    \'KIND_NO\',                   \'TYPE_NO\', \'UPDATE\',\'999\',\n                              \'no2\',   \'KIND_NO2\',                  \'TYPE_NO2\', \'UPDATE\',\'999\',\n                              \'hno3\',  \'KIND_HNO3\',                 \'TYPE_HNO3\', \'UPDATE\',\'999\',\n                              \'hno4\',  \'KIND_HNO4\',                 \'TYPE_HNO4\', \'UPDATE\',\'999\',\n                              \'n2o5\',  \'KIND_N2O5\',                 \'TYPE_N2O5\', \'UPDATE\',\'999\',\n                              \'pan\',   \'KIND_PAN\',                  \'TYPE_PAN\', \'UPDATE\',\'999\',\n                              \'mek\',   \'KIND_MEK\',                  \'TYPE_MEK\', \'UPDATE\',\'999\',\n                              \'ald\',   \'KIND_ALD\',                  \'TYPE_ALD\', \'UPDATE\',\'999\',\n                              \'ch3o2\', \'KIND_CH3O2\',                \'TYPE_CH3O2\', \'UPDATE\',\'999\',\n                              \'c3h8\',  \'KIND_C3H8\',                 \'TYPE_C3H8\', \'UPDATE\',\'999\',\n                              \'c2h6\',  \'KIND_C2H6\',                 \'TYPE_C2H6\', \'UPDATE\',\'999\',\n                              \'acet\',  \'KIND_ACET\',                 \'TYPE_ACET\', \'UPDATE\',\'999\',\n                              \'hcho\',  \'KIND_HCHO\',                 \'TYPE_HCHO\', \'UPDATE\',\'999\',\n                              \'c2h4\',  \'KIND_C2H4\',                 \'TYPE_C2H4\', \'UPDATE\',\'999\',\n                              \'c3h6\',  \'KIND_C3H6\',                 \'TYPE_C3H6\', \'UPDATE\',\'999\',\n                              \'tol\',   \'KIND_TOL\',                  \'TYPE_TOL\', \'UPDATE\',\'999\',\n                              \'mvk\',   \'KIND_MVK\',                  \'TYPE_MVK\', \'UPDATE\',\'999\',\n                              \'bigalk\',\'KIND_BIGALK\',               \'TYPE_BIGALK\', \'UPDATE\',\'999\',\n                              \'isopr\', \'KIND_ISOPR\',                \'TYPE_ISOPR\', \'UPDATE\',\'999\',\n                              \'macr\',  \'KIND_MACR\',                 \'TYPE_MACR\', \'UPDATE\',\'999\',\n                              \'glyald\',\'KIND_GLYALD\',               \'TYPE_GLYALD\', \'UPDATE\',\'999\',\n                              \'c10h16\',\'KIND_C10H16\',               \'TYPE_C10H16\', \'UPDATE\',\'999\''
+ export NL_WRF_STATE_VARIABLES
+ NL_WRF_STATE_BOUNDS=$'\'QVAPOR\',\'0.0\',\'NULL\',\'CLAMP\',\n                           \'QRAIN\', \'0.0\',\'NULL\',\'CLAMP\',\n                           \'QCLOUD\',\'0.0\',\'NULL\',\'CLAMP\',\n                           \'QSNOW\', \'0.0\',\'NULL\',\'CLAMP\',\n                           \'QICE\',  \'0.0\',\'NULL\',\'CLAMP\',\n                           \'o3\',    \'0.0\',\'NULL\',\'CLAMP\',\n                           \'co\',    \'0.0\',\'NULL\',\'CLAMP\',\n                           \'no\',    \'0.0\',\'NULL\',\'CLAMP\',\n                           \'no2\',   \'0.0\',\'NULL\',\'CLAMP\',\n                           \'hno3\',  \'0.0\',\'NULL\',\'CLAMP\',\n                           \'hno4\',  \'0.0\',\'NULL\',\'CLAMP\',\n                           \'n2o5\',  \'0.0\',\'NULL\',\'CLAMP\',\n                           \'pan\',   \'0.0\',\'NULL\',\'CLAMP\',\n                           \'mek\',   \'0.0\',\'NULL\',\'CLAMP\',\n                           \'ald\',   \'0.0\',\'NULL\',\'CLAMP\',\n                           \'ch3o2\', \'0.0\',\'NULL\',\'CLAMP\',\n                           \'c3h8\',  \'0.0\',\'NULL\',\'CLAMP\',\n                           \'c2h6\',  \'0.0\',\'NULL\',\'CLAMP\',\n                           \'acet\'   \'0.0\',\'NULL\',\'CLAMP\',\n                           \'hcho\'   \'0.0\',\'NULL\',\'CLAMP\',\n                           \'c2h4\',  \'0.0\',\'NULL\',\'CLAMP\',\n                           \'c3h6\',  \'0.0\',\'NULL\',\'CLAMP\',\n                           \'tol\',   \'0.0\',\'NULL\',\'CLAMP\',\n                           \'mvk\',   \'0.0\',\'NULL\',\'CLAMP\',\n                           \'bigalk\',\'0.0\',\'NULL\',\'CLAMP\',\n                           \'isopr\', \'0.0\',\'NULL\',\'CLAMP\',\n                           \'macr\',  \'0.0\',\'NULL\',\'CLAMP\',\n                           \'glyald\',\'0.0\',\'NULL\',\'CLAMP\',\n                           \'c10h16\',\'0.0\',\'NULL\',\'CLAMP\''
+ export NL_WRF_STATE_BOUNDS
+ NL_OUTPUT_STATE_VECTOR=.false.
+ export NL_OUTPUT_STATE_VECTOR
+ NL_NUM_DOMAINS=01
+ export NL_NUM_DOMAINS
+ NL_CALENDAR_TYPE=3
+ export NL_CALENDAR_TYPE
+ NL_ASSIMILATION_PERIOD_SECONDS=21600
+ export NL_ASSIMILATION_PERIOD_SECONDS
+ NL_VERT_LOCALIZATION_COORD=3
+ export NL_VERT_LOCALIZATION_COORD
+ NL_CENTER_SEARCH_HALF_LENGTH=500000.
+ export NL_CENTER_SEARCH_HALF_LENGTH
+ NL_CENTER_SPLINE_GRID_SCALE=10
+ export NL_CENTER_SPLINE_GRID_SCALE
+ NL_SFC_ELEV_MAX_DIFF=100.0
+ export NL_SFC_ELEV_MAX_DIFF
+ NL_CIRCULATION_PRES_LEVEL=80000.0
+ export NL_CIRCULATION_PRES_LEVEL
+ NL_CIRCULATION_RADIUS=108000.0
+ export NL_CIRCULATION_RADIUS
+ NL_SINGLE_RESTART_FILE_IN=.false.
+ export NL_SINGLE_RESTART_FILE_IN
+ NL_SINGLE_RESTART_FILE_OUT=.false.
+ export NL_SINGLE_RESTART_FILE_OUT
+ NL_MODEL_ADVANCE_FILE=.false.
+ export NL_MODEL_ADVANCE_FILE
+ NL_ADV_MOD_COMMAND=$'\'mpirun -np 64 ./wrf.exe\''
+ export NL_ADV_MOD_COMMAND
+ NL_DART_RESTART_NAME=$'\'dart_wrf_vector\''
+ export NL_DART_RESTART_NAME
+ NL_INPUT_OBS_KIND_MOD_FILE=$' \'/glade/p/work/mizzi/TRUNK/DART_DEVEL_COM/obs_kind/DEFAULT_obs_kind_mod.F90\''
+ export NL_INPUT_OBS_KIND_MOD_FILE
+ NL_OUTPUT_OBS_KIND_MOD_FILE=$'\'/glade/p/work/mizzi/TRUNK/DART_DEVEL_COM/obs_kind/obs_kind_mod.f90\''
+ export NL_OUTPUT_OBS_KIND_MOD_FILE
+ NL_INPUT_OBS_DEF_MOD_FILE=$'\'/glade/p/work/mizzi/TRUNK/DART_DEVEL_COM/obs_kind/DEFAULT_obs_def_mod.F90\''
+ export NL_INPUT_OBS_DEF_MOD_FILE
+ NL_OUTPUT_OBS_DEF_MOD_FILE=$'\'/glade/p/work/mizzi/TRUNK/DART_DEVEL_COM/obs_kind/obs_def_mod.f90\''
+ export NL_OUTPUT_OBS_DEF_MOD_FILE
+ NL_INPUT_FILES=$'\'/glade/p/work/mizzi/TRUNK/DART_DEVEL_COM/obs_def/obs_def_reanalysis_bufr_mod.f90\',\n                       \'/glade/p/work/mizzi/TRUNK/DART_DEVEL_COM/obs_def/obs_def_radar_mod.f90\',\n                       \'/glade/p/work/mizzi/TRUNK/DART_DEVEL_COM/obs_def/obs_def_metar_mod.f90\',\n                       \'/glade/p/work/mizzi/TRUNK/DART_DEVEL_COM/obs_def/obs_def_dew_point_mod.f90\',\n                       \'/glade/p/work/mizzi/TRUNK/DART_DEVEL_COM/obs_def/obs_def_altimeter_mod.f90\',\n                       \'/glade/p/work/mizzi/TRUNK/DART_DEVEL_COM/obs_def/obs_def_gps_mod.f90\',\n                       \'/glade/p/work/mizzi/TRUNK/DART_DEVEL_COM/obs_def/obs_def_gts_mod.f90\',\n                       \'/glade/p/work/mizzi/TRUNK/DART_DEVEL_COM/obs_def/obs_def_vortex_mod.f90\',\n                       \'/glade/p/work/mizzi/TRUNK/DART_DEVEL_COM/obs_def/obs_def_IASI_O3_mod.f90\''
+ export NL_INPUT_FILES
+ $'${DART_DIR}/obs_def/obs_def_MOPITT_CO_mod.f90\n#\n# &obs_kind_nml\n   export NL_ASSIMILATE_THESE_OBS_TYPES=RADIOSONDE_TEMPERATURE,'
./run_obs_seq_to_netcdf.ksh[366]: ${DART_DIR}/obs_def/obs_def_MOPITT_CO_mod.f90^J#^J# &obs_kind_nml^J   export NL_ASSIMILATE_THESE_OBS_TYPES=RADIOSONDE_TEMPERATURE,: not found [No such file or directory]
+ RADIOSONDE_U_WIND_COMPONENT,
./run_obs_seq_to_netcdf.ksh[367]: RADIOSONDE_U_WIND_COMPONENT,: not found [No such file or directory]
+ RADIOSONDE_V_WIND_COMPONENT,
./run_obs_seq_to_netcdf.ksh[368]: RADIOSONDE_V_WIND_COMPONENT,: not found [No such file or directory]
+ ACARS_U_WIND_COMPONENT,
./run_obs_seq_to_netcdf.ksh[369]: ACARS_U_WIND_COMPONENT,: not found [No such file or directory]
+ ACARS_V_WIND_COMPONENT,
./run_obs_seq_to_netcdf.ksh[370]: ACARS_V_WIND_COMPONENT,: not found [No such file or directory]
+ ACARS_TEMPERATURE,
./run_obs_seq_to_netcdf.ksh[371]: ACARS_TEMPERATURE,: not found [No such file or directory]
+ AIRCRAFT_U_WIND_COMPONENT,
./run_obs_seq_to_netcdf.ksh[372]: AIRCRAFT_U_WIND_COMPONENT,: not found [No such file or directory]
+ AIRCRAFT_V_WIND_COMPONENT,
./run_obs_seq_to_netcdf.ksh[373]: AIRCRAFT_V_WIND_COMPONENT,: not found [No such file or directory]
+ AIRCRAFT_TEMPERATURE,
./run_obs_seq_to_netcdf.ksh[374]: AIRCRAFT_TEMPERATURE,: not found [No such file or directory]
+ SAT_U_WIND_COMPONENT,
./run_obs_seq_to_netcdf.ksh[375]: SAT_U_WIND_COMPONENT,: not found [No such file or directory]
+ SAT_V_WIND_COMPONENT,
./run_obs_seq_to_netcdf.ksh[376]: SAT_V_WIND_COMPONENT,: not found [No such file or directory]
+ $'IASI_O3_RETRIEVAL\n                                      \'MOPITT_CO_RETRIEVAL\''
./run_obs_seq_to_netcdf.ksh[377]: IASI_O3_RETRIEVAL^J                                      'MOPITT_CO_RETRIEVAL': not found [No such file or directory]
+ NL_FIELDNAMES=$'\'SNOWC\',\n                      \'ALBBCK\',\n                      \'TMN\',\n                      \'TSK\',\n                      \'SH2O\',\n                      \'SMOIS\',\n                      \'SEAICE\',\n                      \'HGT_d01\',\n                      \'TSLB\',\n                      \'SST\',\n                      \'SNOWH\',\n                      \'SNOW\''
+ export NL_FIELDNAMES
+ NL_FIELDLIST_FILE=$'\' \''
+ export NL_FIELDLIST_FILE
+ rm -rf input.nml
+ /glade/p/work/mizzi/TRUNK/DART_DEVEL_COM/models/wrf_chem/namelist_scripts/DART/dart_create_input.nml.ksh
+ echo off
off
+ /glade/p/work/mizzi/TRUNK/DART_DEVEL_COM/models/wrf_chem/namelist_scripts/DART/dart_create_assim_model_nml.ksh
+ rm -f input.nml_temp
+ touch input.nml_temp
+ cat
+ 1> input.nml_temp 0<< \EOF
 &assim_model_nml
   write_binary_restart_files      = .false.,
   netCDF_large_file_support       = .true.,
/
EOF
+ [[ -f input.nml ]]
+ mv input.nml_temp input.nml
+ /glade/p/work/mizzi/TRUNK/DART_DEVEL_COM/models/wrf_chem/namelist_scripts/DART/dart_create_assim_tools_nml.ksh
+ rm -f input.nml_temp
+ touch input.nml_temp
+ cat
+ 1> input.nml_temp 0<< \EOF
 &assim_tools_nml
   filter_kind                     = 1,
   cutoff                          = 0.1,
   sort_obs_inc                    = .false.,
   spread_restoration              = .false.,
   sampling_error_correction       = .false.,
   adaptive_localization_threshold = -1,
   print_every_nth_obs             = 1000,
   special_localization_obs_types  = 'IASI_O3_RETRIEVAL','MOPITT_CO_RETRIEVAL',
   special_localization_cutoffs    = 0.05,0.05,
/
EOF
+ [[ -f input.nml ]]
+ cat input.nml_temp
+ 1>> input.nml
+ rm input.nml_temp
+ /glade/p/work/mizzi/TRUNK/DART_DEVEL_COM/models/wrf_chem/namelist_scripts/DART/dart_create_cov_cutoff_nml.ksh
+ rm -f input.nml_temp
+ touch input.nml_temp
+ cat
+ 1> input.nml_temp 0<< \EOF
 &cov_cutoff_nml
   select_localization             = 1,
/
EOF
+ [[ -f input.nml ]]
+ cat input.nml_temp
+ 1>> input.nml
+ rm input.nml_temp
+ /glade/p/work/mizzi/TRUNK/DART_DEVEL_COM/models/wrf_chem/namelist_scripts/DART/dart_create_dart_to_wrf_nml.ksh
+ rm -f input.nml_temp
+ touch input.nml_temp
+ cat
+ 1> input.nml_temp 0<< \EOF
 &dart_to_wrf_nml
   model_advance_file           = .false.,
   adv_mod_command              = 'mpirun -np 64 ./wrf.exe',
   dart_restart_name            = 'dart_wrf_vector',
   print_data_ranges            = .false.,
   debug                        = .false.,
/
EOF
+ [[ -f input.nml ]]
+ cat input.nml_temp
+ 1>> input.nml
+ rm input.nml_temp
+ /glade/p/work/mizzi/TRUNK/DART_DEVEL_COM/models/wrf_chem/namelist_scripts/DART/dart_create_ensemble_manager_nml.ksh
+ rm -f input.nml_temp
+ touch input.nml_temp
+ cat
+ 1> input.nml_temp 0<< \EOF
 &ensemble_manager_nml
   single_restart_file_in  = .false.,
   single_restart_file_out = .false.,
   perturbation_amplitude  = 0.2,
/
EOF
+ [[ -f input.nml ]]
+ cat input.nml_temp
+ 1>> input.nml
+ rm input.nml_temp
+ /glade/p/work/mizzi/TRUNK/DART_DEVEL_COM/models/wrf_chem/namelist_scripts/DART/dart_create_filter_nml.ksh
+ rm -f input.nml_temp
+ touch input.nml_temp
+ cat
+ 1> input.nml_temp 0<< \EOF
 &filter_nml
   async                        = 2,
   adv_ens_command              = './advance_model.csh',
   ens_size                     = 3,
   start_from_restart           = .true.,
   output_restart               = 'restart.out',
   obs_sequence_in_name         = 'obs_seq.out',
   obs_sequence_out_name        = 'obs_seq.final',
   restart_in_file_name         = 'filter_ic_prior',
   restart_out_file_name        = 'filter_ic_post',
   init_time_days               = -1,
   init_time_seconds            = -1,
   first_obs_days               = 148816,
   first_obs_seconds            = 75601,
   last_obs_days                = 148817,
   last_obs_seconds             = 10800,
   num_output_state_members     = 0,
   num_output_obs_members       = 0,
   output_interval              = 1,
   num_groups                   = 1,
   input_qc_threshold           = 2.0,
   outlier_threshold            = 3.0,
   output_forward_op_errors     = .false.,
   output_timestamps            = .true.,
   output_inflation             = .true.,
   trace_execution              = .true.,
   inf_flavor                   = 0, 0,
   inf_initial_from_restart     = .false., .false.,
   inf_sd_initial_from_restart  = .false., .false.,
   inf_output_restart           = .true., .true.,
   inf_deterministic            = .true., .true.,
   inf_in_file_name             = 'prior_inf_ic_old', 'post_inf_ic_old',
   inf_out_file_name            = 'prior_inf_ic_new', 'post_inf_ic_new',
   inf_diag_file_name           = 'prior_inf_diag', 'post_inf_diag',
   inf_initial                  = 1.00, 1.00,
   inf_sd_initial               = 0.60, 0.0,
   inf_damping                  = 0.90, 1.00,
   inf_lower_bound              = 1.0, 1.0,
   inf_upper_bound              = 1000000.0, 1000000.0,
   inf_sd_lower_bound           = 0.60, 0.0,
/
EOF
+ [[ -f input.nml ]]
+ cat input.nml_temp
+ 1>> input.nml
+ rm input.nml_temp
+ /glade/p/work/mizzi/TRUNK/DART_DEVEL_COM/models/wrf_chem/namelist_scripts/DART/dart_create_location_nml.ksh
+ rm -f input.nml_temp
+ touch input.nml_temp
+ cat
+ 1> input.nml_temp 0<< \EOF
 &location_nml
   horiz_dist_only                 = .false.,
   vert_normalization_pressure     = 187500.0,
   vert_normalization_height       = 5000000.0,
   vert_normalization_level        = 2666.7,
   approximate_distance            = .false.,
   nlon                            = 141,
   nlat                            = 72,
   output_box_info                 = .false.,
/
EOF
+ [[ -f input.nml ]]
+ cat input.nml_temp
+ 1>> input.nml
+ rm input.nml_temp
+ /glade/p/work/mizzi/TRUNK/DART_DEVEL_COM/models/wrf_chem/namelist_scripts/DART/dart_create_model_nml.ksh
+ rm -f input.nml_temp
+ touch input.nml_temp
+ cat
+ 1> input.nml_temp 0<< \EOF
 &model_nml
   default_state_variables     = .false.,
   wrf_state_variables         = 'U',     'KIND_U_WIND_COMPONENT',     'TYPE_U',  'UPDATE','999',
                              'V',     'KIND_V_WIND_COMPONENT',     'TYPE_V',  'UPDATE','999',
                              'W',     'KIND_VERTICAL_VELOCITY',    'TYPE_W',  'UPDATE','999',
                              'PH',    'KIND_GEOPOTENTIAL_HEIGHT',  'TYPE_GZ', 'UPDATE','999',
                              'T',     'KIND_POTENTIAL_TEMPERATURE','TYPE_T',  'UPDATE','999',
                              'MU',    'KIND_PRESSURE',             'TYPE_MU', 'UPDATE','999',
                              'QVAPOR','KIND_VAPOR_MIXING_RATIO',   'TYPE_QV', 'UPDATE','999',
                              'QRAIN', 'KIND_RAINWATER_MIXING_RATIO','TYPE_QRAIN', 'UPDATE','999',
                              'QCLOUD','KIND_CLOUD_LIQUID_WATER',   'TYPE_QCLOUD', 'UPDATE','999',
                              'QSNOW', 'KIND_SNOW_MIXING_RATIO',    'TYPE_QSNOW', 'UPDATE','999',
                              'QICE',  'KIND_CLOUD_ICE',            'TYPE_QICE', 'UPDATE','999',
                              'U10',   'KIND_U_WIND_COMPONENT',     'TYPE_U10','UPDATE','999',
                              'V10',   'KIND_V_WIND_COMPONENT',     'TYPE_V10','UPDATE','999',
                              'T2',    'KIND_TEMPERATURE',          'TYPE_T2', 'UPDATE','999',
                              'TH2',   'KIND_POTENTIAL_TEMPERATURE','TYPE_TH2','UPDATE','999',
                              'Q2',    'KIND_SPECIFIC_HUMIDITY',    'TYPE_Q2', 'UPDATE','999',
                              'PSFC',  'KIND_PRESSURE',             'TYPE_PS', 'UPDATE','999',
                              'o3',    'KIND_O3',                   'TYPE_O3', 'UPDATE','999',
                              'co',    'KIND_CO',                   'TYPE_CO', 'UPDATE','999',
                              'no',    'KIND_NO',                   'TYPE_NO', 'UPDATE','999',
                              'no2',   'KIND_NO2',                  'TYPE_NO2', 'UPDATE','999',
                              'hno3',  'KIND_HNO3',                 'TYPE_HNO3', 'UPDATE','999',
                              'hno4',  'KIND_HNO4',                 'TYPE_HNO4', 'UPDATE','999',
                              'n2o5',  'KIND_N2O5',                 'TYPE_N2O5', 'UPDATE','999',
                              'pan',   'KIND_PAN',                  'TYPE_PAN', 'UPDATE','999',
                              'mek',   'KIND_MEK',                  'TYPE_MEK', 'UPDATE','999',
                              'ald',   'KIND_ALD',                  'TYPE_ALD', 'UPDATE','999',
                              'ch3o2', 'KIND_CH3O2',                'TYPE_CH3O2', 'UPDATE','999',
                              'c3h8',  'KIND_C3H8',                 'TYPE_C3H8', 'UPDATE','999',
                              'c2h6',  'KIND_C2H6',                 'TYPE_C2H6', 'UPDATE','999',
                              'acet',  'KIND_ACET',                 'TYPE_ACET', 'UPDATE','999',
                              'hcho',  'KIND_HCHO',                 'TYPE_HCHO', 'UPDATE','999',
                              'c2h4',  'KIND_C2H4',                 'TYPE_C2H4', 'UPDATE','999',
                              'c3h6',  'KIND_C3H6',                 'TYPE_C3H6', 'UPDATE','999',
                              'tol',   'KIND_TOL',                  'TYPE_TOL', 'UPDATE','999',
                              'mvk',   'KIND_MVK',                  'TYPE_MVK', 'UPDATE','999',
                              'bigalk','KIND_BIGALK',               'TYPE_BIGALK', 'UPDATE','999',
                              'isopr', 'KIND_ISOPR',                'TYPE_ISOPR', 'UPDATE','999',
                              'macr',  'KIND_MACR',                 'TYPE_MACR', 'UPDATE','999',
                              'glyald','KIND_GLYALD',               'TYPE_GLYALD', 'UPDATE','999',
                              'c10h16','KIND_C10H16',               'TYPE_C10H16', 'UPDATE','999'
   wrf_state_bounds            = 'QVAPOR','0.0','NULL','CLAMP',
                           'QRAIN', '0.0','NULL','CLAMP',
                           'QCLOUD','0.0','NULL','CLAMP',
                           'QSNOW', '0.0','NULL','CLAMP',
                           'QICE',  '0.0','NULL','CLAMP',
                           'o3',    '0.0','NULL','CLAMP',
                           'co',    '0.0','NULL','CLAMP',
                           'no',    '0.0','NULL','CLAMP',
                           'no2',   '0.0','NULL','CLAMP',
                           'hno3',  '0.0','NULL','CLAMP',
                           'hno4',  '0.0','NULL','CLAMP',
                           'n2o5',  '0.0','NULL','CLAMP',
                           'pan',   '0.0','NULL','CLAMP',
                           'mek',   '0.0','NULL','CLAMP',
                           'ald',   '0.0','NULL','CLAMP',
                           'ch3o2', '0.0','NULL','CLAMP',
                           'c3h8',  '0.0','NULL','CLAMP',
                           'c2h6',  '0.0','NULL','CLAMP',
                           'acet'   '0.0','NULL','CLAMP',
                           'hcho'   '0.0','NULL','CLAMP',
                           'c2h4',  '0.0','NULL','CLAMP',
                           'c3h6',  '0.0','NULL','CLAMP',
                           'tol',   '0.0','NULL','CLAMP',
                           'mvk',   '0.0','NULL','CLAMP',
                           'bigalk','0.0','NULL','CLAMP',
                           'isopr', '0.0','NULL','CLAMP',
                           'macr',  '0.0','NULL','CLAMP',
                           'glyald','0.0','NULL','CLAMP',
                           'c10h16','0.0','NULL','CLAMP'
   output_state_vector         = .false.,
   num_domains                 = 01,
   calendar_type               = 3,
   assimilation_period_seconds = 21600,
   vert_localization_coord     = 3,
   center_search_half_length   = 500000.,
   center_spline_grid_scale    = 10,   
   sfc_elev_max_diff           = 100.0,
   circulation_pres_level      = 80000.0,
   circulation_radius          = 108000.0,
/
EOF
+ [[ -f input.nml ]]
+ cat input.nml_temp
+ 1>> input.nml
+ rm input.nml_temp
+ /glade/p/work/mizzi/TRUNK/DART_DEVEL_COM/models/wrf_chem/namelist_scripts/DART/dart_create_obs_def_radar_mod_nml.ksh
+ rm -f input.nml_temp
+ touch input.nml_temp
+ cat
+ 1> input.nml_temp 0<< \EOF
 &obs_def_radar_mod_nml
   apply_ref_limit_to_obs      = .false.,
   reflectivity_limit_obs      = -10.0,
   lowest_reflectivity_obs     = -10.0,
   apply_ref_limit_to_fwd_op   = .false.,
   reflectivity_limit_fwd_op   = -10.0,
   lowest_reflectivity_fwd_op  = -10.0,
   max_radial_vel_obs          = 1000000,
   allow_wet_graupel           = .false.,
   microphysics_type           = 2,
   allow_dbztowt_conv          = .false.,
   dielectric_factor           = 0.224,
   n0_rain                     = 8.0e6,
   n0_graupel                  = 4.0e6,
   n0_snow                     = 3.0e6,
   rho_rain                    = 1000.0,
   rho_graupel                 = 400.0,
   rho_snow                    = 100.0,
/
EOF
+ [[ -f input.nml ]]
+ cat input.nml_temp
+ 1>> input.nml
+ rm input.nml_temp
+ /glade/p/work/mizzi/TRUNK/DART_DEVEL_COM/models/wrf_chem/namelist_scripts/DART/dart_create_obs_diag_nml.ksh
+ rm -f input.nml_temp
+ touch input.nml_temp
+ cat
+ 1> input.nml_temp 0<< \EOF
 &obs_diag_nml
   obs_sequence_name          = '',
   obs_sequence_list          = 'file_list.txt',
   first_bin_center           = 2008, 6, 1, 18, 0, 0,
   last_bin_center            = 2008, 6, 1, 18, 0, 0,
   bin_separation             = 0, 0, 0, 6, 0, 0,
   bin_width                  = 0, 0, 0, 6, 0, 0,
   time_to_skip               = 0, 0, 0, 0, 0, 0,
   max_num_bins               = 1000,
   rat_cri                    = 5000.0,
   input_qc_threshold         = 2.0,
   Nregions                   = 1,
   lonlim1                    = 0.,
   lonlim2                    = 360.0,
   latlim1                    = -90.0,
   latlim2                    = 90.0,
   reg_names                  = 'North America',
   print_mismatched_locs      = .false.,
   verbose                    = .false.,
/
EOF
+ [[ -f input.nml ]]
+ cat input.nml_temp
+ 1>> input.nml
+ rm input.nml_temp
+ /glade/p/work/mizzi/TRUNK/DART_DEVEL_COM/models/wrf_chem/namelist_scripts/DART/dart_create_obs_kind_nml.ksh
+ rm -f input.nml_temp
+ touch input.nml_temp
+ cat
+ 1> input.nml_temp 0<< \EOF
 &obs_kind_nml
   assimilate_these_obs_types = 'null',
/
EOF
+ [[ -f input.nml ]]
+ cat input.nml_temp
+ 1>> input.nml
+ rm input.nml_temp
+ /glade/p/work/mizzi/TRUNK/DART_DEVEL_COM/models/wrf_chem/namelist_scripts/DART/dart_create_obs_selection_nml.ksh
+ rm -f input.nml_temp
+ touch input.nml_temp
+ cat
+ 1> input.nml_temp 0<< \EOF
 &obs_selection_nml
   filename_seq          = 'obs_seq.out',
   filename_seq_list     = 'null',
   filename_out          = 'obs_seq.processed',
   selections_file       = 'obsdef_mask.txt',
   selections_is_obs_seq = .false.,
   print_only            = .false.,
   calendar              = 'Gregorian', 
/ 
EOF
+ [[ -f input.nml ]]
+ cat input.nml_temp
+ 1>> input.nml
+ rm input.nml_temp
+ /glade/p/work/mizzi/TRUNK/DART_DEVEL_COM/models/wrf_chem/namelist_scripts/DART/dart_create_obs_seq_coverage_nml.ksh
+ rm -f input.nml_temp
+ touch input.nml_temp
+ cat
+ 1> input.nml_temp 0<< \EOF
 &obs_seq_coverage_nml
   obs_sequence_list = 'file_list.txt',
   obs_sequence_name = 'null',
   obs_of_interest   = 'null',
   textfile_out      = 'obsdef_mask.txt',
   netcdf_out        = 'obsdef_mask.nc',
   lonlim1           = 0.,
   lonlim2           = 360.0,
   latlim1           = -90.0,
   latlim2           = 90.0,
   nTmin             = 8,
   nTmax             = 8,
   verbose           = .false.,
/
EOF
+ [[ -f input.nml ]]
+ cat input.nml_temp
+ 1>> input.nml
+ rm input.nml_temp
+ /glade/p/work/mizzi/TRUNK/DART_DEVEL_COM/models/wrf_chem/namelist_scripts/DART/dart_create_obs_seq_to_netcdf_nml.ksh
+ rm -f input.nml_temp
+ touch input.nml_temp
+ cat
+ 1> input.nml_temp 0<< \EOF
 &obs_seq_to_netcdf_nml
   obs_sequence_name = '',
   obs_sequence_list = 'file_list.txt',
   append_to_netcdf  = .false.,
   lonlim1           = 0.,
   lonlim2           = 360.0,
   latlim1           = -90.0,
   latlim2           = 90.0,
   verbose           = .false.,
/
EOF
+ [[ -f input.nml ]]
+ cat input.nml_temp
+ 1>> input.nml
+ rm input.nml_temp
+ /glade/p/work/mizzi/TRUNK/DART_DEVEL_COM/models/wrf_chem/namelist_scripts/DART/dart_create_obs_sequence_nml.ksh
+ rm -f input.nml_temp
+ touch input.nml_temp
+ cat
+ 1> input.nml_temp 0<< \EOF
 &obs_sequence_nml
   write_binary_obs_sequence   = .false.,
/
EOF
+ [[ -f input.nml ]]
+ cat input.nml_temp
+ 1>> input.nml
+ rm input.nml_temp
+ /glade/p/work/mizzi/TRUNK/DART_DEVEL_COM/models/wrf_chem/namelist_scripts/DART/dart_create_obs_sequence_tool_nml.ksh
+ rm -f input.nml_temp
+ touch input.nml_temp
+ cat
+ 1> input.nml_temp 0<< \EOF
 &obs_sequence_tool_nml
   num_input_files          = 1, 
   filename_seq             = 'obs_seq.out',
   filename_out             = 'obs_seq.processed', 
   first_obs_days           = 148816,
   first_obs_seconds        = 75601,
   last_obs_days            = 148817,
   last_obs_seconds         = 10800,
   obs_types                = '', 
   keep_types               = .false., 
   print_only               = .false., 
   min_lat                  = -90.0, 
   max_lat                  = 90.0, 
   min_lon                  = 0.0, 
   max_lon                  = 360.0,
   qc_metadata              = 'DART quality control',
   min_qc                   = 0,
   max_qc                   = 5,
/
EOF
+ [[ -f input.nml ]]
+ cat input.nml_temp
+ 1>> input.nml
+ rm input.nml_temp
+ /glade/p/work/mizzi/TRUNK/DART_DEVEL_COM/models/wrf_chem/namelist_scripts/DART/dart_create_perfect_model_obs_nml.ksh
+ rm -f input.nml_temp
+ touch input.nml_temp
+ cat
+ 1> input.nml_temp 0<< \EOF
&perfect_model_obs_nml
   start_from_restart           = .true.,
   output_restart               = .true.,
   async                        = 2,
   init_time_days               = -1,
   init_time_seconds            = -1,
   first_obs_days               = 148816,
   first_obs_seconds            = 75601,
   last_obs_days                = 148817,
   last_obs_seconds             = 10800,
   output_interval              = 1,
   restart_in_file_name         = 'perfect_ics',
   restart_out_file_name        = 'perfect_restart',
   obs_seq_in_file_name         = 'obs_seq.in',
   obs_seq_out_file_name        = 'obs_seq.out',
   adv_ens_command              = './advance_model.csh',
   output_timestamps            = .false.,
   trace_execution              = .false.,
   output_forward_op_errors     = .false.,
   print_every_nth_obs          = -1,
   silence                      = .false.,
/ 
EOF
+ [[ -f input.nml ]]
+ cat input.nml_temp
+ 1>> input.nml
+ rm input.nml_temp
+ /glade/p/work/mizzi/TRUNK/DART_DEVEL_COM/models/wrf_chem/namelist_scripts/DART/dart_create_preprocess_nml.ksh
+ rm -f input.nml_temp
+ touch input.nml_temp
+ cat
+ 1> input.nml_temp 0<< \EOF
 &preprocess_nml
   input_obs_kind_mod_file  =  '/glade/p/work/mizzi/TRUNK/DART_DEVEL_COM/obs_kind/DEFAULT_obs_kind_mod.F90',
   output_obs_kind_mod_file = '/glade/p/work/mizzi/TRUNK/DART_DEVEL_COM/obs_kind/obs_kind_mod.f90',
   input_obs_def_mod_file   = '/glade/p/work/mizzi/TRUNK/DART_DEVEL_COM/obs_kind/DEFAULT_obs_def_mod.F90',
   output_obs_def_mod_file  = '/glade/p/work/mizzi/TRUNK/DART_DEVEL_COM/obs_kind/obs_def_mod.f90',
   input_files              = '/glade/p/work/mizzi/TRUNK/DART_DEVEL_COM/obs_def/obs_def_reanalysis_bufr_mod.f90',
                       '/glade/p/work/mizzi/TRUNK/DART_DEVEL_COM/obs_def/obs_def_radar_mod.f90',
                       '/glade/p/work/mizzi/TRUNK/DART_DEVEL_COM/obs_def/obs_def_metar_mod.f90',
                       '/glade/p/work/mizzi/TRUNK/DART_DEVEL_COM/obs_def/obs_def_dew_point_mod.f90',
                       '/glade/p/work/mizzi/TRUNK/DART_DEVEL_COM/obs_def/obs_def_altimeter_mod.f90',
                       '/glade/p/work/mizzi/TRUNK/DART_DEVEL_COM/obs_def/obs_def_gps_mod.f90',
                       '/glade/p/work/mizzi/TRUNK/DART_DEVEL_COM/obs_def/obs_def_gts_mod.f90',
                       '/glade/p/work/mizzi/TRUNK/DART_DEVEL_COM/obs_def/obs_def_vortex_mod.f90',
                       '/glade/p/work/mizzi/TRUNK/DART_DEVEL_COM/obs_def/obs_def_IASI_O3_mod.f90',
/  
EOF
+ [[ -f input.nml ]]
+ cat input.nml_temp
+ 1>> input.nml
+ rm input.nml_temp
+ /glade/p/work/mizzi/TRUNK/DART_DEVEL_COM/models/wrf_chem/namelist_scripts/DART/dart_create_reg_factor_nml.ksh
+ rm -f input.nml_temp
+ touch input.nml_temp
+ cat
+ 1> input.nml_temp 0<< \EOF
 &reg_factor_nml
   select_regression           = 1,
   input_reg_file              = 'time_mean_reg',
   save_reg_diagnostics        = .false.,
   reg_diagnostics_file        = 'reg_diagnostics',
/
EOF
+ [[ -f input.nml ]]
+ cat input.nml_temp
+ 1>> input.nml
+ rm input.nml_temp
+ /glade/p/work/mizzi/TRUNK/DART_DEVEL_COM/models/wrf_chem/namelist_scripts/DART/dart_create_replace_wrf_fields_nml.ksh
+ rm -f input.nml_temp
+ touch input.nml_temp
+ cat
+ 1> input.nml_temp 0<< \EOF
 &replace_wrf_fields_nml
   debug = .false.,
   fail_on_missing_field = .false.,
   fieldnames = 'SNOWC',
                      'ALBBCK',
                      'TMN',
                      'TSK',
                      'SH2O',
                      'SMOIS',
                      'SEAICE',
                      'HGT_d01',
                      'TSLB',
                      'SST',
                      'SNOWH',
                      'SNOW',
   fieldlist_file = ' ',
/
EOF
+ [[ -f input.nml ]]
+ cat input.nml_temp
+ 1>> input.nml
+ rm input.nml_temp
+ /glade/p/work/mizzi/TRUNK/DART_DEVEL_COM/models/wrf_chem/namelist_scripts/DART/dart_create_restart_file_tool_nml.ksh
+ rm -f input.nml_temp
+ touch input.nml_temp
+ cat
+ 1> input.nml_temp 0<< \EOF
 &restart_file_tool_nml
   input_file_name              = 'filter_restart_in',
   output_file_name             = 'filter_restart_out',
   ens_size                     = 1,
   single_restart_file_in       = .false.,
   single_restart_file_out      = .false.,
   write_binary_restart_files   = .false.,
   overwrite_data_time          = .false.,
   new_data_days                = -1,
   new_data_secs                = -1,
   input_is_model_advance_file  = .false.,
   output_is_model_advance_file = .false.,
   overwrite_advance_time       = .false.,
   new_advance_days             = -1,
   new_advance_secs             = -1,
   gregorian_cal                = .true.,
   print_only                   = .false.,
/
EOF
+ [[ -f input.nml ]]
+ cat input.nml_temp
+ 1>> input.nml
+ rm input.nml_temp
+ /glade/p/work/mizzi/TRUNK/DART_DEVEL_COM/models/wrf_chem/namelist_scripts/DART/dart_create_restart_file_utility_nml.ksh
+ rm -f input.nml_temp
+ touch input.nml_temp
+ cat
+ 1> input.nml_temp 0<< \EOF
 &restart_file_utility_nml
   input_file_name              = 'filter_restart_in',
   output_file_name             = 'filter_restart_out',
   ens_size                     = 1,
   single_restart_file_in       = .false.,
   single_restart_file_out      = .false.,
   write_binary_restart_files   = .false.,
   overwrite_data_time          = .false.,
   new_data_days                = -1,
   new_data_secs                = -1,
   input_is_model_advance_file  = .false.,
   output_is_model_advance_file = .false.,,
   overwrite_advance_time       = .false.,
   new_advance_days             = -1,
   new_advance_secs             = -1, 
/
EOF
+ [[ -f input.nml ]]
+ cat input.nml_temp
+ 1>> input.nml
+ rm input.nml_temp
+ /glade/p/work/mizzi/TRUNK/DART_DEVEL_COM/models/wrf_chem/namelist_scripts/DART/dart_create_schedule_nml.ksh
+ rm -f input.nml_temp
+ touch input.nml_temp
+ cat
+ 1> input.nml_temp 0<< \EOF
 &schedule_nml
   calendar                  = 'Gregorian',  
   first_bin_start           = 2008, 6, 1, 15, 0, 0,
   first_bin_end             = 2008, 6, 1, 21, 0, 0,
   last_bin_end              = 2008, 6, 1, 21, 0, 0,
   bin_interval_days         = 0,
   bin_interval_seconds      = 21600,   
   max_num_bins              = 1000,
   print_table               = .false.,
/   
EOF
+ [[ -f input.nml ]]
+ cat input.nml_temp
+ 1>> input.nml
+ rm input.nml_temp
+ /glade/p/work/mizzi/TRUNK/DART_DEVEL_COM/models/wrf_chem/namelist_scripts/DART/dart_create_smoother_nml.ksh
+ rm -f input.nml_temp
+ touch input.nml_temp
+ cat
+ 1> input.nml_temp 0<< \EOF
 &smoother_nml
   num_lags                  = 0,
   start_from_restart        = .false.,
   output_restart            = .false.,
   restart_in_file_name      = 'smoother_ics',
   restart_out_file_name     = 'smoother_restart',
/
EOF
+ [[ -f input.nml ]]
+ cat input.nml_temp
+ 1>> input.nml
+ rm input.nml_temp
+ /glade/p/work/mizzi/TRUNK/DART_DEVEL_COM/models/wrf_chem/namelist_scripts/DART/dart_create_utilities_nml.ksh
+ rm -f input.nml_temp
+ touch input.nml_temp
+ cat
+ 1> input.nml_temp 0<< \EOF
 &utilities_nml
   TERMLEVEL                   = 1,
   module_details              = .false.,
   logfilename                 = 'dart_log.out',
   nmlfilename                 = 'dart_log.nml',
   write_nml                   = 'file',
/
EOF
+ [[ -f input.nml ]]
+ cat input.nml_temp
+ 1>> input.nml
+ rm input.nml_temp
+ /glade/p/work/mizzi/TRUNK/DART_DEVEL_COM/models/wrf_chem/namelist_scripts/DART/dart_create_wrf_obs_preproc_nml.ksh
+ rm -f input.nml_temp
+ touch input.nml_temp
+ cat
+ 1> input.nml_temp 0<< \EOF
 &wrf_obs_preproc_nml
   obs_boundary             = 0.0,
   increase_bdy_error       = .false.,
   maxobsfac                = 2.5,
   obsdistbdy               = 15.0,
   sfc_elevation_check      = .false.,
   sfc_elevation_tol        = 300.0,
   obs_pressure_top         = 0.0,
   obs_height_top           = 200000000000000.0,
   include_sig_data         = .true.,
   tc_sonde_radii           = -1.0,
   superob_aircraft         = .false.,
   aircraft_horiz_int       = 36.0,
   aircraft_pres_int        = 2500.0,
   superob_sat_winds        = .false.,
   sat_wind_horiz_int       = 100.0,
   sat_wind_pres_int        = 2500.0,
/ 
EOF
+ [[ -f input.nml ]]
+ cat input.nml_temp
+ 1>> input.nml
+ rm input.nml_temp
+ /glade/p/work/mizzi/TRUNK/DART_DEVEL_COM/models/wrf_chem/namelist_scripts/DART/dart_create_wrf_to_dart_nml.ksh
+ rm -f input.nml_temp
+ touch input.nml_temp
+ cat
+ 1> input.nml_temp 0<< \EOF
 &wrf_to_dart_nml
   dart_restart_name   = 'dart_wrf_vector',
   print_data_ranges   = .false.,
   debug               = .false.,
/ 
EOF
+ [[ -f input.nml ]]
+ cat input.nml_temp
+ 1>> input.nml
+ rm input.nml_temp
+ echo on
on
+ cd /glade/scratch/mizzi/DART_OBS_SEQ_TO_NETCDF/MOPITT
+ ./obs_seq_to_netcdf
 Starting program obs_seq_to_netcdf
 Initializing the utilities module.
 Trying to log to unit           10
 Trying to open file dart_log.out
 
 --------------------------------------
 Starting ... at YYYY MM DD HH MM SS = 
                 2013  3 12 10 12 36
 Program obs_seq_to_netcdf
 --------------------------------------
 
 set_nml_output Echo NML values to log file only
 Trying to open namelist log dart_log.nml
 ------------------------------------------------------
 
 
 -------------- ASSIMILATE_THESE_OBS_TYPES --------------
 -------------- EVALUATE_THESE_OBS_TYPES --------------
 ------------------------------------------------------
 
 Requesting            1  assimilation periods.
 location_mod: Including vertical separation when computing distances:
 location_mod:        # pascals ~ 1 horiz radian:      187500.00000
 location_mod:         # meters ~ 1 horiz radian:     5000000.00000
 location_mod:   # model levels ~ 1 horiz radian:        2666.70000
 location_mod:  # scale heights ~ 1 horiz radian:           5.00000
 obs_seq_to_netcdf 
  opening /glade/scratch/mizzi/DART_TEST_AVE/TEST_DIR/2008060118/dart_filter/obs
 _seq.final
 num_obs_in_epoch (           1 ) =         2711
 InitNetCDF  obs_epoch_001.nc is fortran unit        65536
 
 --------------------------------------
 Finished ... at YYYY MM DD HH MM SS = 
                 2013  3 12 10 12 36
 --------------------------------------
 
+ exit
