 
 --------------------------------------
 Starting ... at YYYY MM DD HH MM SS = 
                 2011 11 23 12 36 13
 Program preprocess
 --------------------------------------
 
 set_nml_output Echo NML values to log file only
 Path names of default obs_def and obs_kind modules
 ../../../obs_def/DEFAULT_obs_def_mod.F90
 ../../../obs_kind/DEFAULT_obs_kind_mod.F90
 Path names of output obs_def and obs_kind modules
 ../../../obs_def/obs_def_mod.f90
 ../../../obs_kind/obs_kind_mod.f90
 INPUT obs_def files follow:
 ../../../obs_def/obs_def_eval_mod.f90
 INPUT model files follow:
 
 --------------------------------------
 Finished ... at YYYY MM DD HH MM SS = 
                 2011 11 23 12 36 13
 Program preprocess
 --------------------------------------
 
 
 --------------------------------------
 Starting ... at YYYY MM DD HH MM SS = 
                 2011 11 23 12 40 10
 Program preprocess
 --------------------------------------
 
 set_nml_output Echo NML values to log file only
 Path names of default obs_def and obs_kind modules
 ../../../obs_def/DEFAULT_obs_def_mod.F90
 ../../../obs_kind/DEFAULT_obs_kind_mod.F90
 Path names of output obs_def and obs_kind modules
 ../../../obs_def/obs_def_mod.f90
 ../../../obs_kind/obs_kind_mod.f90
 INPUT obs_def files follow:
 ../../../obs_def/obs_def_eval_mod.f90
 INPUT model files follow:
 
 --------------------------------------
 Finished ... at YYYY MM DD HH MM SS = 
                 2011 11 23 12 40 10
 Program preprocess
 --------------------------------------
 
 
 --------------------------------------
 Starting ... at YYYY MM DD HH MM SS = 
                 2011 11 23 12 43  8
 Program preprocess
 --------------------------------------
 
 set_nml_output Echo NML values to log file only
 Path names of default obs_def and obs_kind modules
 ../../../obs_def/DEFAULT_obs_def_mod.F90
 ../../../obs_kind/DEFAULT_obs_kind_mod.F90
 Path names of output obs_def and obs_kind modules
 ../../../obs_def/obs_def_mod.f90
 ../../../obs_kind/obs_kind_mod.f90
 INPUT obs_def files follow:
 ../../../obs_def/obs_def_MODIS_AOD_mod.f90
 INPUT model files follow:
 
 --------------------------------------
 Finished ... at YYYY MM DD HH MM SS = 
                 2011 11 23 12 43  8
 Program preprocess
 --------------------------------------
 
 
 --------------------------------------
 Starting ... at YYYY MM DD HH MM SS = 
                 2011 11 23 18  9 56
 Program preprocess
 --------------------------------------
 
 set_nml_output Echo NML values to log file only
 Path names of default obs_def and obs_kind modules
 ../../../obs_def/DEFAULT_obs_def_mod.F90
 ../../../obs_kind/DEFAULT_obs_kind_mod.F90
 Path names of output obs_def and obs_kind modules
 ../../../obs_def/obs_def_mod.f90
 ../../../obs_kind/obs_kind_mod.f90
 INPUT obs_def files follow:
 ../../../obs_def/obs_def_MODIS_AOD_mod.f90
 INPUT model files follow:
 
 --------------------------------------
 Finished ... at YYYY MM DD HH MM SS = 
                 2011 11 23 18  9 56
 Program preprocess
 --------------------------------------
 
 
 --------------------------------------
 Starting ... at YYYY MM DD HH MM SS = 
                 2011 11 23 18 12 40
 Program preprocess
 --------------------------------------
 
 set_nml_output Echo NML values to log file only
 Path names of default obs_def and obs_kind modules
 ../../../obs_def/DEFAULT_obs_def_mod.F90
 ../../../obs_kind/DEFAULT_obs_kind_mod.F90
 Path names of output obs_def and obs_kind modules
 ../../../obs_def/obs_def_mod.f90
 ../../../obs_kind/obs_kind_mod.f90
 INPUT obs_def files follow:
 ../../../obs_def/obs_def_MODIS_AOD_mod.f90
 INPUT model files follow:
 
 --------------------------------------
 Finished ... at YYYY MM DD HH MM SS = 
                 2011 11 23 18 12 40
 Program preprocess
 --------------------------------------
 
 
 --------------------------------------
 Starting ... at YYYY MM DD HH MM SS = 
                 2011 11 23 18 16 41
 Program preprocess
 --------------------------------------
 
 set_nml_output Echo NML values to log file only
 Path names of default obs_def and obs_kind modules
 ../../../obs_def/DEFAULT_obs_def_mod.F90
 ../../../obs_kind/DEFAULT_obs_kind_mod.F90
 Path names of output obs_def and obs_kind modules
 ../../../obs_def/obs_def_mod.f90
 ../../../obs_kind/obs_kind_mod.f90
 INPUT obs_def files follow:
 ../../../obs_def/obs_def_MODIS_AOD_mod.f90
 INPUT model files follow:
 
 --------------------------------------
 Finished ... at YYYY MM DD HH MM SS = 
                 2011 11 23 18 16 41
 Program preprocess
 --------------------------------------
 
 
 --------------------------------------
 Starting ... at YYYY MM DD HH MM SS = 
                 2011 11 23 18 20 31
 Program preprocess
 --------------------------------------
 
 set_nml_output Echo NML values to log file only
 Path names of default obs_def and obs_kind modules
 ../../../obs_def/DEFAULT_obs_def_mod.F90
 ../../../obs_kind/DEFAULT_obs_kind_mod.F90
 Path names of output obs_def and obs_kind modules
 ../../../obs_def/obs_def_mod.f90
 ../../../obs_kind/obs_kind_mod.f90
 INPUT obs_def files follow:
 ../../../obs_def/obs_def_MODIS_AOD_mod.f90
 INPUT model files follow:
 
 --------------------------------------
 Finished ... at YYYY MM DD HH MM SS = 
                 2011 11 23 18 20 31
 Program preprocess
 --------------------------------------
 
 
 --------------------------------------
 Starting ... at YYYY MM DD HH MM SS = 
                 2011 11 29 15 20 25
 Program preprocess
 --------------------------------------
 
 set_nml_output Echo NML values to log file only
 Path names of default obs_def and obs_kind modules
 ../../../obs_def/DEFAULT_obs_def_mod.F90
 ../../../obs_kind/DEFAULT_obs_kind_mod.F90
 Path names of output obs_def and obs_kind modules
 ../../../obs_def/obs_def_mod.f90
 ../../../obs_kind/obs_kind_mod.f90
 INPUT obs_def files follow:
 ../../../obs_def/obs_def_MODIS_AOD_mod.f90
 INPUT model files follow:
 
 --------------------------------------
 Finished ... at YYYY MM DD HH MM SS = 
                 2011 11 29 15 20 25
 Program preprocess
 --------------------------------------
 
 
 --------------------------------------
 Starting ... at YYYY MM DD HH MM SS = 
                 2011 11 29 15 24 34
 Program preprocess
 --------------------------------------
 
 set_nml_output Echo NML values to log file only
 Path names of default obs_def and obs_kind modules
 ../../../obs_def/DEFAULT_obs_def_mod.F90
 ../../../obs_kind/DEFAULT_obs_kind_mod.F90
 Path names of output obs_def and obs_kind modules
 ../../../obs_def/obs_def_mod.f90
 ../../../obs_kind/obs_kind_mod.f90
 INPUT obs_def files follow:
 ../../../obs_def/obs_def_MODIS_AOD_mod.f90
 INPUT model files follow:
 
 --------------------------------------
 Finished ... at YYYY MM DD HH MM SS = 
                 2011 11 29 15 24 34
 Program preprocess
 --------------------------------------
 
 
 --------------------------------------
 Starting ... at YYYY MM DD HH MM SS = 
                 2011 11 30 17 52 45
 Program preprocess
 --------------------------------------
 
 set_nml_output Echo NML values to log file only
 Path names of default obs_def and obs_kind modules
 ../../../obs_def/DEFAULT_obs_def_mod.F90
 ../../../obs_kind/DEFAULT_obs_kind_mod.F90
 Path names of output obs_def and obs_kind modules
 ../../../obs_def/obs_def_mod.f90
 ../../../obs_kind/obs_kind_mod.f90
 INPUT obs_def files follow:
 ../../../obs_def/obs_def_MODIS_AOD_mod.f90
 INPUT model files follow:
 
 --------------------------------------
 Finished ... at YYYY MM DD HH MM SS = 
                 2011 11 30 17 52 45
 Program preprocess
 --------------------------------------
 
 
 --------------------------------------
 Starting ... at YYYY MM DD HH MM SS = 
                 2011 11 30 20 33 34
 Program preprocess
 --------------------------------------
 
 set_nml_output Echo NML values to log file only
 Path names of default obs_def and obs_kind modules
 ../../../obs_def/DEFAULT_obs_def_mod.F90
 ../../../obs_kind/DEFAULT_obs_kind_mod.F90
 Path names of output obs_def and obs_kind modules
 ../../../obs_def/obs_def_mod.f90
 ../../../obs_kind/obs_kind_mod.f90
 INPUT obs_def files follow:
 ../../../obs_def/obs_def_MODIS_AOD_mod.f90
 INPUT model files follow:
 
 --------------------------------------
 Finished ... at YYYY MM DD HH MM SS = 
                 2011 11 30 20 33 34
 Program preprocess
 --------------------------------------
 
 
 --------------------------------------
 Starting ... at YYYY MM DD HH MM SS = 
                 2011 12 21 19  0 19
 Program preprocess
 --------------------------------------
 
 set_nml_output Echo NML values to log file only
 Path names of default obs_def and obs_kind modules
 ../../../obs_def/DEFAULT_obs_def_mod.F90
 ../../../obs_kind/DEFAULT_obs_kind_mod.F90
 Path names of output obs_def and obs_kind modules
 ../../../obs_def/obs_def_mod.f90
 ../../../obs_kind/obs_kind_mod.f90
 INPUT obs_def files follow:
 ../../../obs_def/obs_def_MODIS_AOD_mod.f90
 INPUT model files follow:
 
 --------------------------------------
 Finished ... at YYYY MM DD HH MM SS = 
                 2011 12 21 19  0 19
 Program preprocess
 --------------------------------------
 
 
 --------------------------------------
 Starting ... at YYYY MM DD HH MM SS = 
                 2011 12 21 22 37 40
 Program preprocess
 --------------------------------------
 
 set_nml_output Echo NML values to log file only
 Path names of default obs_def and obs_kind modules
 ../../../obs_def/DEFAULT_obs_def_mod.F90
 ../../../obs_kind/DEFAULT_obs_kind_mod.F90
 Path names of output obs_def and obs_kind modules
 ../../../obs_def/obs_def_mod.f90
 ../../../obs_kind/obs_kind_mod.f90
 INPUT obs_def files follow:
 ../../../obs_def/obs_def_MODIS_AOD_mod.f90
 INPUT model files follow:
 
 --------------------------------------
 Finished ... at YYYY MM DD HH MM SS = 
                 2011 12 21 22 37 40
 Program preprocess
 --------------------------------------
 
 
 --------------------------------------
 Starting ... at YYYY MM DD HH MM SS = 
                 2011 12 21 22 43  7
 Program preprocess
 --------------------------------------
 
 set_nml_output Echo NML values to log file only
 Path names of default obs_def and obs_kind modules
 ../../../obs_def/DEFAULT_obs_def_mod.F90
 ../../../obs_kind/DEFAULT_obs_kind_mod.F90
 Path names of output obs_def and obs_kind modules
 ../../../obs_def/obs_def_mod.f90
 ../../../obs_kind/obs_kind_mod.f90
 INPUT obs_def files follow:
 ../../../obs_def/obs_def_MODIS_AOD_mod.f90
 INPUT model files follow:
 
 --------------------------------------
 Finished ... at YYYY MM DD HH MM SS = 
                 2011 12 21 22 43  7
 Program preprocess
 --------------------------------------
 
